2018-01-05 14:26:05,452 [main] INFO  org.mule.module.launcher.application.DefaultMuleApplication - 
++++++++++++++++++++++++++++++++++++++++++++++++++++++++++++
+ Initializing app 'additionsoap'                          +
++++++++++++++++++++++++++++++++++++++++++++++++++++++++++++
2018-01-05 14:26:05,724 [main] INFO  org.mule.lifecycle.AbstractLifecycleManager - Initialising RegistryBroker
2018-01-05 14:26:05,896 [main] INFO  org.mule.module.extension.internal.manager.DefaultExtensionManager - Starting discovery of extensions
2018-01-05 14:26:06,092 [main] INFO  org.mule.module.extension.internal.manager.DefaultExtensionManager - Discovered 1 extensions
2018-01-05 14:26:06,092 [main] INFO  org.mule.module.extension.internal.manager.DefaultExtensionManager - Registering extension validation (version 3.8)
2018-01-05 14:26:06,179 [main] INFO  org.mule.config.spring.MuleArtifactContext - Refreshing org.mule.config.spring.MuleArtifactContext@3d6300e8: startup date [Fri Jan 05 14:26:06 IST 2018]; root of context hierarchy
2018-01-05 14:26:08,108 [main] INFO  org.mule.config.spring.processors.NoDevkitInjectorProcessor - JSR-330 'javax.inject.Inject' annotation found and supported for autowiring
2018-01-05 14:26:09,850 [main] WARN  org.mule.module.ognl.expression.OgnlExpressionEvaluator - OGNL module is deprecated and will be removed in Mule 4.0. Use MEL expressions instead.
2018-01-05 14:26:10,952 [main] INFO  org.mule.util.journal.TransactionJournal - Using files for tx logs C:\Users\M1043231\AnypointStudio\workspace\.mule\.\.mule\additionsoap\queue-tx-log\tx1.log and C:\Users\M1043231\AnypointStudio\workspace\.mule\.\.mule\additionsoap\queue-tx-log\tx2.log
2018-01-05 14:26:11,004 [main] INFO  org.mule.util.journal.TransactionJournal - Using files for tx logs C:\Users\M1043231\AnypointStudio\workspace\.mule\.\.mule\additionsoap\queue-xa-tx-log\tx1.log and C:\Users\M1043231\AnypointStudio\workspace\.mule\.\.mule\additionsoap\queue-xa-tx-log\tx2.log
2018-01-05 14:26:11,179 [main] INFO  org.mule.lifecycle.AbstractLifecycleManager - Initialising model: _muleSystemModel
2018-01-05 14:26:11,179 [main] INFO  org.mule.construct.FlowConstructLifecycleManager - Initialising flow: additionsoapFlow
2018-01-05 14:26:11,179 [main] INFO  org.mule.exception.DefaultMessagingExceptionStrategy - Initialising exception listener: org.mule.exception.DefaultMessagingExceptionStrategy@1039bfc4
2018-01-05 14:26:11,249 [main] INFO  org.mule.processor.SedaStageLifecycleManager - Initialising service: additionsoapFlow.stage1
2018-01-05 14:26:11,330 [main] INFO  org.mule.module.cxf.config.WebServiceFactoryBean - Built CXF Inbound MessageProcessor for service class com.main.soapinterface
2018-01-05 14:26:12,576 [main] INFO  org.mule.component.ComponentLifecycleManager - Initialising component: component.1859142611
2018-01-05 14:26:12,967 [main] INFO  org.mule.config.spring.SpringXmlConfigurationBuilder - Configured Mule using "org.mule.config.spring.SpringXmlConfigurationBuilder" with configuration resource(s): "[ConfigResource{resourceName='C:\Users\M1043231\AnypointStudio\workspace\.mule\apps\additionsoap\additionsoap.xml'}]"
2018-01-05 14:26:12,967 [main] INFO  org.mule.config.builders.AutoConfigurationBuilder - Configured Mule using "org.mule.config.builders.AutoConfigurationBuilder" with configuration resource(s): "[ConfigResource{resourceName='C:\Users\M1043231\AnypointStudio\workspace\.mule\apps\additionsoap\additionsoap.xml'}]"
2018-01-05 14:26:15,998 [main] INFO  org.mule.module.launcher.application.DefaultMuleApplication - 
++++++++++++++++++++++++++++++++++++++++++++++++++++++++++++
+ Starting app 'additionsoap'                              +
++++++++++++++++++++++++++++++++++++++++++++++++++++++++++++
2018-01-05 14:26:16,008 [main] INFO  org.mule.util.queue.QueueXaResourceManager - Starting ResourceManager
2018-01-05 14:26:16,008 [main] INFO  org.mule.util.queue.QueueXaResourceManager - Started ResourceManager
2018-01-05 14:26:16,086 [main] INFO  org.mule.module.http.internal.listener.DefaultHttpListenerConfig - Listening for requests on http://localhost:8081
2018-01-05 14:26:16,086 [main] INFO  org.mule.modules.oauth2.provider.agents.DefaultSplashScreenAgent - 
++++++++++++++++++++++++++++++++++++++++++++++++++++++++++++++++++++++++++++++++
+ DevKit Extensions (0) used in this application 
                             +
++++++++++++++++++++++++++++++++++++++++++++++++++++++++++++++++++++++++++++++++
2018-01-05 14:26:16,086 [main] INFO  org.mule.lifecycle.AbstractLifecycleManager - Starting model: _muleSystemModel
2018-01-05 14:26:16,086 [main] INFO  org.mule.construct.FlowConstructLifecycleManager - Starting flow: additionsoapFlow
2018-01-05 14:26:16,086 [main] INFO  org.mule.processor.SedaStageLifecycleManager - Starting service: additionsoapFlow.stage1
2018-01-05 14:26:16,101 [main] INFO  org.mule.component.ComponentLifecycleManager - Starting component: component.1859142611
2018-01-05 14:26:16,147 [main] INFO  org.mule.module.management.agent.WrapperManagerAgent - This JVM hasn't been launched by the wrapper, the agent will not run.
2018-01-05 14:26:16,194 [main] INFO  org.mule.DefaultMuleContext - 
**********************************************************************
* Application: additionsoap                                          *
* OS encoding: \, Mule encoding: UTF-8                               *
*                                                                    *
* Agents Running:                                                    *
*   DevKit Extension Information                                     *
*   JMX Agent                                                        *
*   Batch module default engine                                      *
*   Wrapper Manager                                                  *
**********************************************************************
2018-01-05 14:34:08,475 [main] INFO  org.mule.module.launcher.application.DefaultMuleApplication - 
++++++++++++++++++++++++++++++++++++++++++++++++++++++++++++
+ Initializing app 'additionsoap'                          +
++++++++++++++++++++++++++++++++++++++++++++++++++++++++++++
2018-01-05 14:34:08,742 [main] INFO  org.mule.lifecycle.AbstractLifecycleManager - Initialising RegistryBroker
2018-01-05 14:34:08,897 [main] INFO  org.mule.module.extension.internal.manager.DefaultExtensionManager - Starting discovery of extensions
2018-01-05 14:34:09,144 [main] INFO  org.mule.module.extension.internal.manager.DefaultExtensionManager - Discovered 1 extensions
2018-01-05 14:34:09,144 [main] INFO  org.mule.module.extension.internal.manager.DefaultExtensionManager - Registering extension validation (version 3.8)
2018-01-05 14:34:09,290 [main] INFO  org.mule.config.spring.MuleArtifactContext - Refreshing org.mule.config.spring.MuleArtifactContext@3d6300e8: startup date [Fri Jan 05 14:34:09 IST 2018]; root of context hierarchy
2018-01-05 14:34:11,413 [main] INFO  org.mule.config.spring.processors.NoDevkitInjectorProcessor - JSR-330 'javax.inject.Inject' annotation found and supported for autowiring
2018-01-05 14:34:12,827 [main] WARN  org.mule.module.ognl.expression.OgnlExpressionEvaluator - OGNL module is deprecated and will be removed in Mule 4.0. Use MEL expressions instead.
2018-01-05 14:34:14,141 [main] INFO  org.mule.util.journal.TransactionJournal - Using files for tx logs C:\Users\M1043231\AnypointStudio\workspace\.mule\.\.mule\additionsoap\queue-tx-log\tx1.log and C:\Users\M1043231\AnypointStudio\workspace\.mule\.\.mule\additionsoap\queue-tx-log\tx2.log
2018-01-05 14:34:14,163 [main] INFO  org.mule.util.journal.TransactionJournal - Using files for tx logs C:\Users\M1043231\AnypointStudio\workspace\.mule\.\.mule\additionsoap\queue-xa-tx-log\tx1.log and C:\Users\M1043231\AnypointStudio\workspace\.mule\.\.mule\additionsoap\queue-xa-tx-log\tx2.log
2018-01-05 14:34:14,320 [main] INFO  org.mule.lifecycle.AbstractLifecycleManager - Initialising model: _muleSystemModel
2018-01-05 14:34:14,336 [main] INFO  org.mule.construct.FlowConstructLifecycleManager - Initialising flow: additionsoapFlow
2018-01-05 14:34:14,336 [main] INFO  org.mule.exception.DefaultMessagingExceptionStrategy - Initialising exception listener: org.mule.exception.DefaultMessagingExceptionStrategy@6436e181
2018-01-05 14:34:14,397 [main] INFO  org.mule.processor.SedaStageLifecycleManager - Initialising service: additionsoapFlow.stage1
2018-01-05 14:34:14,491 [main] INFO  org.mule.module.cxf.config.WebServiceFactoryBean - Built CXF Inbound MessageProcessor for service class com.main.soapinterface
2018-01-05 14:34:15,428 [main] INFO  org.mule.component.ComponentLifecycleManager - Initialising component: component.1859142611
2018-01-05 14:34:15,836 [main] INFO  org.mule.config.spring.SpringXmlConfigurationBuilder - Configured Mule using "org.mule.config.spring.SpringXmlConfigurationBuilder" with configuration resource(s): "[ConfigResource{resourceName='C:\Users\M1043231\AnypointStudio\workspace\.mule\apps\additionsoap\additionsoap.xml'}]"
2018-01-05 14:34:15,836 [main] INFO  org.mule.config.builders.AutoConfigurationBuilder - Configured Mule using "org.mule.config.builders.AutoConfigurationBuilder" with configuration resource(s): "[ConfigResource{resourceName='C:\Users\M1043231\AnypointStudio\workspace\.mule\apps\additionsoap\additionsoap.xml'}]"
2018-01-05 14:34:18,868 [main] INFO  org.mule.module.launcher.application.DefaultMuleApplication - 
++++++++++++++++++++++++++++++++++++++++++++++++++++++++++++
+ Starting app 'additionsoap'                              +
++++++++++++++++++++++++++++++++++++++++++++++++++++++++++++
2018-01-05 14:34:18,875 [main] INFO  org.mule.util.queue.QueueXaResourceManager - Starting ResourceManager
2018-01-05 14:34:18,875 [main] INFO  org.mule.util.queue.QueueXaResourceManager - Started ResourceManager
2018-01-05 14:34:18,945 [main] INFO  org.mule.module.http.internal.listener.DefaultHttpListenerConfig - Listening for requests on http://localhost:8081
2018-01-05 14:34:18,960 [main] INFO  org.mule.modules.oauth2.provider.agents.DefaultSplashScreenAgent - 
++++++++++++++++++++++++++++++++++++++++++++++++++++++++++++++++++++++++++++++++
+ DevKit Extensions (0) used in this application 
                             +
++++++++++++++++++++++++++++++++++++++++++++++++++++++++++++++++++++++++++++++++
2018-01-05 14:34:18,960 [main] INFO  org.mule.lifecycle.AbstractLifecycleManager - Starting model: _muleSystemModel
2018-01-05 14:34:18,960 [main] INFO  org.mule.construct.FlowConstructLifecycleManager - Starting flow: additionsoapFlow
2018-01-05 14:34:18,960 [main] INFO  org.mule.processor.SedaStageLifecycleManager - Starting service: additionsoapFlow.stage1
2018-01-05 14:34:18,960 [main] INFO  org.mule.component.ComponentLifecycleManager - Starting component: component.1859142611
2018-01-05 14:34:19,007 [main] INFO  org.mule.module.management.agent.WrapperManagerAgent - This JVM hasn't been launched by the wrapper, the agent will not run.
2018-01-05 14:34:19,038 [main] INFO  org.mule.DefaultMuleContext - 
**********************************************************************
* Application: additionsoap                                          *
* OS encoding: \, Mule encoding: UTF-8                               *
*                                                                    *
* Agents Running:                                                    *
*   DevKit Extension Information                                     *
*   JMX Agent                                                        *
*   Batch module default engine                                      *
*   Wrapper Manager                                                  *
**********************************************************************
