2018-01-05 14:04:48,475 [main] INFO  org.mule.module.launcher.application.DefaultMuleApplication - 
++++++++++++++++++++++++++++++++++++++++++++++++++++++++++++
+ Initializing app 'additionconsume'                       +
++++++++++++++++++++++++++++++++++++++++++++++++++++++++++++
2018-01-05 14:04:48,820 [main] INFO  org.mule.lifecycle.AbstractLifecycleManager - Initialising RegistryBroker
2018-01-05 14:04:49,036 [main] INFO  org.mule.module.extension.internal.manager.DefaultExtensionManager - Starting discovery of extensions
2018-01-05 14:04:49,289 [main] INFO  org.mule.module.extension.internal.manager.DefaultExtensionManager - Discovered 1 extensions
2018-01-05 14:04:49,289 [main] INFO  org.mule.module.extension.internal.manager.DefaultExtensionManager - Registering extension validation (version 3.8)
2018-01-05 14:04:49,430 [main] INFO  org.mule.config.spring.MuleArtifactContext - Refreshing org.mule.config.spring.MuleArtifactContext@3d6300e8: startup date [Fri Jan 05 14:04:49 IST 2018]; root of context hierarchy
2018-01-05 14:04:52,545 [main] INFO  org.mule.config.spring.processors.NoDevkitInjectorProcessor - JSR-330 'javax.inject.Inject' annotation found and supported for autowiring
2018-01-05 14:04:53,655 [main] WARN  org.mule.module.ognl.expression.OgnlExpressionEvaluator - OGNL module is deprecated and will be removed in Mule 4.0. Use MEL expressions instead.
2018-01-05 14:04:54,655 [main] INFO  org.mule.util.journal.TransactionJournal - Using files for tx logs C:\Users\M1043231\AnypointStudio\workspace\.mule\.\.mule\additionconsume\queue-tx-log\tx1.log and C:\Users\M1043231\AnypointStudio\workspace\.mule\.\.mule\additionconsume\queue-tx-log\tx2.log
2018-01-05 14:04:54,686 [main] INFO  org.mule.util.journal.TransactionJournal - Using files for tx logs C:\Users\M1043231\AnypointStudio\workspace\.mule\.\.mule\additionconsume\queue-xa-tx-log\tx1.log and C:\Users\M1043231\AnypointStudio\workspace\.mule\.\.mule\additionconsume\queue-xa-tx-log\tx2.log
2018-01-05 14:04:54,836 [main] INFO  org.mule.lifecycle.AbstractLifecycleManager - Initialising model: _muleSystemModel
2018-01-05 14:04:54,836 [main] INFO  org.mule.construct.FlowConstructLifecycleManager - Initialising flow: additionconsumeFlow
2018-01-05 14:04:54,836 [main] INFO  org.mule.exception.DefaultMessagingExceptionStrategy - Initialising exception listener: org.mule.exception.DefaultMessagingExceptionStrategy@2b916808
2018-01-05 14:04:54,882 [main] INFO  org.mule.processor.SedaStageLifecycleManager - Initialising service: additionconsumeFlow.stage1
2018-01-05 14:04:55,006 [main] WARN  org.mule.util.xmlsecurity.DefaultXMLSecureFactories - Can't configure XML entity expansion for TransformerFactory (org.apache.xalan.processor.TransformerFactoryImpl), this could introduce XXE and BL vulnerabilities
2018-01-05 14:04:57,023 [main] INFO  org.mule.config.spring.SpringXmlConfigurationBuilder - Configured Mule using "org.mule.config.spring.SpringXmlConfigurationBuilder" with configuration resource(s): "[ConfigResource{resourceName='C:\Users\M1043231\AnypointStudio\workspace\.mule\apps\additionconsume\additionconsume.xml'}]"
2018-01-05 14:04:57,023 [main] INFO  org.mule.config.builders.AutoConfigurationBuilder - Configured Mule using "org.mule.config.builders.AutoConfigurationBuilder" with configuration resource(s): "[ConfigResource{resourceName='C:\Users\M1043231\AnypointStudio\workspace\.mule\apps\additionconsume\additionconsume.xml'}]"
2018-01-05 14:05:00,052 [main] INFO  org.mule.module.launcher.application.DefaultMuleApplication - 
++++++++++++++++++++++++++++++++++++++++++++++++++++++++++++
+ Starting app 'additionconsume'                           +
++++++++++++++++++++++++++++++++++++++++++++++++++++++++++++
2018-01-05 14:05:00,059 [main] INFO  org.mule.util.queue.QueueXaResourceManager - Starting ResourceManager
2018-01-05 14:05:00,059 [main] INFO  org.mule.util.queue.QueueXaResourceManager - Started ResourceManager
2018-01-05 14:05:00,148 [main] INFO  org.mule.module.http.internal.listener.DefaultHttpListenerConfig - Listening for requests on http://localhost:8081
2018-01-05 14:05:00,151 [main] INFO  org.mule.modules.oauth2.provider.agents.DefaultSplashScreenAgent - 
++++++++++++++++++++++++++++++++++++++++++++++++++++++++++++++++++++++++++++++++
+ DevKit Extensions (0) used in this application 
                             +
++++++++++++++++++++++++++++++++++++++++++++++++++++++++++++++++++++++++++++++++
2018-01-05 14:05:00,155 [main] INFO  org.mule.lifecycle.AbstractLifecycleManager - Starting model: _muleSystemModel
2018-01-05 14:05:00,156 [main] INFO  org.mule.construct.FlowConstructLifecycleManager - Starting flow: additionconsumeFlow
2018-01-05 14:05:00,156 [main] INFO  org.mule.processor.SedaStageLifecycleManager - Starting service: additionconsumeFlow.stage1
2018-01-05 14:05:00,224 [main] INFO  org.mule.module.management.agent.WrapperManagerAgent - This JVM hasn't been launched by the wrapper, the agent will not run.
2018-01-05 14:05:00,255 [main] INFO  org.mule.DefaultMuleContext - 
**********************************************************************
* Application: additionconsume                                       *
* OS encoding: \, Mule encoding: UTF-8                               *
*                                                                    *
* Agents Running:                                                    *
*   DevKit Extension Information                                     *
*   JMX Agent                                                        *
*   Batch module default engine                                      *
*   Wrapper Manager                                                  *
**********************************************************************
2018-01-05 14:05:40,823 [main] INFO  org.mule.module.launcher.application.DefaultMuleApplication - 
++++++++++++++++++++++++++++++++++++++++++++++++++++++++++++
+ Initializing app 'additionconsume'                       +
++++++++++++++++++++++++++++++++++++++++++++++++++++++++++++
2018-01-05 14:05:41,101 [main] INFO  org.mule.lifecycle.AbstractLifecycleManager - Initialising RegistryBroker
2018-01-05 14:05:41,258 [main] INFO  org.mule.module.extension.internal.manager.DefaultExtensionManager - Starting discovery of extensions
2018-01-05 14:05:41,460 [main] INFO  org.mule.module.extension.internal.manager.DefaultExtensionManager - Discovered 1 extensions
2018-01-05 14:05:41,465 [main] INFO  org.mule.module.extension.internal.manager.DefaultExtensionManager - Registering extension validation (version 3.8)
2018-01-05 14:05:41,575 [main] INFO  org.mule.config.spring.MuleArtifactContext - Refreshing org.mule.config.spring.MuleArtifactContext@24a1c17f: startup date [Fri Jan 05 14:05:41 IST 2018]; root of context hierarchy
2018-01-05 14:05:43,617 [main] INFO  org.mule.config.spring.processors.NoDevkitInjectorProcessor - JSR-330 'javax.inject.Inject' annotation found and supported for autowiring
2018-01-05 14:05:44,657 [main] WARN  org.mule.module.ognl.expression.OgnlExpressionEvaluator - OGNL module is deprecated and will be removed in Mule 4.0. Use MEL expressions instead.
2018-01-05 14:05:45,632 [main] INFO  org.mule.util.journal.TransactionJournal - Using files for tx logs C:\Users\M1043231\AnypointStudio\workspace\.mule\.\.mule\additionconsume\queue-tx-log\tx1.log and C:\Users\M1043231\AnypointStudio\workspace\.mule\.\.mule\additionconsume\queue-tx-log\tx2.log
2018-01-05 14:05:45,671 [main] INFO  org.mule.util.journal.TransactionJournal - Using files for tx logs C:\Users\M1043231\AnypointStudio\workspace\.mule\.\.mule\additionconsume\queue-xa-tx-log\tx1.log and C:\Users\M1043231\AnypointStudio\workspace\.mule\.\.mule\additionconsume\queue-xa-tx-log\tx2.log
2018-01-05 14:05:45,792 [main] INFO  org.mule.lifecycle.AbstractLifecycleManager - Initialising model: _muleSystemModel
2018-01-05 14:05:45,792 [main] INFO  org.mule.construct.FlowConstructLifecycleManager - Initialising flow: additionconsumeFlow
2018-01-05 14:05:45,792 [main] INFO  org.mule.exception.DefaultMessagingExceptionStrategy - Initialising exception listener: org.mule.exception.DefaultMessagingExceptionStrategy@55fdf7f9
2018-01-05 14:05:45,839 [main] INFO  org.mule.processor.SedaStageLifecycleManager - Initialising service: additionconsumeFlow.stage1
2018-01-05 14:05:45,961 [main] WARN  org.mule.util.xmlsecurity.DefaultXMLSecureFactories - Can't configure XML entity expansion for TransformerFactory (org.apache.xalan.processor.TransformerFactoryImpl), this could introduce XXE and BL vulnerabilities
2018-01-05 14:05:48,054 [main] INFO  org.mule.config.spring.SpringXmlConfigurationBuilder - Configured Mule using "org.mule.config.spring.SpringXmlConfigurationBuilder" with configuration resource(s): "[ConfigResource{resourceName='C:\Users\M1043231\AnypointStudio\workspace\.mule\apps\additionconsume\additionconsume.xml'}]"
2018-01-05 14:05:48,054 [main] INFO  org.mule.config.builders.AutoConfigurationBuilder - Configured Mule using "org.mule.config.builders.AutoConfigurationBuilder" with configuration resource(s): "[ConfigResource{resourceName='C:\Users\M1043231\AnypointStudio\workspace\.mule\apps\additionconsume\additionconsume.xml'}]"
2018-01-05 14:05:51,101 [main] INFO  org.mule.module.launcher.application.DefaultMuleApplication - 
++++++++++++++++++++++++++++++++++++++++++++++++++++++++++++
+ Starting app 'additionconsume'                           +
++++++++++++++++++++++++++++++++++++++++++++++++++++++++++++
2018-01-05 14:05:51,108 [main] INFO  org.mule.util.queue.QueueXaResourceManager - Starting ResourceManager
2018-01-05 14:05:51,108 [main] INFO  org.mule.util.queue.QueueXaResourceManager - Started ResourceManager
2018-01-05 14:05:51,172 [main] INFO  org.mule.module.http.internal.listener.DefaultHttpListenerConfig - Listening for requests on http://localhost:8081
2018-01-05 14:05:51,187 [main] INFO  org.mule.modules.oauth2.provider.agents.DefaultSplashScreenAgent - 
++++++++++++++++++++++++++++++++++++++++++++++++++++++++++++++++++++++++++++++++
+ DevKit Extensions (0) used in this application 
                             +
++++++++++++++++++++++++++++++++++++++++++++++++++++++++++++++++++++++++++++++++
2018-01-05 14:05:51,187 [main] INFO  org.mule.lifecycle.AbstractLifecycleManager - Starting model: _muleSystemModel
2018-01-05 14:05:51,187 [main] INFO  org.mule.construct.FlowConstructLifecycleManager - Starting flow: additionconsumeFlow
2018-01-05 14:05:51,187 [main] INFO  org.mule.processor.SedaStageLifecycleManager - Starting service: additionconsumeFlow.stage1
2018-01-05 14:05:51,246 [main] INFO  org.mule.module.management.agent.WrapperManagerAgent - This JVM hasn't been launched by the wrapper, the agent will not run.
2018-01-05 14:05:51,259 [main] INFO  org.mule.DefaultMuleContext - 
**********************************************************************
* Application: additionconsume                                       *
* OS encoding: \, Mule encoding: UTF-8                               *
*                                                                    *
* Agents Running:                                                    *
*   DevKit Extension Information                                     *
*   JMX Agent                                                        *
*   Batch module default engine                                      *
*   Wrapper Manager                                                  *
**********************************************************************
2018-01-05 14:06:45,262 [main] INFO  org.mule.module.launcher.application.DefaultMuleApplication - 
++++++++++++++++++++++++++++++++++++++++++++++++++++++++++++
+ Initializing app 'additionconsume'                       +
++++++++++++++++++++++++++++++++++++++++++++++++++++++++++++
2018-01-05 14:06:45,512 [main] INFO  org.mule.lifecycle.AbstractLifecycleManager - Initialising RegistryBroker
2018-01-05 14:06:45,704 [main] INFO  org.mule.module.extension.internal.manager.DefaultExtensionManager - Starting discovery of extensions
2018-01-05 14:06:45,911 [main] INFO  org.mule.module.extension.internal.manager.DefaultExtensionManager - Discovered 1 extensions
2018-01-05 14:06:45,967 [main] INFO  org.mule.module.extension.internal.manager.DefaultExtensionManager - Registering extension validation (version 3.8)
2018-01-05 14:06:46,114 [main] INFO  org.mule.config.spring.MuleArtifactContext - Refreshing org.mule.config.spring.MuleArtifactContext@3d6300e8: startup date [Fri Jan 05 14:06:46 IST 2018]; root of context hierarchy
2018-01-05 14:06:48,277 [main] INFO  org.mule.config.spring.processors.NoDevkitInjectorProcessor - JSR-330 'javax.inject.Inject' annotation found and supported for autowiring
2018-01-05 14:06:49,512 [main] WARN  org.mule.module.ognl.expression.OgnlExpressionEvaluator - OGNL module is deprecated and will be removed in Mule 4.0. Use MEL expressions instead.
2018-01-05 14:06:50,477 [main] INFO  org.mule.util.journal.TransactionJournal - Using files for tx logs C:\Users\M1043231\AnypointStudio\workspace\.mule\.\.mule\additionconsume\queue-tx-log\tx1.log and C:\Users\M1043231\AnypointStudio\workspace\.mule\.\.mule\additionconsume\queue-tx-log\tx2.log
2018-01-05 14:06:50,492 [main] INFO  org.mule.util.journal.TransactionJournal - Using files for tx logs C:\Users\M1043231\AnypointStudio\workspace\.mule\.\.mule\additionconsume\queue-xa-tx-log\tx1.log and C:\Users\M1043231\AnypointStudio\workspace\.mule\.\.mule\additionconsume\queue-xa-tx-log\tx2.log
2018-01-05 14:06:50,633 [main] INFO  org.mule.lifecycle.AbstractLifecycleManager - Initialising model: _muleSystemModel
2018-01-05 14:06:50,649 [main] INFO  org.mule.construct.FlowConstructLifecycleManager - Initialising flow: additionconsumeFlow
2018-01-05 14:06:50,649 [main] INFO  org.mule.exception.DefaultMessagingExceptionStrategy - Initialising exception listener: org.mule.exception.DefaultMessagingExceptionStrategy@7a3269f5
2018-01-05 14:06:50,674 [main] INFO  org.mule.processor.SedaStageLifecycleManager - Initialising service: additionconsumeFlow.stage1
2018-01-05 14:06:50,863 [main] WARN  org.mule.util.xmlsecurity.DefaultXMLSecureFactories - Can't configure XML entity expansion for TransformerFactory (org.apache.xalan.processor.TransformerFactoryImpl), this could introduce XXE and BL vulnerabilities
2018-01-05 14:06:53,040 [main] INFO  org.mule.config.spring.SpringXmlConfigurationBuilder - Configured Mule using "org.mule.config.spring.SpringXmlConfigurationBuilder" with configuration resource(s): "[ConfigResource{resourceName='C:\Users\M1043231\AnypointStudio\workspace\.mule\apps\additionconsume\additionconsume.xml'}]"
2018-01-05 14:06:53,040 [main] INFO  org.mule.config.builders.AutoConfigurationBuilder - Configured Mule using "org.mule.config.builders.AutoConfigurationBuilder" with configuration resource(s): "[ConfigResource{resourceName='C:\Users\M1043231\AnypointStudio\workspace\.mule\apps\additionconsume\additionconsume.xml'}]"
2018-01-05 14:06:56,087 [main] INFO  org.mule.module.launcher.application.DefaultMuleApplication - 
++++++++++++++++++++++++++++++++++++++++++++++++++++++++++++
+ Starting app 'additionconsume'                           +
++++++++++++++++++++++++++++++++++++++++++++++++++++++++++++
2018-01-05 14:06:56,099 [main] INFO  org.mule.util.queue.QueueXaResourceManager - Starting ResourceManager
2018-01-05 14:06:56,099 [main] INFO  org.mule.util.queue.QueueXaResourceManager - Started ResourceManager
2018-01-05 14:06:56,174 [main] INFO  org.mule.module.http.internal.listener.DefaultHttpListenerConfig - Listening for requests on http://localhost:8081
2018-01-05 14:06:56,174 [main] INFO  org.mule.modules.oauth2.provider.agents.DefaultSplashScreenAgent - 
++++++++++++++++++++++++++++++++++++++++++++++++++++++++++++++++++++++++++++++++
+ DevKit Extensions (0) used in this application 
                             +
++++++++++++++++++++++++++++++++++++++++++++++++++++++++++++++++++++++++++++++++
2018-01-05 14:06:56,174 [main] INFO  org.mule.lifecycle.AbstractLifecycleManager - Starting model: _muleSystemModel
2018-01-05 14:06:56,174 [main] INFO  org.mule.construct.FlowConstructLifecycleManager - Starting flow: additionconsumeFlow
2018-01-05 14:06:56,174 [main] INFO  org.mule.processor.SedaStageLifecycleManager - Starting service: additionconsumeFlow.stage1
2018-01-05 14:06:56,259 [main] INFO  org.mule.module.management.agent.WrapperManagerAgent - This JVM hasn't been launched by the wrapper, the agent will not run.
2018-01-05 14:06:56,276 [main] INFO  org.mule.DefaultMuleContext - 
**********************************************************************
* Application: additionconsume                                       *
* OS encoding: \, Mule encoding: UTF-8                               *
*                                                                    *
* Agents Running:                                                    *
*   DevKit Extension Information                                     *
*   JMX Agent                                                        *
*   Batch module default engine                                      *
*   Wrapper Manager                                                  *
**********************************************************************
2018-01-05 14:07:13,234 [main] INFO  org.mule.module.launcher.application.DefaultMuleApplication - 
++++++++++++++++++++++++++++++++++++++++++++++++++++++++++++
+ Initializing app 'additionconsume'                       +
++++++++++++++++++++++++++++++++++++++++++++++++++++++++++++
2018-01-05 14:07:13,493 [main] INFO  org.mule.lifecycle.AbstractLifecycleManager - Initialising RegistryBroker
2018-01-05 14:07:13,653 [main] INFO  org.mule.module.extension.internal.manager.DefaultExtensionManager - Starting discovery of extensions
2018-01-05 14:07:13,825 [main] INFO  org.mule.module.extension.internal.manager.DefaultExtensionManager - Discovered 1 extensions
2018-01-05 14:07:13,840 [main] INFO  org.mule.module.extension.internal.manager.DefaultExtensionManager - Registering extension validation (version 3.8)
2018-01-05 14:07:13,994 [main] INFO  org.mule.config.spring.MuleArtifactContext - Refreshing org.mule.config.spring.MuleArtifactContext@3d6300e8: startup date [Fri Jan 05 14:07:13 IST 2018]; root of context hierarchy
2018-01-05 14:07:16,087 [main] INFO  org.mule.config.spring.processors.NoDevkitInjectorProcessor - JSR-330 'javax.inject.Inject' annotation found and supported for autowiring
2018-01-05 14:07:17,134 [main] WARN  org.mule.module.ognl.expression.OgnlExpressionEvaluator - OGNL module is deprecated and will be removed in Mule 4.0. Use MEL expressions instead.
2018-01-05 14:07:18,056 [main] INFO  org.mule.util.journal.TransactionJournal - Using files for tx logs C:\Users\M1043231\AnypointStudio\workspace\.mule\.\.mule\additionconsume\queue-tx-log\tx1.log and C:\Users\M1043231\AnypointStudio\workspace\.mule\.\.mule\additionconsume\queue-tx-log\tx2.log
2018-01-05 14:07:18,072 [main] INFO  org.mule.util.journal.TransactionJournal - Using files for tx logs C:\Users\M1043231\AnypointStudio\workspace\.mule\.\.mule\additionconsume\queue-xa-tx-log\tx1.log and C:\Users\M1043231\AnypointStudio\workspace\.mule\.\.mule\additionconsume\queue-xa-tx-log\tx2.log
2018-01-05 14:07:18,206 [main] INFO  org.mule.lifecycle.AbstractLifecycleManager - Initialising model: _muleSystemModel
2018-01-05 14:07:18,227 [main] INFO  org.mule.construct.FlowConstructLifecycleManager - Initialising flow: additionconsumeFlow
2018-01-05 14:07:18,227 [main] INFO  org.mule.exception.DefaultMessagingExceptionStrategy - Initialising exception listener: org.mule.exception.DefaultMessagingExceptionStrategy@7a3269f5
2018-01-05 14:07:18,261 [main] INFO  org.mule.processor.SedaStageLifecycleManager - Initialising service: additionconsumeFlow.stage1
2018-01-05 14:07:18,386 [main] WARN  org.mule.util.xmlsecurity.DefaultXMLSecureFactories - Can't configure XML entity expansion for TransformerFactory (org.apache.xalan.processor.TransformerFactoryImpl), this could introduce XXE and BL vulnerabilities
2018-01-05 14:07:20,447 [main] INFO  org.mule.config.spring.SpringXmlConfigurationBuilder - Configured Mule using "org.mule.config.spring.SpringXmlConfigurationBuilder" with configuration resource(s): "[ConfigResource{resourceName='C:\Users\M1043231\AnypointStudio\workspace\.mule\apps\additionconsume\additionconsume.xml'}]"
2018-01-05 14:07:20,447 [main] INFO  org.mule.config.builders.AutoConfigurationBuilder - Configured Mule using "org.mule.config.builders.AutoConfigurationBuilder" with configuration resource(s): "[ConfigResource{resourceName='C:\Users\M1043231\AnypointStudio\workspace\.mule\apps\additionconsume\additionconsume.xml'}]"
2018-01-05 14:07:23,463 [main] INFO  org.mule.module.launcher.application.DefaultMuleApplication - 
++++++++++++++++++++++++++++++++++++++++++++++++++++++++++++
+ Starting app 'additionconsume'                           +
++++++++++++++++++++++++++++++++++++++++++++++++++++++++++++
2018-01-05 14:07:23,474 [main] INFO  org.mule.util.queue.QueueXaResourceManager - Starting ResourceManager
2018-01-05 14:07:23,474 [main] INFO  org.mule.util.queue.QueueXaResourceManager - Started ResourceManager
2018-01-05 14:07:23,568 [main] INFO  org.mule.module.http.internal.listener.DefaultHttpListenerConfig - Listening for requests on http://localhost:8081
2018-01-05 14:07:23,583 [main] INFO  org.mule.modules.oauth2.provider.agents.DefaultSplashScreenAgent - 
++++++++++++++++++++++++++++++++++++++++++++++++++++++++++++++++++++++++++++++++
+ DevKit Extensions (0) used in this application 
                             +
++++++++++++++++++++++++++++++++++++++++++++++++++++++++++++++++++++++++++++++++
2018-01-05 14:07:23,583 [main] INFO  org.mule.lifecycle.AbstractLifecycleManager - Starting model: _muleSystemModel
2018-01-05 14:07:23,583 [main] INFO  org.mule.construct.FlowConstructLifecycleManager - Starting flow: additionconsumeFlow
2018-01-05 14:07:23,583 [main] INFO  org.mule.processor.SedaStageLifecycleManager - Starting service: additionconsumeFlow.stage1
2018-01-05 14:07:23,706 [main] INFO  org.mule.module.management.agent.WrapperManagerAgent - This JVM hasn't been launched by the wrapper, the agent will not run.
2018-01-05 14:07:23,758 [main] INFO  org.mule.DefaultMuleContext - 
**********************************************************************
* Application: additionconsume                                       *
* OS encoding: \, Mule encoding: UTF-8                               *
*                                                                    *
* Agents Running:                                                    *
*   DevKit Extension Information                                     *
*   JMX Agent                                                        *
*   Batch module default engine                                      *
*   Wrapper Manager                                                  *
**********************************************************************
