2018-01-05 10:36:19,726 [main] INFO  org.mule.module.launcher.application.DefaultMuleApplication - 
++++++++++++++++++++++++++++++++++++++++++++++++++++++++++++
+ Initializing app 'consuming'                             +
++++++++++++++++++++++++++++++++++++++++++++++++++++++++++++
2018-01-05 10:36:19,993 [main] INFO  org.mule.lifecycle.AbstractLifecycleManager - Initialising RegistryBroker
2018-01-05 10:36:20,189 [main] INFO  org.mule.module.extension.internal.manager.DefaultExtensionManager - Starting discovery of extensions
2018-01-05 10:36:20,397 [main] INFO  org.mule.module.extension.internal.manager.DefaultExtensionManager - Discovered 1 extensions
2018-01-05 10:36:20,397 [main] INFO  org.mule.module.extension.internal.manager.DefaultExtensionManager - Registering extension validation (version 3.8)
2018-01-05 10:36:20,524 [main] INFO  org.mule.config.spring.MuleArtifactContext - Refreshing org.mule.config.spring.MuleArtifactContext@64712be: startup date [Fri Jan 05 10:36:20 IST 2018]; root of context hierarchy
2018-01-05 10:36:21,211 [Mule.app.deployer.monitor.1.thread.1] INFO  org.mule.module.launcher.application.DefaultMuleApplication - 
++++++++++++++++++++++++++++++++++++++++++++++++++++++++++++
+ Initializing app 'consuming'                             +
++++++++++++++++++++++++++++++++++++++++++++++++++++++++++++
2018-01-05 10:36:21,242 [Mule.app.deployer.monitor.1.thread.1] WARN  com.mulesoft.module.client.APIPlatformClientCoreExtension - Client ID or Client Secret were not provided. API Manager client is DISABLED for app soap
2018-01-05 10:36:21,242 [Mule.app.deployer.monitor.1.thread.1] WARN  com.mulesoft.module.client.APIPlatformClientCoreExtension - Client ID or Client Secret were not provided. API Manager client is DISABLED for app consume
2018-01-05 10:36:21,242 [Mule.app.deployer.monitor.1.thread.1] WARN  com.mulesoft.module.client.APIPlatformClientCoreExtension - Client ID or Client Secret were not provided. API Manager client is DISABLED for app consume
2018-01-05 10:36:21,242 [Mule.app.deployer.monitor.1.thread.1] WARN  com.mulesoft.module.client.APIPlatformClientCoreExtension - Client ID or Client Secret were not provided. API Manager client is DISABLED for app consume
2018-01-05 10:36:21,242 [Mule.app.deployer.monitor.1.thread.1] WARN  com.mulesoft.module.client.APIPlatformClientCoreExtension - Client ID or Client Secret were not provided. API Manager client is DISABLED for app soap
2018-01-05 10:36:21,242 [Mule.app.deployer.monitor.1.thread.1] WARN  com.mulesoft.module.client.APIPlatformClientCoreExtension - Client ID or Client Secret were not provided. API Manager client is DISABLED for app consume
2018-01-05 10:36:21,242 [Mule.app.deployer.monitor.1.thread.1] WARN  com.mulesoft.module.client.APIPlatformClientCoreExtension - Client ID or Client Secret were not provided. API Manager client is DISABLED for app soap
2018-01-05 10:36:21,257 [Mule.app.deployer.monitor.1.thread.1] WARN  com.mulesoft.module.client.APIPlatformClientCoreExtension - Client ID or Client Secret were not provided. API Manager client is DISABLED for app consume
2018-01-05 10:36:21,273 [Mule.app.deployer.monitor.1.thread.1] INFO  org.mule.lifecycle.AbstractLifecycleManager - Initialising RegistryBroker
2018-01-05 10:36:21,273 [Mule.app.deployer.monitor.1.thread.1] INFO  org.mule.module.extension.internal.manager.DefaultExtensionManager - Starting discovery of extensions
2018-01-05 10:36:21,715 [Mule.app.deployer.monitor.1.thread.1] INFO  org.mule.module.extension.internal.manager.DefaultExtensionManager - Discovered 1 extensions
2018-01-05 10:36:21,715 [Mule.app.deployer.monitor.1.thread.1] INFO  org.mule.module.extension.internal.manager.DefaultExtensionManager - Registering extension validation (version 3.8)
2018-01-05 10:36:21,730 [Mule.app.deployer.monitor.1.thread.1] INFO  org.mule.config.spring.MuleArtifactContext - Refreshing org.mule.config.spring.MuleArtifactContext@3bb4f31c: startup date [Fri Jan 05 10:36:21 IST 2018]; root of context hierarchy
2018-01-05 10:36:22,026 [Mule.app.deployer.monitor.1.thread.1] INFO  org.mule.module.launcher.application.DefaultMuleApplication - 
++++++++++++++++++++++++++++++++++++++++++++++++++++++++++++
+ Initializing app 'consuming'                             +
++++++++++++++++++++++++++++++++++++++++++++++++++++++++++++
2018-01-05 10:36:22,042 [Mule.app.deployer.monitor.1.thread.1] WARN  com.mulesoft.module.client.APIPlatformClientCoreExtension - Client ID or Client Secret were not provided. API Manager client is DISABLED for app soap
2018-01-05 10:36:22,042 [Mule.app.deployer.monitor.1.thread.1] WARN  com.mulesoft.module.client.APIPlatformClientCoreExtension - Client ID or Client Secret were not provided. API Manager client is DISABLED for app consume
2018-01-05 10:36:22,042 [Mule.app.deployer.monitor.1.thread.1] WARN  com.mulesoft.module.client.APIPlatformClientCoreExtension - Client ID or Client Secret were not provided. API Manager client is DISABLED for app consume
2018-01-05 10:36:22,042 [Mule.app.deployer.monitor.1.thread.1] WARN  com.mulesoft.module.client.APIPlatformClientCoreExtension - Client ID or Client Secret were not provided. API Manager client is DISABLED for app consume
2018-01-05 10:36:22,042 [Mule.app.deployer.monitor.1.thread.1] WARN  com.mulesoft.module.client.APIPlatformClientCoreExtension - Client ID or Client Secret were not provided. API Manager client is DISABLED for app soap
2018-01-05 10:36:22,042 [Mule.app.deployer.monitor.1.thread.1] WARN  com.mulesoft.module.client.APIPlatformClientCoreExtension - Client ID or Client Secret were not provided. API Manager client is DISABLED for app consume
2018-01-05 10:36:22,058 [Mule.app.deployer.monitor.1.thread.1] INFO  org.mule.lifecycle.AbstractLifecycleManager - Initialising RegistryBroker
2018-01-05 10:36:22,073 [Mule.app.deployer.monitor.1.thread.1] INFO  org.mule.module.extension.internal.manager.DefaultExtensionManager - Starting discovery of extensions
2018-01-05 10:36:22,089 [Mule.app.deployer.monitor.1.thread.1] INFO  org.mule.module.extension.internal.manager.DefaultExtensionManager - Discovered 1 extensions
2018-01-05 10:36:22,089 [Mule.app.deployer.monitor.1.thread.1] INFO  org.mule.module.extension.internal.manager.DefaultExtensionManager - Registering extension validation (version 3.8)
2018-01-05 10:36:22,104 [Mule.app.deployer.monitor.1.thread.1] INFO  org.mule.module.launcher.application.DefaultMuleApplication - 
++++++++++++++++++++++++++++++++++++++++++++++++++++++++++++
+ Initializing app 'consuming'                             +
++++++++++++++++++++++++++++++++++++++++++++++++++++++++++++
2018-01-05 10:36:22,104 [Mule.app.deployer.monitor.1.thread.1] INFO  org.mule.config.spring.MuleArtifactContext - Refreshing org.mule.config.spring.MuleArtifactContext@2fdd3f7: startup date [Fri Jan 05 10:36:22 IST 2018]; root of context hierarchy
2018-01-05 10:36:22,204 [Mule.app.deployer.monitor.1.thread.1] WARN  com.mulesoft.module.client.APIPlatformClientCoreExtension - Client ID or Client Secret were not provided. API Manager client is DISABLED for app soap
2018-01-05 10:36:22,204 [Mule.app.deployer.monitor.1.thread.1] WARN  com.mulesoft.module.client.APIPlatformClientCoreExtension - Client ID or Client Secret were not provided. API Manager client is DISABLED for app consume
2018-01-05 10:36:22,212 [Mule.app.deployer.monitor.1.thread.1] WARN  com.mulesoft.module.client.APIPlatformClientCoreExtension - Client ID or Client Secret were not provided. API Manager client is DISABLED for app consume
2018-01-05 10:36:22,212 [Mule.app.deployer.monitor.1.thread.1] WARN  com.mulesoft.module.client.APIPlatformClientCoreExtension - Client ID or Client Secret were not provided. API Manager client is DISABLED for app consume
2018-01-05 10:36:22,212 [Mule.app.deployer.monitor.1.thread.1] WARN  com.mulesoft.module.client.APIPlatformClientCoreExtension - Client ID or Client Secret were not provided. API Manager client is DISABLED for app consume
2018-01-05 10:36:22,212 [Mule.app.deployer.monitor.1.thread.1] WARN  com.mulesoft.module.client.APIPlatformClientCoreExtension - Client ID or Client Secret were not provided. API Manager client is DISABLED for app soap
2018-01-05 10:36:22,212 [Mule.app.deployer.monitor.1.thread.1] WARN  com.mulesoft.module.client.APIPlatformClientCoreExtension - Client ID or Client Secret were not provided. API Manager client is DISABLED for app soap
2018-01-05 10:36:22,212 [Mule.app.deployer.monitor.1.thread.1] WARN  com.mulesoft.module.client.APIPlatformClientCoreExtension - Client ID or Client Secret were not provided. API Manager client is DISABLED for app consume
2018-01-05 10:36:22,352 [Mule.app.deployer.monitor.1.thread.1] INFO  org.mule.lifecycle.AbstractLifecycleManager - Initialising RegistryBroker
2018-01-05 10:36:22,368 [Mule.app.deployer.monitor.1.thread.1] INFO  org.mule.module.extension.internal.manager.DefaultExtensionManager - Starting discovery of extensions
2018-01-05 10:36:22,915 [Mule.app.deployer.monitor.1.thread.1] INFO  org.mule.module.extension.internal.manager.DefaultExtensionManager - Discovered 1 extensions
2018-01-05 10:36:22,929 [Mule.app.deployer.monitor.1.thread.1] INFO  org.mule.module.extension.internal.manager.DefaultExtensionManager - Registering extension validation (version 3.8)
2018-01-05 10:36:22,937 [Mule.app.deployer.monitor.1.thread.1] INFO  org.mule.config.spring.MuleArtifactContext - Refreshing org.mule.config.spring.MuleArtifactContext@427dc59b: startup date [Fri Jan 05 10:36:22 IST 2018]; root of context hierarchy
2018-01-05 10:36:23,306 [main] INFO  org.mule.config.spring.processors.NoDevkitInjectorProcessor - JSR-330 'javax.inject.Inject' annotation found and supported for autowiring
2018-01-05 10:36:23,849 [Mule.app.deployer.monitor.1.thread.1] INFO  org.mule.config.spring.processors.NoDevkitInjectorProcessor - JSR-330 'javax.inject.Inject' annotation found and supported for autowiring
2018-01-05 10:36:24,183 [Mule.app.deployer.monitor.1.thread.1] INFO  org.mule.config.spring.processors.NoDevkitInjectorProcessor - JSR-330 'javax.inject.Inject' annotation found and supported for autowiring
2018-01-05 10:36:24,492 [Mule.app.deployer.monitor.1.thread.1] INFO  org.mule.util.journal.TransactionJournal - Using files for tx logs C:\Users\M1043231\AnypointStudio\workspace\.mule\.\.mule\consuming\queue-tx-log\tx1.log and C:\Users\M1043231\AnypointStudio\workspace\.mule\.\.mule\consuming\queue-tx-log\tx2.log
2018-01-05 10:36:24,507 [Mule.app.deployer.monitor.1.thread.1] INFO  org.mule.config.spring.processors.NoDevkitInjectorProcessor - JSR-330 'javax.inject.Inject' annotation found and supported for autowiring
2018-01-05 10:36:24,667 [Mule.app.deployer.monitor.1.thread.1] INFO  org.mule.util.journal.TransactionJournal - Using files for tx logs C:\Users\M1043231\AnypointStudio\workspace\.mule\.\.mule\consuming\queue-tx-log\tx1.log and C:\Users\M1043231\AnypointStudio\workspace\.mule\.\.mule\consuming\queue-tx-log\tx2.log
2018-01-05 10:36:24,679 [Mule.app.deployer.monitor.1.thread.1] INFO  org.mule.util.journal.TransactionJournal - Using files for tx logs C:\Users\M1043231\AnypointStudio\workspace\.mule\.\.mule\consuming\queue-xa-tx-log\tx1.log and C:\Users\M1043231\AnypointStudio\workspace\.mule\.\.mule\consuming\queue-xa-tx-log\tx2.log
2018-01-05 10:36:24,683 [Mule.app.deployer.monitor.1.thread.1] INFO  org.mule.util.journal.TransactionJournal - Using files for tx logs C:\Users\M1043231\AnypointStudio\workspace\.mule\.\.mule\consuming\queue-xa-tx-log\tx1.log and C:\Users\M1043231\AnypointStudio\workspace\.mule\.\.mule\consuming\queue-xa-tx-log\tx2.log
2018-01-05 10:36:24,838 [Mule.app.deployer.monitor.1.thread.1] INFO  org.mule.lifecycle.AbstractLifecycleManager - Initialising model: _muleSystemModel
2018-01-05 10:36:24,870 [Mule.app.deployer.monitor.1.thread.1] INFO  org.mule.construct.FlowConstructLifecycleManager - Initialising flow: consumingFlow
2018-01-05 10:36:24,870 [Mule.app.deployer.monitor.1.thread.1] INFO  org.mule.exception.DefaultMessagingExceptionStrategy - Initialising exception listener: org.mule.exception.DefaultMessagingExceptionStrategy@385db0d1
2018-01-05 10:36:24,901 [Mule.app.deployer.monitor.1.thread.1] INFO  org.mule.processor.SedaStageLifecycleManager - Initialising service: consumingFlow.stage1
2018-01-05 10:36:25,025 [main] WARN  org.mule.module.ognl.expression.OgnlExpressionEvaluator - OGNL module is deprecated and will be removed in Mule 4.0. Use MEL expressions instead.
2018-01-05 10:36:25,132 [Mule.app.deployer.monitor.1.thread.1] INFO  org.mule.lifecycle.AbstractLifecycleManager - Initialising model: _muleSystemModel
2018-01-05 10:36:25,137 [Mule.app.deployer.monitor.1.thread.1] INFO  org.mule.construct.FlowConstructLifecycleManager - Initialising flow: consumingFlow
2018-01-05 10:36:25,141 [Mule.app.deployer.monitor.1.thread.1] INFO  org.mule.exception.DefaultMessagingExceptionStrategy - Initialising exception listener: org.mule.exception.DefaultMessagingExceptionStrategy@77518c85
2018-01-05 10:36:25,189 [Mule.app.deployer.monitor.1.thread.1] INFO  org.mule.module.ws.consumer.RequestBodyGenerator - The selected operation does not require input parameters, the payload will be ignored
2018-01-05 10:36:25,339 [Mule.app.deployer.monitor.1.thread.1] INFO  org.mule.processor.SedaStageLifecycleManager - Initialising service: consumingFlow.stage1
2018-01-05 10:36:25,402 [Mule.app.deployer.monitor.1.thread.1] INFO  org.mule.module.ws.consumer.RequestBodyGenerator - The selected operation does not require input parameters, the payload will be ignored
2018-01-05 10:36:25,507 [Mule.app.deployer.monitor.1.thread.1] INFO  org.mule.util.journal.TransactionJournal - Using files for tx logs C:\Users\M1043231\AnypointStudio\workspace\.mule\.\.mule\consuming\queue-tx-log\tx1.log and C:\Users\M1043231\AnypointStudio\workspace\.mule\.\.mule\consuming\queue-tx-log\tx2.log
2018-01-05 10:36:25,601 [Mule.app.deployer.monitor.1.thread.1] INFO  org.mule.util.journal.TransactionJournal - Using files for tx logs C:\Users\M1043231\AnypointStudio\workspace\.mule\.\.mule\consuming\queue-xa-tx-log\tx1.log and C:\Users\M1043231\AnypointStudio\workspace\.mule\.\.mule\consuming\queue-xa-tx-log\tx2.log
2018-01-05 10:36:25,630 [Mule.app.deployer.monitor.1.thread.1] INFO  org.mule.lifecycle.AbstractLifecycleManager - Initialising model: _muleSystemModel
2018-01-05 10:36:25,630 [Mule.app.deployer.monitor.1.thread.1] INFO  org.mule.construct.FlowConstructLifecycleManager - Initialising flow: consumingFlow
2018-01-05 10:36:25,630 [Mule.app.deployer.monitor.1.thread.1] INFO  org.mule.exception.DefaultMessagingExceptionStrategy - Initialising exception listener: org.mule.exception.DefaultMessagingExceptionStrategy@15000776
2018-01-05 10:36:25,646 [Mule.app.deployer.monitor.1.thread.1] INFO  org.mule.processor.SedaStageLifecycleManager - Initialising service: consumingFlow.stage1
2018-01-05 10:36:25,662 [Mule.app.deployer.monitor.1.thread.1] INFO  org.mule.config.spring.SpringXmlConfigurationBuilder - Configured Mule using "org.mule.config.spring.SpringXmlConfigurationBuilder" with configuration resource(s): "[ConfigResource{resourceName='C:\Users\M1043231\AnypointStudio\workspace\.mule\apps\consuming\consuming.xml'}]"
2018-01-05 10:36:25,670 [Mule.app.deployer.monitor.1.thread.1] INFO  org.mule.config.builders.AutoConfigurationBuilder - Configured Mule using "org.mule.config.builders.AutoConfigurationBuilder" with configuration resource(s): "[ConfigResource{resourceName='C:\Users\M1043231\AnypointStudio\workspace\.mule\apps\consuming\consuming.xml'}]"
2018-01-05 10:36:25,841 [Mule.app.deployer.monitor.1.thread.1] INFO  org.mule.module.ws.consumer.RequestBodyGenerator - The selected operation does not require input parameters, the payload will be ignored
2018-01-05 10:36:25,919 [Mule.app.deployer.monitor.1.thread.1] INFO  org.mule.config.spring.SpringXmlConfigurationBuilder - Configured Mule using "org.mule.config.spring.SpringXmlConfigurationBuilder" with configuration resource(s): "[ConfigResource{resourceName='C:\Users\M1043231\AnypointStudio\workspace\.mule\apps\consuming\consuming.xml'}]"
2018-01-05 10:36:25,919 [Mule.app.deployer.monitor.1.thread.1] INFO  org.mule.config.builders.AutoConfigurationBuilder - Configured Mule using "org.mule.config.builders.AutoConfigurationBuilder" with configuration resource(s): "[ConfigResource{resourceName='C:\Users\M1043231\AnypointStudio\workspace\.mule\apps\consuming\consuming.xml'}]"
2018-01-05 10:36:26,107 [Mule.app.deployer.monitor.1.thread.1] INFO  org.mule.config.spring.SpringXmlConfigurationBuilder - Configured Mule using "org.mule.config.spring.SpringXmlConfigurationBuilder" with configuration resource(s): "[ConfigResource{resourceName='C:\Users\M1043231\AnypointStudio\workspace\.mule\apps\consuming\consuming.xml'}]"
2018-01-05 10:36:26,107 [Mule.app.deployer.monitor.1.thread.1] INFO  org.mule.config.builders.AutoConfigurationBuilder - Configured Mule using "org.mule.config.builders.AutoConfigurationBuilder" with configuration resource(s): "[ConfigResource{resourceName='C:\Users\M1043231\AnypointStudio\workspace\.mule\apps\consuming\consuming.xml'}]"
2018-01-05 10:36:26,429 [main] INFO  org.mule.util.journal.TransactionJournal - Using files for tx logs C:\Users\M1043231\AnypointStudio\workspace\.mule\.\.mule\consuming\queue-tx-log\tx1.log and C:\Users\M1043231\AnypointStudio\workspace\.mule\.\.mule\consuming\queue-tx-log\tx2.log
2018-01-05 10:36:26,460 [main] INFO  org.mule.util.journal.TransactionJournal - Using files for tx logs C:\Users\M1043231\AnypointStudio\workspace\.mule\.\.mule\consuming\queue-xa-tx-log\tx1.log and C:\Users\M1043231\AnypointStudio\workspace\.mule\.\.mule\consuming\queue-xa-tx-log\tx2.log
2018-01-05 10:36:26,662 [main] INFO  org.mule.lifecycle.AbstractLifecycleManager - Initialising model: _muleSystemModel
2018-01-05 10:36:26,670 [main] INFO  org.mule.construct.FlowConstructLifecycleManager - Initialising flow: consumingFlow
2018-01-05 10:36:26,670 [main] INFO  org.mule.exception.DefaultMessagingExceptionStrategy - Initialising exception listener: org.mule.exception.DefaultMessagingExceptionStrategy@428bdd72
2018-01-05 10:36:26,726 [main] INFO  org.mule.processor.SedaStageLifecycleManager - Initialising service: consumingFlow.stage1
2018-01-05 10:36:26,882 [main] WARN  org.mule.util.xmlsecurity.DefaultXMLSecureFactories - Can't configure XML entity expansion for TransformerFactory (org.apache.xalan.processor.TransformerFactoryImpl), this could introduce XXE and BL vulnerabilities
2018-01-05 10:36:27,866 [main] INFO  org.mule.module.ws.consumer.RequestBodyGenerator - The selected operation does not require input parameters, the payload will be ignored
2018-01-05 10:36:28,680 [Mule.app.deployer.monitor.1.thread.1] INFO  org.mule.module.launcher.application.DefaultMuleApplication - 
++++++++++++++++++++++++++++++++++++++++++++++++++++++++++++
+ Starting app 'consuming'                                 +
++++++++++++++++++++++++++++++++++++++++++++++++++++++++++++
2018-01-05 10:36:28,686 [Mule.app.deployer.monitor.1.thread.1] INFO  org.mule.util.queue.QueueXaResourceManager - Starting ResourceManager
2018-01-05 10:36:28,686 [Mule.app.deployer.monitor.1.thread.1] INFO  org.mule.util.queue.QueueXaResourceManager - Started ResourceManager
2018-01-05 10:36:28,726 [Mule.app.deployer.monitor.1.thread.1] INFO  org.mule.module.http.internal.listener.DefaultHttpListenerConfig - Listening for requests on http://0.0.0.0:12
2018-01-05 10:36:28,726 [Mule.app.deployer.monitor.1.thread.1] INFO  org.mule.modules.oauth2.provider.agents.DefaultSplashScreenAgent - 
++++++++++++++++++++++++++++++++++++++++++++++++++++++++++++++++++++++++++++++++
+ DevKit Extensions (0) used in this application 
                             +
++++++++++++++++++++++++++++++++++++++++++++++++++++++++++++++++++++++++++++++++
2018-01-05 10:36:28,726 [Mule.app.deployer.monitor.1.thread.1] INFO  org.mule.lifecycle.AbstractLifecycleManager - Starting model: _muleSystemModel
2018-01-05 10:36:28,726 [Mule.app.deployer.monitor.1.thread.1] INFO  org.mule.construct.FlowConstructLifecycleManager - Starting flow: consumingFlow
2018-01-05 10:36:28,726 [Mule.app.deployer.monitor.1.thread.1] INFO  org.mule.processor.SedaStageLifecycleManager - Starting service: consumingFlow.stage1
2018-01-05 10:36:28,757 [Mule.app.deployer.monitor.1.thread.1] INFO  org.mule.module.management.agent.WrapperManagerAgent - This JVM hasn't been launched by the wrapper, the agent will not run.
2018-01-05 10:36:28,835 [Mule.app.deployer.monitor.1.thread.1] INFO  org.mule.DefaultMuleContext - 
**********************************************************************
* Application: consuming                                             *
* OS encoding: \, Mule encoding: UTF-8                               *
*                                                                    *
* Agents Running:                                                    *
*   DevKit Extension Information                                     *
*   JMX Agent                                                        *
*   Batch module default engine                                      *
*   Wrapper Manager                                                  *
**********************************************************************
2018-01-05 10:36:28,937 [Mule.app.deployer.monitor.1.thread.1] INFO  org.mule.module.launcher.application.DefaultMuleApplication - 
++++++++++++++++++++++++++++++++++++++++++++++++++++++++++++
+ Starting app 'consuming'                                 +
++++++++++++++++++++++++++++++++++++++++++++++++++++++++++++
2018-01-05 10:36:28,943 [Mule.app.deployer.monitor.1.thread.1] INFO  org.mule.util.queue.QueueXaResourceManager - Starting ResourceManager
2018-01-05 10:36:28,943 [Mule.app.deployer.monitor.1.thread.1] INFO  org.mule.util.queue.QueueXaResourceManager - Started ResourceManager
2018-01-05 10:36:28,975 [Mule.app.deployer.monitor.1.thread.1] ERROR org.mule.module.launcher.application.DefaultMuleApplication - 
********************************************************************************
Message               : Failed to invoke lifecycle phase "start" on object: org.mule.module.http.internal.listener.DefaultHttpListenerConfig@31659f4a
Element               : /HTTP_Listener_Configuration @ app:consuming.xml:10 (HTTP Listener Configuration)
--------------------------------------------------------------------------------
Root Exception stack trace:
java.net.BindException: Address already in use: bind
	at sun.nio.ch.Net.bind0(Native Method)
	at sun.nio.ch.Net.bind(Unknown Source)
	at sun.nio.ch.Net.bind(Unknown Source)
	at sun.nio.ch.ServerSocketChannelImpl.bind(Unknown Source)
	at sun.nio.ch.ServerSocketAdaptor.bind(Unknown Source)
	at org.glassfish.grizzly.nio.transport.TCPNIOBindingHandler.bindToChannelAndAddress(TCPNIOBindingHandler.java:131)
	at org.glassfish.grizzly.nio.transport.TCPNIOBindingHandler.bind(TCPNIOBindingHandler.java:88)
	at org.glassfish.grizzly.nio.transport.TCPNIOTransport.bind(TCPNIOTransport.java:239)
	at org.glassfish.grizzly.nio.transport.TCPNIOTransport.bind(TCPNIOTransport.java:219)
	at org.glassfish.grizzly.nio.transport.TCPNIOTransport.bind(TCPNIOTransport.java:210)
	at org.mule.module.http.internal.listener.grizzly.GrizzlyServer.start(GrizzlyServer.java:41)
	at org.mule.module.http.internal.listener.DefaultHttpListenerConfig.start(DefaultHttpListenerConfig.java:274)
	at sun.reflect.GeneratedMethodAccessor11.invoke(Unknown Source)
	at sun.reflect.DelegatingMethodAccessorImpl.invoke(Unknown Source)
	at java.lang.reflect.Method.invoke(Unknown Source)
	at org.mule.lifecycle.phases.DefaultLifecyclePhase.applyLifecycle(DefaultLifecyclePhase.java:237)
	at org.mule.lifecycle.RegistryLifecycleCallback.doApplyLifecycle(RegistryLifecycleCallback.java:99)
	at org.mule.lifecycle.RegistryLifecycleCallback.onTransition(RegistryLifecycleCallback.java:71)
	at org.mule.lifecycle.RegistryLifecycleManager.invokePhase(RegistryLifecycleManager.java:155)
	at org.mule.lifecycle.RegistryLifecycleManager.fireLifecycle(RegistryLifecycleManager.java:126)
	at org.mule.registry.AbstractRegistryBroker.fireLifecycle(AbstractRegistryBroker.java:88)
	at org.mule.registry.MuleRegistryHelper.fireLifecycle(MuleRegistryHelper.java:141)
	at org.mule.lifecycle.MuleContextLifecycleManager$MuleContextLifecycleCallback.onTransition(MuleContextLifecycleManager.java:91)
	at org.mule.lifecycle.MuleContextLifecycleManager$MuleContextLifecycleCallback.onTransition(MuleContextLifecycleManager.java:87)
	at org.mule.lifecycle.MuleContextLifecycleManager.invokePhase(MuleContextLifecycleManager.java:69)
	at org.mule.lifecycle.MuleContextLifecycleManager.fireLifecycle(MuleContextLifecycleManager.java:61)
	at org.mule.DefaultMuleContext.start(DefaultMuleContext.java:317)
	at org.mule.module.launcher.application.DefaultMuleApplication.start(DefaultMuleApplication.java:139)
	at org.mule.module.launcher.artifact.ArtifactWrapper$4.execute(ArtifactWrapper.java:105)
	at org.mule.module.launcher.artifact.ArtifactWrapper.executeWithinArtifactClassLoader(ArtifactWrapper.java:136)
	at org.mule.module.launcher.artifact.ArtifactWrapper.start(ArtifactWrapper.java:100)
	at org.mule.module.launcher.DefaultArtifactDeployer.deploy(DefaultArtifactDeployer.java:26)
	at org.mule.module.launcher.DefaultArchiveDeployer.deployArtifact(DefaultArchiveDeployer.java:317)
	at org.mule.module.launcher.DefaultArchiveDeployer.deployExplodedApp(DefaultArchiveDeployer.java:304)
	at org.mule.module.launcher.DefaultArchiveDeployer.deployExplodedArtifact(DefaultArchiveDeployer.java:96)
	at org.mule.module.launcher.DeploymentDirectoryWatcher.deployExplodedApps(DeploymentDirectoryWatcher.java:294)
	at org.mule.module.launcher.DeploymentDirectoryWatcher.run(DeploymentDirectoryWatcher.java:367)
	at java.util.concurrent.Executors$RunnableAdapter.call(Unknown Source)
	at java.util.concurrent.FutureTask.runAndReset(Unknown Source)
	at java.util.concurrent.ScheduledThreadPoolExecutor$ScheduledFutureTask.access$301(Unknown Source)
	at java.util.concurrent.ScheduledThreadPoolExecutor$ScheduledFutureTask.run(Unknown Source)
	at java.util.concurrent.ThreadPoolExecutor.runWorker(Unknown Source)
	at java.util.concurrent.ThreadPoolExecutor$Worker.run(Unknown Source)
	at java.lang.Thread.run(Unknown Source)

********************************************************************************

2018-01-05 10:36:28,975 [Mule.app.deployer.monitor.1.thread.1] INFO  org.mule.module.launcher.application.DefaultMuleApplication - 
++++++++++++++++++++++++++++++++++++++++++++++++++++++++++++
+ Disposing app 'consuming'                                +
++++++++++++++++++++++++++++++++++++++++++++++++++++++++++++
2018-01-05 10:36:28,975 [Mule.app.deployer.monitor.1.thread.1] INFO  org.mule.lifecycle.AbstractLifecycleManager - Disposing RegistryBroker
2018-01-05 10:36:28,979 [Mule.app.deployer.monitor.1.thread.1] INFO  org.mule.construct.FlowConstructLifecycleManager - Disposing flow: consumingFlow
2018-01-05 10:36:28,979 [Mule.app.deployer.monitor.1.thread.1] INFO  org.mule.processor.SedaStageLifecycleManager - Disposing service: consumingFlow.stage1
2018-01-05 10:36:28,979 [Mule.app.deployer.monitor.1.thread.1] INFO  org.mule.lifecycle.AbstractLifecycleManager - Disposing model: _muleSystemModel
2018-01-05 10:36:29,010 [Mule.app.deployer.monitor.1.thread.1] INFO  org.mule.config.spring.MuleArtifactContext - Closing org.mule.config.spring.MuleArtifactContext@2fdd3f7: startup date [Fri Jan 05 10:36:22 IST 2018]; root of context hierarchy
2018-01-05 10:36:29,041 [Mule.app.deployer.monitor.1.thread.1] INFO  org.mule.DefaultMuleContext - 
**********************************************************************
* Application "consuming" shut down normally on: 1/5/18 10:36 AM     *
* Up for: 0 days, 0 hours, 0 mins, 0.104 sec                         *
**********************************************************************
2018-01-05 10:36:29,135 [Mule.app.deployer.monitor.1.thread.1] INFO  org.mule.module.launcher.application.DefaultMuleApplication - 
++++++++++++++++++++++++++++++++++++++++++++++++++++++++++++
+ Starting app 'consuming'                                 +
++++++++++++++++++++++++++++++++++++++++++++++++++++++++++++
2018-01-05 10:36:29,146 [Mule.app.deployer.monitor.1.thread.1] INFO  org.mule.util.queue.QueueXaResourceManager - Starting ResourceManager
2018-01-05 10:36:29,146 [Mule.app.deployer.monitor.1.thread.1] INFO  org.mule.util.queue.QueueXaResourceManager - Started ResourceManager
2018-01-05 10:36:29,190 [Mule.app.deployer.monitor.1.thread.1] ERROR org.mule.module.launcher.application.DefaultMuleApplication - 
********************************************************************************
Message               : Failed to invoke lifecycle phase "start" on object: org.mule.module.http.internal.listener.DefaultHttpListenerConfig@4357e1b4
Element               : /HTTP_Listener_Configuration @ app:consuming.xml:10 (HTTP Listener Configuration)
--------------------------------------------------------------------------------
Root Exception stack trace:
java.net.BindException: Address already in use: bind
	at sun.nio.ch.Net.bind0(Native Method)
	at sun.nio.ch.Net.bind(Unknown Source)
	at sun.nio.ch.Net.bind(Unknown Source)
	at sun.nio.ch.ServerSocketChannelImpl.bind(Unknown Source)
	at sun.nio.ch.ServerSocketAdaptor.bind(Unknown Source)
	at org.glassfish.grizzly.nio.transport.TCPNIOBindingHandler.bindToChannelAndAddress(TCPNIOBindingHandler.java:131)
	at org.glassfish.grizzly.nio.transport.TCPNIOBindingHandler.bind(TCPNIOBindingHandler.java:88)
	at org.glassfish.grizzly.nio.transport.TCPNIOTransport.bind(TCPNIOTransport.java:239)
	at org.glassfish.grizzly.nio.transport.TCPNIOTransport.bind(TCPNIOTransport.java:219)
	at org.glassfish.grizzly.nio.transport.TCPNIOTransport.bind(TCPNIOTransport.java:210)
	at org.mule.module.http.internal.listener.grizzly.GrizzlyServer.start(GrizzlyServer.java:41)
	at org.mule.module.http.internal.listener.DefaultHttpListenerConfig.start(DefaultHttpListenerConfig.java:274)
	at sun.reflect.GeneratedMethodAccessor11.invoke(Unknown Source)
	at sun.reflect.DelegatingMethodAccessorImpl.invoke(Unknown Source)
	at java.lang.reflect.Method.invoke(Unknown Source)
	at org.mule.lifecycle.phases.DefaultLifecyclePhase.applyLifecycle(DefaultLifecyclePhase.java:237)
	at org.mule.lifecycle.RegistryLifecycleCallback.doApplyLifecycle(RegistryLifecycleCallback.java:99)
	at org.mule.lifecycle.RegistryLifecycleCallback.onTransition(RegistryLifecycleCallback.java:71)
	at org.mule.lifecycle.RegistryLifecycleManager.invokePhase(RegistryLifecycleManager.java:155)
	at org.mule.lifecycle.RegistryLifecycleManager.fireLifecycle(RegistryLifecycleManager.java:126)
	at org.mule.registry.AbstractRegistryBroker.fireLifecycle(AbstractRegistryBroker.java:88)
	at org.mule.registry.MuleRegistryHelper.fireLifecycle(MuleRegistryHelper.java:141)
	at org.mule.lifecycle.MuleContextLifecycleManager$MuleContextLifecycleCallback.onTransition(MuleContextLifecycleManager.java:91)
	at org.mule.lifecycle.MuleContextLifecycleManager$MuleContextLifecycleCallback.onTransition(MuleContextLifecycleManager.java:87)
	at org.mule.lifecycle.MuleContextLifecycleManager.invokePhase(MuleContextLifecycleManager.java:69)
	at org.mule.lifecycle.MuleContextLifecycleManager.fireLifecycle(MuleContextLifecycleManager.java:61)
	at org.mule.DefaultMuleContext.start(DefaultMuleContext.java:317)
	at org.mule.module.launcher.application.DefaultMuleApplication.start(DefaultMuleApplication.java:139)
	at org.mule.module.launcher.artifact.ArtifactWrapper$4.execute(ArtifactWrapper.java:105)
	at org.mule.module.launcher.artifact.ArtifactWrapper.executeWithinArtifactClassLoader(ArtifactWrapper.java:136)
	at org.mule.module.launcher.artifact.ArtifactWrapper.start(ArtifactWrapper.java:100)
	at org.mule.module.launcher.DefaultArtifactDeployer.deploy(DefaultArtifactDeployer.java:26)
	at org.mule.module.launcher.DefaultArchiveDeployer.deployArtifact(DefaultArchiveDeployer.java:317)
	at org.mule.module.launcher.DefaultArchiveDeployer.deployExplodedApp(DefaultArchiveDeployer.java:304)
	at org.mule.module.launcher.DefaultArchiveDeployer.deployExplodedArtifact(DefaultArchiveDeployer.java:96)
	at org.mule.module.launcher.DeploymentDirectoryWatcher.deployExplodedApps(DeploymentDirectoryWatcher.java:294)
	at org.mule.module.launcher.DeploymentDirectoryWatcher.run(DeploymentDirectoryWatcher.java:367)
	at java.util.concurrent.Executors$RunnableAdapter.call(Unknown Source)
	at java.util.concurrent.FutureTask.runAndReset(Unknown Source)
	at java.util.concurrent.ScheduledThreadPoolExecutor$ScheduledFutureTask.access$301(Unknown Source)
	at java.util.concurrent.ScheduledThreadPoolExecutor$ScheduledFutureTask.run(Unknown Source)
	at java.util.concurrent.ThreadPoolExecutor.runWorker(Unknown Source)
	at java.util.concurrent.ThreadPoolExecutor$Worker.run(Unknown Source)
	at java.lang.Thread.run(Unknown Source)

********************************************************************************

2018-01-05 10:36:29,194 [Mule.app.deployer.monitor.1.thread.1] INFO  org.mule.module.launcher.application.DefaultMuleApplication - 
++++++++++++++++++++++++++++++++++++++++++++++++++++++++++++
+ Disposing app 'consuming'                                +
++++++++++++++++++++++++++++++++++++++++++++++++++++++++++++
2018-01-05 10:36:29,194 [Mule.app.deployer.monitor.1.thread.1] INFO  org.mule.lifecycle.AbstractLifecycleManager - Disposing RegistryBroker
2018-01-05 10:36:29,194 [Mule.app.deployer.monitor.1.thread.1] INFO  org.mule.construct.FlowConstructLifecycleManager - Disposing flow: consumingFlow
2018-01-05 10:36:29,198 [Mule.app.deployer.monitor.1.thread.1] INFO  org.mule.processor.SedaStageLifecycleManager - Disposing service: consumingFlow.stage1
2018-01-05 10:36:29,198 [Mule.app.deployer.monitor.1.thread.1] INFO  org.mule.lifecycle.AbstractLifecycleManager - Disposing model: _muleSystemModel
2018-01-05 10:36:29,507 [main] INFO  org.mule.config.spring.SpringXmlConfigurationBuilder - Configured Mule using "org.mule.config.spring.SpringXmlConfigurationBuilder" with configuration resource(s): "[ConfigResource{resourceName='C:\Users\M1043231\AnypointStudio\workspace\.mule\apps\consuming\consuming.xml'}]"
2018-01-05 10:36:29,507 [main] INFO  org.mule.config.builders.AutoConfigurationBuilder - Configured Mule using "org.mule.config.builders.AutoConfigurationBuilder" with configuration resource(s): "[ConfigResource{resourceName='C:\Users\M1043231\AnypointStudio\workspace\.mule\apps\consuming\consuming.xml'}]"
2018-01-05 10:36:29,596 [Mule.app.deployer.monitor.1.thread.1] INFO  org.mule.config.spring.MuleArtifactContext - Closing org.mule.config.spring.MuleArtifactContext@427dc59b: startup date [Fri Jan 05 10:36:22 IST 2018]; root of context hierarchy
2018-01-05 10:36:29,596 [Mule.app.deployer.monitor.1.thread.1] INFO  org.mule.DefaultMuleContext - 
**********************************************************************
* Application "consuming" shut down normally on: 1/5/18 10:36 AM     *
* Up for: 0 days, 0 hours, 0 mins, 0.453 sec                         *
**********************************************************************
2018-01-05 10:36:32,570 [main] INFO  org.mule.module.launcher.application.DefaultMuleApplication - 
++++++++++++++++++++++++++++++++++++++++++++++++++++++++++++
+ Starting app 'consuming'                                 +
++++++++++++++++++++++++++++++++++++++++++++++++++++++++++++
2018-01-05 10:36:32,582 [main] INFO  org.mule.util.queue.QueueXaResourceManager - Starting ResourceManager
2018-01-05 10:36:32,582 [main] INFO  org.mule.util.queue.QueueXaResourceManager - Started ResourceManager
2018-01-05 10:36:32,726 [main] ERROR org.mule.module.launcher.application.DefaultMuleApplication - 
********************************************************************************
Message               : Failed to invoke lifecycle phase "start" on object: org.mule.module.http.internal.listener.DefaultHttpListenerConfig@45aca496
Element               : /HTTP_Listener_Configuration @ app:consuming.xml:10 (HTTP Listener Configuration)
--------------------------------------------------------------------------------
Root Exception stack trace:
java.net.BindException: Address already in use: bind
	at sun.nio.ch.Net.bind0(Native Method)
	at sun.nio.ch.Net.bind(Unknown Source)
	at sun.nio.ch.Net.bind(Unknown Source)
	at sun.nio.ch.ServerSocketChannelImpl.bind(Unknown Source)
	at sun.nio.ch.ServerSocketAdaptor.bind(Unknown Source)
	at org.glassfish.grizzly.nio.transport.TCPNIOBindingHandler.bindToChannelAndAddress(TCPNIOBindingHandler.java:131)
	at org.glassfish.grizzly.nio.transport.TCPNIOBindingHandler.bind(TCPNIOBindingHandler.java:88)
	at org.glassfish.grizzly.nio.transport.TCPNIOTransport.bind(TCPNIOTransport.java:239)
	at org.glassfish.grizzly.nio.transport.TCPNIOTransport.bind(TCPNIOTransport.java:219)
	at org.glassfish.grizzly.nio.transport.TCPNIOTransport.bind(TCPNIOTransport.java:210)
	at org.mule.module.http.internal.listener.grizzly.GrizzlyServer.start(GrizzlyServer.java:41)
	at org.mule.module.http.internal.listener.DefaultHttpListenerConfig.start(DefaultHttpListenerConfig.java:274)
	at sun.reflect.NativeMethodAccessorImpl.invoke0(Native Method)
	at sun.reflect.NativeMethodAccessorImpl.invoke(Unknown Source)
	at sun.reflect.DelegatingMethodAccessorImpl.invoke(Unknown Source)
	at java.lang.reflect.Method.invoke(Unknown Source)
	at org.mule.lifecycle.phases.DefaultLifecyclePhase.applyLifecycle(DefaultLifecyclePhase.java:237)
	at org.mule.lifecycle.RegistryLifecycleCallback.doApplyLifecycle(RegistryLifecycleCallback.java:99)
	at org.mule.lifecycle.RegistryLifecycleCallback.onTransition(RegistryLifecycleCallback.java:71)
	at org.mule.lifecycle.RegistryLifecycleManager.invokePhase(RegistryLifecycleManager.java:155)
	at org.mule.lifecycle.RegistryLifecycleManager.fireLifecycle(RegistryLifecycleManager.java:126)
	at org.mule.registry.AbstractRegistryBroker.fireLifecycle(AbstractRegistryBroker.java:88)
	at org.mule.registry.MuleRegistryHelper.fireLifecycle(MuleRegistryHelper.java:141)
	at org.mule.lifecycle.MuleContextLifecycleManager$MuleContextLifecycleCallback.onTransition(MuleContextLifecycleManager.java:91)
	at org.mule.lifecycle.MuleContextLifecycleManager$MuleContextLifecycleCallback.onTransition(MuleContextLifecycleManager.java:87)
	at org.mule.lifecycle.MuleContextLifecycleManager.invokePhase(MuleContextLifecycleManager.java:69)
	at org.mule.lifecycle.MuleContextLifecycleManager.fireLifecycle(MuleContextLifecycleManager.java:61)
	at org.mule.DefaultMuleContext.start(DefaultMuleContext.java:317)
	at org.mule.module.launcher.application.DefaultMuleApplication.start(DefaultMuleApplication.java:139)
	at org.mule.module.launcher.artifact.ArtifactWrapper$4.execute(ArtifactWrapper.java:105)
	at org.mule.module.launcher.artifact.ArtifactWrapper.executeWithinArtifactClassLoader(ArtifactWrapper.java:136)
	at org.mule.module.launcher.artifact.ArtifactWrapper.start(ArtifactWrapper.java:100)
	at org.mule.module.launcher.DefaultArtifactDeployer.deploy(DefaultArtifactDeployer.java:26)
	at org.mule.module.launcher.DefaultArchiveDeployer.deployArtifact(DefaultArchiveDeployer.java:317)
	at org.mule.module.launcher.DefaultArchiveDeployer.deployPackagedArtifact(DefaultArchiveDeployer.java:172)
	at org.mule.module.launcher.DefaultArchiveDeployer.deployPackagedArtifact(DefaultArchiveDeployer.java:261)
	at org.mule.module.launcher.DefaultArchiveDeployer.deployPackagedArtifact(DefaultArchiveDeployer.java:76)
	at org.mule.module.launcher.DeploymentDirectoryWatcher.deployPackedApps(DeploymentDirectoryWatcher.java:279)
	at org.mule.module.launcher.DeploymentDirectoryWatcher.start(DeploymentDirectoryWatcher.java:151)
	at org.mule.module.launcher.MuleDeploymentService.start(MuleDeploymentService.java:134)
	at org.mule.module.launcher.MuleContainer.start(MuleContainer.java:172)
	at sun.reflect.NativeMethodAccessorImpl.invoke0(Native Method)
	at sun.reflect.NativeMethodAccessorImpl.invoke(Unknown Source)
	at sun.reflect.DelegatingMethodAccessorImpl.invoke(Unknown Source)
	at java.lang.reflect.Method.invoke(Unknown Source)
	at org.mule.tooling.server.application.ApplicationDeployer.main(ApplicationDeployer.java:33)

********************************************************************************

2018-01-05 10:36:32,757 [main] INFO  org.mule.module.launcher.application.DefaultMuleApplication - 
++++++++++++++++++++++++++++++++++++++++++++++++++++++++++++
+ Disposing app 'consuming'                                +
++++++++++++++++++++++++++++++++++++++++++++++++++++++++++++
2018-01-05 10:36:32,757 [main] INFO  org.mule.lifecycle.AbstractLifecycleManager - Disposing RegistryBroker
2018-01-05 10:36:32,757 [main] INFO  org.mule.construct.FlowConstructLifecycleManager - Disposing flow: consumingFlow
2018-01-05 10:36:32,757 [main] INFO  org.mule.processor.SedaStageLifecycleManager - Disposing service: consumingFlow.stage1
2018-01-05 10:36:32,773 [main] INFO  org.mule.lifecycle.AbstractLifecycleManager - Disposing model: _muleSystemModel
2018-01-05 10:36:33,134 [main] INFO  org.mule.config.spring.MuleArtifactContext - Closing org.mule.config.spring.MuleArtifactContext@64712be: startup date [Fri Jan 05 10:36:20 IST 2018]; root of context hierarchy
2018-01-05 10:36:33,182 [main] INFO  org.mule.DefaultMuleContext - 
**********************************************************************
* Application "consuming" shut down normally on: 1/5/18 10:36 AM     *
* Up for: 0 days, 0 hours, 0 mins, 0.612 sec                         *
**********************************************************************
2018-01-05 10:36:58,473 [Mule.app.deployer.monitor.1.thread.1] INFO  org.mule.module.launcher.application.DefaultMuleApplication - 
++++++++++++++++++++++++++++++++++++++++++++++++++++++++++++
+ Initializing app 'consuming'                             +
++++++++++++++++++++++++++++++++++++++++++++++++++++++++++++
2018-01-05 10:36:58,473 [Mule.app.deployer.monitor.1.thread.1] WARN  com.mulesoft.module.client.APIPlatformClientCoreExtension - Client ID or Client Secret were not provided. API Manager client is DISABLED for app consuming
2018-01-05 10:36:58,473 [Mule.app.deployer.monitor.1.thread.1] INFO  org.mule.lifecycle.AbstractLifecycleManager - Initialising RegistryBroker
2018-01-05 10:36:58,489 [Mule.app.deployer.monitor.1.thread.1] INFO  org.mule.module.extension.internal.manager.DefaultExtensionManager - Starting discovery of extensions
2018-01-05 10:36:58,504 [Mule.app.deployer.monitor.1.thread.1] INFO  org.mule.module.extension.internal.manager.DefaultExtensionManager - Discovered 1 extensions
2018-01-05 10:36:58,504 [Mule.app.deployer.monitor.1.thread.1] INFO  org.mule.module.extension.internal.manager.DefaultExtensionManager - Registering extension validation (version 3.8)
2018-01-05 10:36:58,520 [Mule.app.deployer.monitor.1.thread.1] INFO  org.mule.config.spring.MuleArtifactContext - Refreshing org.mule.config.spring.MuleArtifactContext@653fad64: startup date [Fri Jan 05 10:36:58 IST 2018]; root of context hierarchy
2018-01-05 10:36:58,929 [Mule.app.deployer.monitor.1.thread.1] INFO  org.mule.module.launcher.application.DefaultMuleApplication - 
++++++++++++++++++++++++++++++++++++++++++++++++++++++++++++
+ Stopping app 'consuming'                                 +
++++++++++++++++++++++++++++++++++++++++++++++++++++++++++++
2018-01-05 10:36:58,929 [Mule.app.deployer.monitor.1.thread.1] INFO  org.mule.construct.FlowConstructLifecycleManager - Stopping flow: consumingFlow
2018-01-05 10:36:58,933 [Mule.app.deployer.monitor.1.thread.1] INFO  org.mule.processor.SedaStageLifecycleManager - Stopping service: consumingFlow.stage1
2018-01-05 10:36:58,989 [Mule.app.deployer.monitor.1.thread.1] INFO  org.mule.config.spring.processors.NoDevkitInjectorProcessor - JSR-330 'javax.inject.Inject' annotation found and supported for autowiring
2018-01-05 10:36:59,114 [Mule.app.deployer.monitor.1.thread.1] INFO  org.mule.lifecycle.AbstractLifecycleManager - Stopping model: _muleSystemModel
2018-01-05 10:36:59,114 [Mule.app.deployer.monitor.1.thread.1] INFO  org.mule.module.http.internal.listener.DefaultHttpListenerConfig - Stopped listener on http://0.0.0.0:12
2018-01-05 10:36:59,114 [Mule.app.deployer.monitor.1.thread.1] INFO  org.mule.util.queue.QueueXaResourceManager - Stopping ResourceManager
2018-01-05 10:36:59,114 [Mule.app.deployer.monitor.1.thread.1] INFO  org.mule.util.queue.QueueXaResourceManager - Stopped ResourceManager
2018-01-05 10:36:59,130 [Mule.app.deployer.monitor.1.thread.1] INFO  org.mule.module.launcher.application.DefaultMuleApplication - 
++++++++++++++++++++++++++++++++++++++++++++++++++++++++++++
+ Disposing app 'consuming'                                +
++++++++++++++++++++++++++++++++++++++++++++++++++++++++++++
2018-01-05 10:36:59,130 [Mule.app.deployer.monitor.1.thread.1] INFO  org.mule.lifecycle.AbstractLifecycleManager - Disposing RegistryBroker
2018-01-05 10:36:59,130 [Mule.app.deployer.monitor.1.thread.1] INFO  org.mule.construct.FlowConstructLifecycleManager - Disposing flow: consumingFlow
2018-01-05 10:36:59,130 [Mule.app.deployer.monitor.1.thread.1] INFO  org.mule.processor.SedaStageLifecycleManager - Disposing service: consumingFlow.stage1
2018-01-05 10:36:59,130 [Mule.app.deployer.monitor.1.thread.1] INFO  org.mule.lifecycle.AbstractLifecycleManager - Disposing model: _muleSystemModel
2018-01-05 10:36:59,303 [Mule.app.deployer.monitor.1.thread.1] INFO  org.mule.config.spring.MuleArtifactContext - Closing org.mule.config.spring.MuleArtifactContext@3bb4f31c: startup date [Fri Jan 05 10:36:21 IST 2018]; root of context hierarchy
2018-01-05 10:36:59,397 [Mule.app.deployer.monitor.1.thread.1] INFO  org.mule.module.launcher.application.DefaultMuleApplication - 
++++++++++++++++++++++++++++++++++++++++++++++++++++++++++++
+ Initializing app 'consuming'                             +
++++++++++++++++++++++++++++++++++++++++++++++++++++++++++++
2018-01-05 10:36:59,397 [Mule.app.deployer.monitor.1.thread.1] WARN  com.mulesoft.module.client.APIPlatformClientCoreExtension - Client ID or Client Secret were not provided. API Manager client is DISABLED for app soap
2018-01-05 10:36:59,397 [Mule.app.deployer.monitor.1.thread.1] WARN  com.mulesoft.module.client.APIPlatformClientCoreExtension - Client ID or Client Secret were not provided. API Manager client is DISABLED for app consume
2018-01-05 10:36:59,397 [Mule.app.deployer.monitor.1.thread.1] WARN  com.mulesoft.module.client.APIPlatformClientCoreExtension - Client ID or Client Secret were not provided. API Manager client is DISABLED for app consume
2018-01-05 10:36:59,397 [Mule.app.deployer.monitor.1.thread.1] WARN  com.mulesoft.module.client.APIPlatformClientCoreExtension - Client ID or Client Secret were not provided. API Manager client is DISABLED for app consume
2018-01-05 10:36:59,397 [Mule.app.deployer.monitor.1.thread.1] WARN  com.mulesoft.module.client.APIPlatformClientCoreExtension - Client ID or Client Secret were not provided. API Manager client is DISABLED for app soap
2018-01-05 10:36:59,397 [Mule.app.deployer.monitor.1.thread.1] WARN  com.mulesoft.module.client.APIPlatformClientCoreExtension - Client ID or Client Secret were not provided. API Manager client is DISABLED for app consume
2018-01-05 10:36:59,397 [Mule.app.deployer.monitor.1.thread.1] WARN  com.mulesoft.module.client.APIPlatformClientCoreExtension - Client ID or Client Secret were not provided. API Manager client is DISABLED for app consuming
2018-01-05 10:36:59,397 [Mule.app.deployer.monitor.1.thread.1] INFO  org.mule.lifecycle.AbstractLifecycleManager - Initialising RegistryBroker
2018-01-05 10:36:59,397 [Mule.app.deployer.monitor.1.thread.1] INFO  org.mule.util.journal.TransactionJournal - Using files for tx logs C:\Users\M1043231\AnypointStudio\workspace\.mule\.\.mule\consuming\queue-tx-log\tx1.log and C:\Users\M1043231\AnypointStudio\workspace\.mule\.\.mule\consuming\queue-tx-log\tx2.log
2018-01-05 10:36:59,412 [Mule.app.deployer.monitor.1.thread.1] INFO  org.mule.util.journal.TransactionJournal - Using files for tx logs C:\Users\M1043231\AnypointStudio\workspace\.mule\.\.mule\consuming\queue-xa-tx-log\tx1.log and C:\Users\M1043231\AnypointStudio\workspace\.mule\.\.mule\consuming\queue-xa-tx-log\tx2.log
2018-01-05 10:36:59,412 [Mule.app.deployer.monitor.1.thread.1] INFO  org.mule.module.extension.internal.manager.DefaultExtensionManager - Starting discovery of extensions
2018-01-05 10:36:59,433 [Mule.app.deployer.monitor.1.thread.1] INFO  org.mule.lifecycle.AbstractLifecycleManager - Initialising model: _muleSystemModel
2018-01-05 10:36:59,437 [Mule.app.deployer.monitor.1.thread.1] INFO  org.mule.construct.FlowConstructLifecycleManager - Initialising flow: consumingFlow
2018-01-05 10:36:59,437 [Mule.app.deployer.monitor.1.thread.1] INFO  org.mule.exception.DefaultMessagingExceptionStrategy - Initialising exception listener: org.mule.exception.DefaultMessagingExceptionStrategy@75caf0e3
2018-01-05 10:36:59,445 [Mule.app.deployer.monitor.1.thread.1] INFO  org.mule.DefaultMuleContext - 
**********************************************************************
* Application "consuming" shut down normally on: 1/5/18 10:36 AM     *
* Up for: 0 days, 0 hours, 0 mins, 30.761 sec                        *
**********************************************************************
2018-01-05 10:36:59,457 [Mule.app.deployer.monitor.1.thread.1] INFO  org.mule.processor.SedaStageLifecycleManager - Initialising service: consumingFlow.stage1
2018-01-05 10:36:59,473 [Mule.app.deployer.monitor.1.thread.1] INFO  org.mule.module.extension.internal.manager.DefaultExtensionManager - Discovered 1 extensions
2018-01-05 10:36:59,473 [Mule.app.deployer.monitor.1.thread.1] INFO  org.mule.module.extension.internal.manager.DefaultExtensionManager - Registering extension validation (version 3.8)
2018-01-05 10:36:59,489 [Mule.app.deployer.monitor.1.thread.1] INFO  org.mule.config.spring.MuleArtifactContext - Refreshing org.mule.config.spring.MuleArtifactContext@536e6c3d: startup date [Fri Jan 05 10:36:59 IST 2018]; root of context hierarchy
2018-01-05 10:36:59,520 [Mule.app.deployer.monitor.1.thread.1] INFO  org.mule.module.ws.consumer.RequestBodyGenerator - The selected operation does not require input parameters, the payload will be ignored
2018-01-05 10:36:59,598 [Mule.app.deployer.monitor.1.thread.1] INFO  org.mule.module.launcher.application.DefaultMuleApplication - 
++++++++++++++++++++++++++++++++++++++++++++++++++++++++++++
+ Initializing app 'consuming'                             +
++++++++++++++++++++++++++++++++++++++++++++++++++++++++++++
2018-01-05 10:36:59,649 [Mule.app.deployer.monitor.1.thread.1] WARN  com.mulesoft.module.client.APIPlatformClientCoreExtension - Client ID or Client Secret were not provided. API Manager client is DISABLED for app soap
2018-01-05 10:36:59,649 [Mule.app.deployer.monitor.1.thread.1] WARN  com.mulesoft.module.client.APIPlatformClientCoreExtension - Client ID or Client Secret were not provided. API Manager client is DISABLED for app consume
2018-01-05 10:36:59,653 [Mule.app.deployer.monitor.1.thread.1] WARN  com.mulesoft.module.client.APIPlatformClientCoreExtension - Client ID or Client Secret were not provided. API Manager client is DISABLED for app consume
2018-01-05 10:36:59,653 [Mule.app.deployer.monitor.1.thread.1] WARN  com.mulesoft.module.client.APIPlatformClientCoreExtension - Client ID or Client Secret were not provided. API Manager client is DISABLED for app consume
2018-01-05 10:36:59,653 [Mule.app.deployer.monitor.1.thread.1] WARN  com.mulesoft.module.client.APIPlatformClientCoreExtension - Client ID or Client Secret were not provided. API Manager client is DISABLED for app soap
2018-01-05 10:36:59,657 [Mule.app.deployer.monitor.1.thread.1] WARN  com.mulesoft.module.client.APIPlatformClientCoreExtension - Client ID or Client Secret were not provided. API Manager client is DISABLED for app consume
2018-01-05 10:36:59,657 [Mule.app.deployer.monitor.1.thread.1] WARN  com.mulesoft.module.client.APIPlatformClientCoreExtension - Client ID or Client Secret were not provided. API Manager client is DISABLED for app soap
2018-01-05 10:36:59,657 [Mule.app.deployer.monitor.1.thread.1] WARN  com.mulesoft.module.client.APIPlatformClientCoreExtension - Client ID or Client Secret were not provided. API Manager client is DISABLED for app consume
2018-01-05 10:36:59,661 [Mule.app.deployer.monitor.1.thread.1] WARN  com.mulesoft.module.client.APIPlatformClientCoreExtension - Client ID or Client Secret were not provided. API Manager client is DISABLED for app consuming
2018-01-05 10:36:59,661 [Mule.app.deployer.monitor.1.thread.1] INFO  org.mule.config.spring.SpringXmlConfigurationBuilder - Configured Mule using "org.mule.config.spring.SpringXmlConfigurationBuilder" with configuration resource(s): "[ConfigResource{resourceName='C:\Users\M1043231\AnypointStudio\workspace\.mule\apps\consuming\consuming.xml'}]"
2018-01-05 10:36:59,661 [Mule.app.deployer.monitor.1.thread.1] INFO  org.mule.config.builders.AutoConfigurationBuilder - Configured Mule using "org.mule.config.builders.AutoConfigurationBuilder" with configuration resource(s): "[ConfigResource{resourceName='C:\Users\M1043231\AnypointStudio\workspace\.mule\apps\consuming\consuming.xml'}]"
2018-01-05 10:36:59,681 [Mule.app.deployer.monitor.1.thread.1] INFO  org.mule.lifecycle.AbstractLifecycleManager - Initialising RegistryBroker
2018-01-05 10:36:59,689 [Mule.app.deployer.monitor.1.thread.1] INFO  org.mule.module.extension.internal.manager.DefaultExtensionManager - Starting discovery of extensions
2018-01-05 10:36:59,705 [Mule.app.deployer.monitor.1.thread.1] INFO  org.mule.module.extension.internal.manager.DefaultExtensionManager - Discovered 1 extensions
2018-01-05 10:36:59,705 [Mule.app.deployer.monitor.1.thread.1] INFO  org.mule.module.extension.internal.manager.DefaultExtensionManager - Registering extension validation (version 3.8)
2018-01-05 10:36:59,721 [Mule.app.deployer.monitor.1.thread.1] INFO  org.mule.config.spring.MuleArtifactContext - Refreshing org.mule.config.spring.MuleArtifactContext@404ba2a2: startup date [Fri Jan 05 10:36:59 IST 2018]; root of context hierarchy
2018-01-05 10:36:59,851 [Mule.app.deployer.monitor.1.thread.1] INFO  org.mule.module.launcher.application.DefaultMuleApplication - 
++++++++++++++++++++++++++++++++++++++++++++++++++++++++++++
+ Initializing app 'consuming'                             +
++++++++++++++++++++++++++++++++++++++++++++++++++++++++++++
2018-01-05 10:36:59,851 [Mule.app.deployer.monitor.1.thread.1] WARN  com.mulesoft.module.client.APIPlatformClientCoreExtension - Client ID or Client Secret were not provided. API Manager client is DISABLED for app soap
2018-01-05 10:36:59,851 [Mule.app.deployer.monitor.1.thread.1] WARN  com.mulesoft.module.client.APIPlatformClientCoreExtension - Client ID or Client Secret were not provided. API Manager client is DISABLED for app consume
2018-01-05 10:36:59,851 [Mule.app.deployer.monitor.1.thread.1] WARN  com.mulesoft.module.client.APIPlatformClientCoreExtension - Client ID or Client Secret were not provided. API Manager client is DISABLED for app consume
2018-01-05 10:36:59,851 [Mule.app.deployer.monitor.1.thread.1] WARN  com.mulesoft.module.client.APIPlatformClientCoreExtension - Client ID or Client Secret were not provided. API Manager client is DISABLED for app consume
2018-01-05 10:36:59,851 [Mule.app.deployer.monitor.1.thread.1] WARN  com.mulesoft.module.client.APIPlatformClientCoreExtension - Client ID or Client Secret were not provided. API Manager client is DISABLED for app consume
2018-01-05 10:36:59,851 [Mule.app.deployer.monitor.1.thread.1] WARN  com.mulesoft.module.client.APIPlatformClientCoreExtension - Client ID or Client Secret were not provided. API Manager client is DISABLED for app soap
2018-01-05 10:36:59,851 [Mule.app.deployer.monitor.1.thread.1] WARN  com.mulesoft.module.client.APIPlatformClientCoreExtension - Client ID or Client Secret were not provided. API Manager client is DISABLED for app soap
2018-01-05 10:36:59,851 [Mule.app.deployer.monitor.1.thread.1] WARN  com.mulesoft.module.client.APIPlatformClientCoreExtension - Client ID or Client Secret were not provided. API Manager client is DISABLED for app consume
2018-01-05 10:36:59,851 [Mule.app.deployer.monitor.1.thread.1] WARN  com.mulesoft.module.client.APIPlatformClientCoreExtension - Client ID or Client Secret were not provided. API Manager client is DISABLED for app consuming
2018-01-05 10:36:59,867 [Mule.app.deployer.monitor.1.thread.1] INFO  org.mule.lifecycle.AbstractLifecycleManager - Initialising RegistryBroker
2018-01-05 10:36:59,883 [Mule.app.deployer.monitor.1.thread.1] INFO  org.mule.module.extension.internal.manager.DefaultExtensionManager - Starting discovery of extensions
2018-01-05 10:36:59,914 [Mule.app.deployer.monitor.1.thread.1] INFO  org.mule.module.extension.internal.manager.DefaultExtensionManager - Discovered 1 extensions
2018-01-05 10:36:59,914 [Mule.app.deployer.monitor.1.thread.1] INFO  org.mule.module.extension.internal.manager.DefaultExtensionManager - Registering extension validation (version 3.8)
2018-01-05 10:36:59,942 [Mule.app.deployer.monitor.1.thread.1] INFO  org.mule.config.spring.MuleArtifactContext - Refreshing org.mule.config.spring.MuleArtifactContext@7bc7e694: startup date [Fri Jan 05 10:36:59 IST 2018]; root of context hierarchy
2018-01-05 10:37:00,137 [Mule.app.deployer.monitor.1.thread.1] INFO  org.mule.config.spring.processors.NoDevkitInjectorProcessor - JSR-330 'javax.inject.Inject' annotation found and supported for autowiring
2018-01-05 10:37:00,629 [Mule.app.deployer.monitor.1.thread.1] INFO  org.mule.util.journal.TransactionJournal - Using files for tx logs C:\Users\M1043231\AnypointStudio\workspace\.mule\.\.mule\consuming\queue-tx-log\tx1.log and C:\Users\M1043231\AnypointStudio\workspace\.mule\.\.mule\consuming\queue-tx-log\tx2.log
2018-01-05 10:37:00,645 [Mule.app.deployer.monitor.1.thread.1] INFO  org.mule.util.journal.TransactionJournal - Using files for tx logs C:\Users\M1043231\AnypointStudio\workspace\.mule\.\.mule\consuming\queue-xa-tx-log\tx1.log and C:\Users\M1043231\AnypointStudio\workspace\.mule\.\.mule\consuming\queue-xa-tx-log\tx2.log
2018-01-05 10:37:00,665 [Mule.app.deployer.monitor.1.thread.1] INFO  org.mule.lifecycle.AbstractLifecycleManager - Initialising model: _muleSystemModel
2018-01-05 10:37:00,665 [Mule.app.deployer.monitor.1.thread.1] INFO  org.mule.construct.FlowConstructLifecycleManager - Initialising flow: consumingFlow
2018-01-05 10:37:00,665 [Mule.app.deployer.monitor.1.thread.1] INFO  org.mule.exception.DefaultMessagingExceptionStrategy - Initialising exception listener: org.mule.exception.DefaultMessagingExceptionStrategy@2f48c96e
2018-01-05 10:37:00,669 [Mule.app.deployer.monitor.1.thread.1] INFO  org.mule.config.spring.processors.NoDevkitInjectorProcessor - JSR-330 'javax.inject.Inject' annotation found and supported for autowiring
2018-01-05 10:37:00,678 [Mule.app.deployer.monitor.1.thread.1] INFO  org.mule.processor.SedaStageLifecycleManager - Initialising service: consumingFlow.stage1
2018-01-05 10:37:00,737 [Mule.app.deployer.monitor.1.thread.1] INFO  org.mule.module.ws.consumer.RequestBodyGenerator - The selected operation does not require input parameters, the payload will be ignored
2018-01-05 10:37:01,010 [Mule.app.deployer.monitor.1.thread.1] INFO  org.mule.config.spring.processors.NoDevkitInjectorProcessor - JSR-330 'javax.inject.Inject' annotation found and supported for autowiring
2018-01-05 10:37:01,048 [Mule.app.deployer.monitor.1.thread.1] INFO  org.mule.config.spring.SpringXmlConfigurationBuilder - Configured Mule using "org.mule.config.spring.SpringXmlConfigurationBuilder" with configuration resource(s): "[ConfigResource{resourceName='C:\Users\M1043231\AnypointStudio\workspace\.mule\apps\consuming\consuming.xml'}]"
2018-01-05 10:37:01,048 [Mule.app.deployer.monitor.1.thread.1] INFO  org.mule.config.builders.AutoConfigurationBuilder - Configured Mule using "org.mule.config.builders.AutoConfigurationBuilder" with configuration resource(s): "[ConfigResource{resourceName='C:\Users\M1043231\AnypointStudio\workspace\.mule\apps\consuming\consuming.xml'}]"
2018-01-05 10:37:01,119 [Mule.app.deployer.monitor.1.thread.1] INFO  org.mule.util.journal.TransactionJournal - Using files for tx logs C:\Users\M1043231\AnypointStudio\workspace\.mule\.\.mule\consuming\queue-tx-log\tx1.log and C:\Users\M1043231\AnypointStudio\workspace\.mule\.\.mule\consuming\queue-tx-log\tx2.log
2018-01-05 10:37:01,123 [Mule.app.deployer.monitor.1.thread.1] INFO  org.mule.util.journal.TransactionJournal - Using files for tx logs C:\Users\M1043231\AnypointStudio\workspace\.mule\.\.mule\consuming\queue-xa-tx-log\tx1.log and C:\Users\M1043231\AnypointStudio\workspace\.mule\.\.mule\consuming\queue-xa-tx-log\tx2.log
2018-01-05 10:37:01,139 [Mule.app.deployer.monitor.1.thread.1] INFO  org.mule.lifecycle.AbstractLifecycleManager - Initialising model: _muleSystemModel
2018-01-05 10:37:01,139 [Mule.app.deployer.monitor.1.thread.1] INFO  org.mule.construct.FlowConstructLifecycleManager - Initialising flow: consumingFlow
2018-01-05 10:37:01,139 [Mule.app.deployer.monitor.1.thread.1] INFO  org.mule.exception.DefaultMessagingExceptionStrategy - Initialising exception listener: org.mule.exception.DefaultMessagingExceptionStrategy@75a7cdda
2018-01-05 10:37:01,151 [Mule.app.deployer.monitor.1.thread.1] INFO  org.mule.processor.SedaStageLifecycleManager - Initialising service: consumingFlow.stage1
2018-01-05 10:37:01,199 [Mule.app.deployer.monitor.1.thread.1] INFO  org.mule.module.ws.consumer.RequestBodyGenerator - The selected operation does not require input parameters, the payload will be ignored
2018-01-05 10:37:01,199 [Mule.app.deployer.monitor.1.thread.1] INFO  org.mule.util.journal.TransactionJournal - Using files for tx logs C:\Users\M1043231\AnypointStudio\workspace\.mule\.\.mule\consuming\queue-tx-log\tx1.log and C:\Users\M1043231\AnypointStudio\workspace\.mule\.\.mule\consuming\queue-tx-log\tx2.log
2018-01-05 10:37:01,203 [Mule.app.deployer.monitor.1.thread.1] INFO  org.mule.util.journal.TransactionJournal - Using files for tx logs C:\Users\M1043231\AnypointStudio\workspace\.mule\.\.mule\consuming\queue-xa-tx-log\tx1.log and C:\Users\M1043231\AnypointStudio\workspace\.mule\.\.mule\consuming\queue-xa-tx-log\tx2.log
2018-01-05 10:37:01,208 [Mule.app.deployer.monitor.1.thread.1] INFO  org.mule.lifecycle.AbstractLifecycleManager - Initialising model: _muleSystemModel
2018-01-05 10:37:01,208 [Mule.app.deployer.monitor.1.thread.1] INFO  org.mule.construct.FlowConstructLifecycleManager - Initialising flow: consumingFlow
2018-01-05 10:37:01,208 [Mule.app.deployer.monitor.1.thread.1] INFO  org.mule.exception.DefaultMessagingExceptionStrategy - Initialising exception listener: org.mule.exception.DefaultMessagingExceptionStrategy@26ce28a1
2018-01-05 10:37:01,239 [Mule.app.deployer.monitor.1.thread.1] INFO  org.mule.processor.SedaStageLifecycleManager - Initialising service: consumingFlow.stage1
2018-01-05 10:37:01,270 [Mule.app.deployer.monitor.1.thread.1] INFO  org.mule.module.ws.consumer.RequestBodyGenerator - The selected operation does not require input parameters, the payload will be ignored
2018-01-05 10:37:01,317 [Mule.app.deployer.monitor.1.thread.1] INFO  org.mule.config.spring.SpringXmlConfigurationBuilder - Configured Mule using "org.mule.config.spring.SpringXmlConfigurationBuilder" with configuration resource(s): "[ConfigResource{resourceName='C:\Users\M1043231\AnypointStudio\workspace\.mule\apps\consuming\consuming.xml'}]"
2018-01-05 10:37:01,317 [Mule.app.deployer.monitor.1.thread.1] INFO  org.mule.config.builders.AutoConfigurationBuilder - Configured Mule using "org.mule.config.builders.AutoConfigurationBuilder" with configuration resource(s): "[ConfigResource{resourceName='C:\Users\M1043231\AnypointStudio\workspace\.mule\apps\consuming\consuming.xml'}]"
2018-01-05 10:37:01,455 [Mule.app.deployer.monitor.1.thread.1] INFO  org.mule.config.spring.SpringXmlConfigurationBuilder - Configured Mule using "org.mule.config.spring.SpringXmlConfigurationBuilder" with configuration resource(s): "[ConfigResource{resourceName='C:\Users\M1043231\AnypointStudio\workspace\.mule\apps\consuming\consuming.xml'}]"
2018-01-05 10:37:01,455 [Mule.app.deployer.monitor.1.thread.1] INFO  org.mule.config.builders.AutoConfigurationBuilder - Configured Mule using "org.mule.config.builders.AutoConfigurationBuilder" with configuration resource(s): "[ConfigResource{resourceName='C:\Users\M1043231\AnypointStudio\workspace\.mule\apps\consuming\consuming.xml'}]"
2018-01-05 10:37:02,675 [Mule.app.deployer.monitor.1.thread.1] INFO  org.mule.module.launcher.application.DefaultMuleApplication - 
++++++++++++++++++++++++++++++++++++++++++++++++++++++++++++
+ Starting app 'consuming'                                 +
++++++++++++++++++++++++++++++++++++++++++++++++++++++++++++
2018-01-05 10:37:02,683 [Mule.app.deployer.monitor.1.thread.1] INFO  org.mule.util.queue.QueueXaResourceManager - Starting ResourceManager
2018-01-05 10:37:02,683 [Mule.app.deployer.monitor.1.thread.1] INFO  org.mule.util.queue.QueueXaResourceManager - Started ResourceManager
2018-01-05 10:37:02,754 [Mule.app.deployer.monitor.1.thread.1] INFO  org.mule.module.http.internal.listener.DefaultHttpListenerConfig - Listening for requests on http://0.0.0.0:8090
2018-01-05 10:37:02,754 [Mule.app.deployer.monitor.1.thread.1] INFO  org.mule.modules.oauth2.provider.agents.DefaultSplashScreenAgent - 
++++++++++++++++++++++++++++++++++++++++++++++++++++++++++++++++++++++++++++++++
+ DevKit Extensions (0) used in this application 
                             +
++++++++++++++++++++++++++++++++++++++++++++++++++++++++++++++++++++++++++++++++
2018-01-05 10:37:02,770 [Mule.app.deployer.monitor.1.thread.1] INFO  org.mule.lifecycle.AbstractLifecycleManager - Starting model: _muleSystemModel
2018-01-05 10:37:02,770 [Mule.app.deployer.monitor.1.thread.1] INFO  org.mule.construct.FlowConstructLifecycleManager - Starting flow: consumingFlow
2018-01-05 10:37:02,770 [Mule.app.deployer.monitor.1.thread.1] INFO  org.mule.processor.SedaStageLifecycleManager - Starting service: consumingFlow.stage1
2018-01-05 10:37:02,863 [Mule.app.deployer.monitor.1.thread.1] INFO  org.mule.module.management.agent.WrapperManagerAgent - This JVM hasn't been launched by the wrapper, the agent will not run.
2018-01-05 10:37:02,895 [Mule.app.deployer.monitor.1.thread.1] INFO  org.mule.DefaultMuleContext - 
**********************************************************************
* Application: consuming                                             *
* OS encoding: \, Mule encoding: UTF-8                               *
*                                                                    *
* Agents Running:                                                    *
*   DevKit Extension Information                                     *
*   JMX Agent                                                        *
*   Batch module default engine                                      *
*   Wrapper Manager                                                  *
**********************************************************************
2018-01-05 10:37:04,054 [Mule.app.deployer.monitor.1.thread.1] INFO  org.mule.module.launcher.application.DefaultMuleApplication - 
++++++++++++++++++++++++++++++++++++++++++++++++++++++++++++
+ Starting app 'consuming'                                 +
++++++++++++++++++++++++++++++++++++++++++++++++++++++++++++
2018-01-05 10:37:04,060 [Mule.app.deployer.monitor.1.thread.1] INFO  org.mule.util.queue.QueueXaResourceManager - Starting ResourceManager
2018-01-05 10:37:04,060 [Mule.app.deployer.monitor.1.thread.1] INFO  org.mule.util.queue.QueueXaResourceManager - Started ResourceManager
2018-01-05 10:37:04,091 [Mule.app.deployer.monitor.1.thread.1] ERROR org.mule.module.launcher.application.DefaultMuleApplication - 
********************************************************************************
Message               : Failed to invoke lifecycle phase "start" on object: org.mule.module.http.internal.listener.DefaultHttpListenerConfig@4830f4c3
Element               : /HTTP_Listener_Configuration @ app:consuming.xml:10 (HTTP Listener Configuration)
--------------------------------------------------------------------------------
Root Exception stack trace:
java.net.BindException: Address already in use: bind
	at sun.nio.ch.Net.bind0(Native Method)
	at sun.nio.ch.Net.bind(Unknown Source)
	at sun.nio.ch.Net.bind(Unknown Source)
	at sun.nio.ch.ServerSocketChannelImpl.bind(Unknown Source)
	at sun.nio.ch.ServerSocketAdaptor.bind(Unknown Source)
	at org.glassfish.grizzly.nio.transport.TCPNIOBindingHandler.bindToChannelAndAddress(TCPNIOBindingHandler.java:131)
	at org.glassfish.grizzly.nio.transport.TCPNIOBindingHandler.bind(TCPNIOBindingHandler.java:88)
	at org.glassfish.grizzly.nio.transport.TCPNIOTransport.bind(TCPNIOTransport.java:239)
	at org.glassfish.grizzly.nio.transport.TCPNIOTransport.bind(TCPNIOTransport.java:219)
	at org.glassfish.grizzly.nio.transport.TCPNIOTransport.bind(TCPNIOTransport.java:210)
	at org.mule.module.http.internal.listener.grizzly.GrizzlyServer.start(GrizzlyServer.java:41)
	at org.mule.module.http.internal.listener.DefaultHttpListenerConfig.start(DefaultHttpListenerConfig.java:274)
	at sun.reflect.GeneratedMethodAccessor11.invoke(Unknown Source)
	at sun.reflect.DelegatingMethodAccessorImpl.invoke(Unknown Source)
	at java.lang.reflect.Method.invoke(Unknown Source)
	at org.mule.lifecycle.phases.DefaultLifecyclePhase.applyLifecycle(DefaultLifecyclePhase.java:237)
	at org.mule.lifecycle.RegistryLifecycleCallback.doApplyLifecycle(RegistryLifecycleCallback.java:99)
	at org.mule.lifecycle.RegistryLifecycleCallback.onTransition(RegistryLifecycleCallback.java:71)
	at org.mule.lifecycle.RegistryLifecycleManager.invokePhase(RegistryLifecycleManager.java:155)
	at org.mule.lifecycle.RegistryLifecycleManager.fireLifecycle(RegistryLifecycleManager.java:126)
	at org.mule.registry.AbstractRegistryBroker.fireLifecycle(AbstractRegistryBroker.java:88)
	at org.mule.registry.MuleRegistryHelper.fireLifecycle(MuleRegistryHelper.java:141)
	at org.mule.lifecycle.MuleContextLifecycleManager$MuleContextLifecycleCallback.onTransition(MuleContextLifecycleManager.java:91)
	at org.mule.lifecycle.MuleContextLifecycleManager$MuleContextLifecycleCallback.onTransition(MuleContextLifecycleManager.java:87)
	at org.mule.lifecycle.MuleContextLifecycleManager.invokePhase(MuleContextLifecycleManager.java:69)
	at org.mule.lifecycle.MuleContextLifecycleManager.fireLifecycle(MuleContextLifecycleManager.java:61)
	at org.mule.DefaultMuleContext.start(DefaultMuleContext.java:317)
	at org.mule.module.launcher.application.DefaultMuleApplication.start(DefaultMuleApplication.java:139)
	at org.mule.module.launcher.artifact.ArtifactWrapper$4.execute(ArtifactWrapper.java:105)
	at org.mule.module.launcher.artifact.ArtifactWrapper.executeWithinArtifactClassLoader(ArtifactWrapper.java:136)
	at org.mule.module.launcher.artifact.ArtifactWrapper.start(ArtifactWrapper.java:100)
	at org.mule.module.launcher.DefaultArtifactDeployer.deploy(DefaultArtifactDeployer.java:26)
	at org.mule.module.launcher.DefaultArchiveDeployer.redeploy(DefaultArchiveDeployer.java:470)
	at org.mule.module.launcher.DeploymentDirectoryWatcher.redeployModifiedArtifacts(DeploymentDirectoryWatcher.java:562)
	at org.mule.module.launcher.DeploymentDirectoryWatcher.redeployModifiedApplications(DeploymentDirectoryWatcher.java:539)
	at org.mule.module.launcher.DeploymentDirectoryWatcher.run(DeploymentDirectoryWatcher.java:352)
	at java.util.concurrent.Executors$RunnableAdapter.call(Unknown Source)
	at java.util.concurrent.FutureTask.runAndReset(Unknown Source)
	at java.util.concurrent.ScheduledThreadPoolExecutor$ScheduledFutureTask.access$301(Unknown Source)
	at java.util.concurrent.ScheduledThreadPoolExecutor$ScheduledFutureTask.run(Unknown Source)
	at java.util.concurrent.ThreadPoolExecutor.runWorker(Unknown Source)
	at java.util.concurrent.ThreadPoolExecutor$Worker.run(Unknown Source)
	at java.lang.Thread.run(Unknown Source)

********************************************************************************

2018-01-05 10:37:04,091 [Mule.app.deployer.monitor.1.thread.1] INFO  org.mule.module.launcher.application.DefaultMuleApplication - 
++++++++++++++++++++++++++++++++++++++++++++++++++++++++++++
+ Disposing app 'consuming'                                +
++++++++++++++++++++++++++++++++++++++++++++++++++++++++++++
2018-01-05 10:37:04,091 [Mule.app.deployer.monitor.1.thread.1] INFO  org.mule.lifecycle.AbstractLifecycleManager - Disposing RegistryBroker
2018-01-05 10:37:04,091 [Mule.app.deployer.monitor.1.thread.1] INFO  org.mule.construct.FlowConstructLifecycleManager - Disposing flow: consumingFlow
2018-01-05 10:37:04,091 [Mule.app.deployer.monitor.1.thread.1] INFO  org.mule.processor.SedaStageLifecycleManager - Disposing service: consumingFlow.stage1
2018-01-05 10:37:04,091 [Mule.app.deployer.monitor.1.thread.1] INFO  org.mule.lifecycle.AbstractLifecycleManager - Disposing model: _muleSystemModel
2018-01-05 10:37:04,138 [Mule.app.deployer.monitor.1.thread.1] INFO  org.mule.config.spring.MuleArtifactContext - Closing org.mule.config.spring.MuleArtifactContext@536e6c3d: startup date [Fri Jan 05 10:36:59 IST 2018]; root of context hierarchy
2018-01-05 10:37:04,285 [Mule.app.deployer.monitor.1.thread.1] INFO  org.mule.DefaultMuleContext - 
**********************************************************************
* Application "consuming" shut down normally on: 1/5/18 10:37 AM     *
* Up for: 0 days, 0 hours, 0 mins, 0.231 sec                         *
**********************************************************************
2018-01-05 10:37:04,332 [Mule.app.deployer.monitor.1.thread.1] INFO  org.mule.module.launcher.application.DefaultMuleApplication - 
++++++++++++++++++++++++++++++++++++++++++++++++++++++++++++
+ Starting app 'consuming'                                 +
++++++++++++++++++++++++++++++++++++++++++++++++++++++++++++
2018-01-05 10:37:04,338 [Mule.app.deployer.monitor.1.thread.1] INFO  org.mule.util.queue.QueueXaResourceManager - Starting ResourceManager
2018-01-05 10:37:04,338 [Mule.app.deployer.monitor.1.thread.1] INFO  org.mule.util.queue.QueueXaResourceManager - Started ResourceManager
2018-01-05 10:37:04,385 [Mule.app.deployer.monitor.1.thread.1] ERROR org.mule.module.launcher.application.DefaultMuleApplication - 
********************************************************************************
Message               : Failed to invoke lifecycle phase "start" on object: org.mule.module.http.internal.listener.DefaultHttpListenerConfig@77d29512
Element               : /HTTP_Listener_Configuration @ app:consuming.xml:10 (HTTP Listener Configuration)
--------------------------------------------------------------------------------
Root Exception stack trace:
java.net.BindException: Address already in use: bind
	at sun.nio.ch.Net.bind0(Native Method)
	at sun.nio.ch.Net.bind(Unknown Source)
	at sun.nio.ch.Net.bind(Unknown Source)
	at sun.nio.ch.ServerSocketChannelImpl.bind(Unknown Source)
	at sun.nio.ch.ServerSocketAdaptor.bind(Unknown Source)
	at org.glassfish.grizzly.nio.transport.TCPNIOBindingHandler.bindToChannelAndAddress(TCPNIOBindingHandler.java:131)
	at org.glassfish.grizzly.nio.transport.TCPNIOBindingHandler.bind(TCPNIOBindingHandler.java:88)
	at org.glassfish.grizzly.nio.transport.TCPNIOTransport.bind(TCPNIOTransport.java:239)
	at org.glassfish.grizzly.nio.transport.TCPNIOTransport.bind(TCPNIOTransport.java:219)
	at org.glassfish.grizzly.nio.transport.TCPNIOTransport.bind(TCPNIOTransport.java:210)
	at org.mule.module.http.internal.listener.grizzly.GrizzlyServer.start(GrizzlyServer.java:41)
	at org.mule.module.http.internal.listener.DefaultHttpListenerConfig.start(DefaultHttpListenerConfig.java:274)
	at sun.reflect.GeneratedMethodAccessor17.invoke(Unknown Source)
	at sun.reflect.DelegatingMethodAccessorImpl.invoke(Unknown Source)
	at java.lang.reflect.Method.invoke(Unknown Source)
	at org.mule.lifecycle.phases.DefaultLifecyclePhase.applyLifecycle(DefaultLifecyclePhase.java:237)
	at org.mule.lifecycle.RegistryLifecycleCallback.doApplyLifecycle(RegistryLifecycleCallback.java:99)
	at org.mule.lifecycle.RegistryLifecycleCallback.onTransition(RegistryLifecycleCallback.java:71)
	at org.mule.lifecycle.RegistryLifecycleManager.invokePhase(RegistryLifecycleManager.java:155)
	at org.mule.lifecycle.RegistryLifecycleManager.fireLifecycle(RegistryLifecycleManager.java:126)
	at org.mule.registry.AbstractRegistryBroker.fireLifecycle(AbstractRegistryBroker.java:88)
	at org.mule.registry.MuleRegistryHelper.fireLifecycle(MuleRegistryHelper.java:141)
	at org.mule.lifecycle.MuleContextLifecycleManager$MuleContextLifecycleCallback.onTransition(MuleContextLifecycleManager.java:91)
	at org.mule.lifecycle.MuleContextLifecycleManager$MuleContextLifecycleCallback.onTransition(MuleContextLifecycleManager.java:87)
	at org.mule.lifecycle.MuleContextLifecycleManager.invokePhase(MuleContextLifecycleManager.java:69)
	at org.mule.lifecycle.MuleContextLifecycleManager.fireLifecycle(MuleContextLifecycleManager.java:61)
	at org.mule.DefaultMuleContext.start(DefaultMuleContext.java:317)
	at org.mule.module.launcher.application.DefaultMuleApplication.start(DefaultMuleApplication.java:139)
	at org.mule.module.launcher.artifact.ArtifactWrapper$4.execute(ArtifactWrapper.java:105)
	at org.mule.module.launcher.artifact.ArtifactWrapper.executeWithinArtifactClassLoader(ArtifactWrapper.java:136)
	at org.mule.module.launcher.artifact.ArtifactWrapper.start(ArtifactWrapper.java:100)
	at org.mule.module.launcher.DefaultArtifactDeployer.deploy(DefaultArtifactDeployer.java:26)
	at org.mule.module.launcher.DefaultArchiveDeployer.redeploy(DefaultArchiveDeployer.java:470)
	at org.mule.module.launcher.DeploymentDirectoryWatcher.redeployModifiedArtifacts(DeploymentDirectoryWatcher.java:562)
	at org.mule.module.launcher.DeploymentDirectoryWatcher.redeployModifiedApplications(DeploymentDirectoryWatcher.java:539)
	at org.mule.module.launcher.DeploymentDirectoryWatcher.run(DeploymentDirectoryWatcher.java:352)
	at java.util.concurrent.Executors$RunnableAdapter.call(Unknown Source)
	at java.util.concurrent.FutureTask.runAndReset(Unknown Source)
	at java.util.concurrent.ScheduledThreadPoolExecutor$ScheduledFutureTask.access$301(Unknown Source)
	at java.util.concurrent.ScheduledThreadPoolExecutor$ScheduledFutureTask.run(Unknown Source)
	at java.util.concurrent.ThreadPoolExecutor.runWorker(Unknown Source)
	at java.util.concurrent.ThreadPoolExecutor$Worker.run(Unknown Source)
	at java.lang.Thread.run(Unknown Source)

********************************************************************************

2018-01-05 10:37:04,385 [Mule.app.deployer.monitor.1.thread.1] INFO  org.mule.module.launcher.application.DefaultMuleApplication - 
++++++++++++++++++++++++++++++++++++++++++++++++++++++++++++
+ Disposing app 'consuming'                                +
++++++++++++++++++++++++++++++++++++++++++++++++++++++++++++
2018-01-05 10:37:04,385 [Mule.app.deployer.monitor.1.thread.1] INFO  org.mule.lifecycle.AbstractLifecycleManager - Disposing RegistryBroker
2018-01-05 10:37:04,385 [Mule.app.deployer.monitor.1.thread.1] INFO  org.mule.construct.FlowConstructLifecycleManager - Disposing flow: consumingFlow
2018-01-05 10:37:04,385 [Mule.app.deployer.monitor.1.thread.1] INFO  org.mule.processor.SedaStageLifecycleManager - Disposing service: consumingFlow.stage1
2018-01-05 10:37:04,385 [Mule.app.deployer.monitor.1.thread.1] INFO  org.mule.lifecycle.AbstractLifecycleManager - Disposing model: _muleSystemModel
2018-01-05 10:37:04,416 [Mule.app.deployer.monitor.1.thread.1] INFO  org.mule.config.spring.MuleArtifactContext - Closing org.mule.config.spring.MuleArtifactContext@404ba2a2: startup date [Fri Jan 05 10:36:59 IST 2018]; root of context hierarchy
2018-01-05 10:37:04,460 [Mule.app.deployer.monitor.1.thread.1] INFO  org.mule.module.launcher.application.DefaultMuleApplication - 
++++++++++++++++++++++++++++++++++++++++++++++++++++++++++++
+ Starting app 'consuming'                                 +
++++++++++++++++++++++++++++++++++++++++++++++++++++++++++++
2018-01-05 10:37:04,465 [Mule.app.deployer.monitor.1.thread.1] INFO  org.mule.util.queue.QueueXaResourceManager - Starting ResourceManager
2018-01-05 10:37:04,465 [Mule.app.deployer.monitor.1.thread.1] INFO  org.mule.util.queue.QueueXaResourceManager - Started ResourceManager
2018-01-05 10:37:04,504 [Mule.app.deployer.monitor.1.thread.1] ERROR org.mule.module.launcher.application.DefaultMuleApplication - 
********************************************************************************
Message               : Failed to invoke lifecycle phase "start" on object: org.mule.module.http.internal.listener.DefaultHttpListenerConfig@60bd960
Element               : /HTTP_Listener_Configuration @ app:consuming.xml:10 (HTTP Listener Configuration)
--------------------------------------------------------------------------------
Root Exception stack trace:
java.net.BindException: Address already in use: bind
	at sun.nio.ch.Net.bind0(Native Method)
	at sun.nio.ch.Net.bind(Unknown Source)
	at sun.nio.ch.Net.bind(Unknown Source)
	at sun.nio.ch.ServerSocketChannelImpl.bind(Unknown Source)
	at sun.nio.ch.ServerSocketAdaptor.bind(Unknown Source)
	at org.glassfish.grizzly.nio.transport.TCPNIOBindingHandler.bindToChannelAndAddress(TCPNIOBindingHandler.java:131)
	at org.glassfish.grizzly.nio.transport.TCPNIOBindingHandler.bind(TCPNIOBindingHandler.java:88)
	at org.glassfish.grizzly.nio.transport.TCPNIOTransport.bind(TCPNIOTransport.java:239)
	at org.glassfish.grizzly.nio.transport.TCPNIOTransport.bind(TCPNIOTransport.java:219)
	at org.glassfish.grizzly.nio.transport.TCPNIOTransport.bind(TCPNIOTransport.java:210)
	at org.mule.module.http.internal.listener.grizzly.GrizzlyServer.start(GrizzlyServer.java:41)
	at org.mule.module.http.internal.listener.DefaultHttpListenerConfig.start(DefaultHttpListenerConfig.java:274)
	at sun.reflect.GeneratedMethodAccessor11.invoke(Unknown Source)
	at sun.reflect.DelegatingMethodAccessorImpl.invoke(Unknown Source)
	at java.lang.reflect.Method.invoke(Unknown Source)
	at org.mule.lifecycle.phases.DefaultLifecyclePhase.applyLifecycle(DefaultLifecyclePhase.java:237)
	at org.mule.lifecycle.RegistryLifecycleCallback.doApplyLifecycle(RegistryLifecycleCallback.java:99)
	at org.mule.lifecycle.RegistryLifecycleCallback.onTransition(RegistryLifecycleCallback.java:71)
	at org.mule.lifecycle.RegistryLifecycleManager.invokePhase(RegistryLifecycleManager.java:155)
	at org.mule.lifecycle.RegistryLifecycleManager.fireLifecycle(RegistryLifecycleManager.java:126)
	at org.mule.registry.AbstractRegistryBroker.fireLifecycle(AbstractRegistryBroker.java:88)
	at org.mule.registry.MuleRegistryHelper.fireLifecycle(MuleRegistryHelper.java:141)
	at org.mule.lifecycle.MuleContextLifecycleManager$MuleContextLifecycleCallback.onTransition(MuleContextLifecycleManager.java:91)
	at org.mule.lifecycle.MuleContextLifecycleManager$MuleContextLifecycleCallback.onTransition(MuleContextLifecycleManager.java:87)
	at org.mule.lifecycle.MuleContextLifecycleManager.invokePhase(MuleContextLifecycleManager.java:69)
	at org.mule.lifecycle.MuleContextLifecycleManager.fireLifecycle(MuleContextLifecycleManager.java:61)
	at org.mule.DefaultMuleContext.start(DefaultMuleContext.java:317)
	at org.mule.module.launcher.application.DefaultMuleApplication.start(DefaultMuleApplication.java:139)
	at org.mule.module.launcher.artifact.ArtifactWrapper$4.execute(ArtifactWrapper.java:105)
	at org.mule.module.launcher.artifact.ArtifactWrapper.executeWithinArtifactClassLoader(ArtifactWrapper.java:136)
	at org.mule.module.launcher.artifact.ArtifactWrapper.start(ArtifactWrapper.java:100)
	at org.mule.module.launcher.DefaultArtifactDeployer.deploy(DefaultArtifactDeployer.java:26)
	at org.mule.module.launcher.DefaultArchiveDeployer.redeploy(DefaultArchiveDeployer.java:470)
	at org.mule.module.launcher.DeploymentDirectoryWatcher.redeployModifiedArtifacts(DeploymentDirectoryWatcher.java:562)
	at org.mule.module.launcher.DeploymentDirectoryWatcher.redeployModifiedApplications(DeploymentDirectoryWatcher.java:539)
	at org.mule.module.launcher.DeploymentDirectoryWatcher.run(DeploymentDirectoryWatcher.java:352)
	at java.util.concurrent.Executors$RunnableAdapter.call(Unknown Source)
	at java.util.concurrent.FutureTask.runAndReset(Unknown Source)
	at java.util.concurrent.ScheduledThreadPoolExecutor$ScheduledFutureTask.access$301(Unknown Source)
	at java.util.concurrent.ScheduledThreadPoolExecutor$ScheduledFutureTask.run(Unknown Source)
	at java.util.concurrent.ThreadPoolExecutor.runWorker(Unknown Source)
	at java.util.concurrent.ThreadPoolExecutor$Worker.run(Unknown Source)
	at java.lang.Thread.run(Unknown Source)

********************************************************************************

2018-01-05 10:37:04,504 [Mule.app.deployer.monitor.1.thread.1] INFO  org.mule.module.launcher.application.DefaultMuleApplication - 
++++++++++++++++++++++++++++++++++++++++++++++++++++++++++++
+ Disposing app 'consuming'                                +
++++++++++++++++++++++++++++++++++++++++++++++++++++++++++++
2018-01-05 10:37:04,504 [Mule.app.deployer.monitor.1.thread.1] INFO  org.mule.lifecycle.AbstractLifecycleManager - Disposing RegistryBroker
2018-01-05 10:37:04,504 [Mule.app.deployer.monitor.1.thread.1] INFO  org.mule.construct.FlowConstructLifecycleManager - Disposing flow: consumingFlow
2018-01-05 10:37:04,504 [Mule.app.deployer.monitor.1.thread.1] INFO  org.mule.processor.SedaStageLifecycleManager - Disposing service: consumingFlow.stage1
2018-01-05 10:37:04,504 [Mule.app.deployer.monitor.1.thread.1] INFO  org.mule.lifecycle.AbstractLifecycleManager - Disposing model: _muleSystemModel
2018-01-05 10:37:04,535 [Mule.app.deployer.monitor.1.thread.1] INFO  org.mule.config.spring.MuleArtifactContext - Closing org.mule.config.spring.MuleArtifactContext@7bc7e694: startup date [Fri Jan 05 10:36:59 IST 2018]; root of context hierarchy
2018-01-05 10:37:04,598 [Mule.app.deployer.monitor.1.thread.1] INFO  org.mule.DefaultMuleContext - 
**********************************************************************
* Application "consuming" shut down normally on: 1/5/18 10:37 AM     *
* Up for: 0 days, 0 hours, 0 mins, 0.266 sec                         *
**********************************************************************
2018-01-05 10:37:04,721 [Mule.app.deployer.monitor.1.thread.1] INFO  org.mule.DefaultMuleContext - 
**********************************************************************
* Application "consuming" shut down normally on: 1/5/18 10:37 AM     *
* Up for: 0 days, 0 hours, 0 mins, 0.261 sec                         *
**********************************************************************
