2018-01-05 09:59:01,213 [main] INFO  org.mule.module.launcher.application.DefaultMuleApplication - 
++++++++++++++++++++++++++++++++++++++++++++++++++++++++++++
+ Initializing app 'consumeadd'                            +
++++++++++++++++++++++++++++++++++++++++++++++++++++++++++++
2018-01-05 09:59:01,492 [main] INFO  org.mule.lifecycle.AbstractLifecycleManager - Initialising RegistryBroker
2018-01-05 09:59:01,666 [main] INFO  org.mule.module.extension.internal.manager.DefaultExtensionManager - Starting discovery of extensions
2018-01-05 09:59:01,851 [main] INFO  org.mule.module.extension.internal.manager.DefaultExtensionManager - Discovered 1 extensions
2018-01-05 09:59:01,851 [main] INFO  org.mule.module.extension.internal.manager.DefaultExtensionManager - Registering extension validation (version 3.8)
2018-01-05 09:59:01,945 [main] INFO  org.mule.config.spring.MuleArtifactContext - Refreshing org.mule.config.spring.MuleArtifactContext@3d6300e8: startup date [Fri Jan 05 09:59:01 IST 2018]; root of context hierarchy
2018-01-05 09:59:03,999 [main] INFO  org.mule.config.spring.processors.NoDevkitInjectorProcessor - JSR-330 'javax.inject.Inject' annotation found and supported for autowiring
2018-01-05 09:59:05,074 [main] WARN  org.mule.module.ognl.expression.OgnlExpressionEvaluator - OGNL module is deprecated and will be removed in Mule 4.0. Use MEL expressions instead.
2018-01-05 09:59:06,083 [main] INFO  org.mule.util.journal.TransactionJournal - Using files for tx logs C:\Users\M1043231\AnypointStudio\workspace\.mule\.\.mule\consumeadd\queue-tx-log\tx1.log and C:\Users\M1043231\AnypointStudio\workspace\.mule\.\.mule\consumeadd\queue-tx-log\tx2.log
2018-01-05 09:59:06,104 [main] INFO  org.mule.util.journal.TransactionJournal - Using files for tx logs C:\Users\M1043231\AnypointStudio\workspace\.mule\.\.mule\consumeadd\queue-xa-tx-log\tx1.log and C:\Users\M1043231\AnypointStudio\workspace\.mule\.\.mule\consumeadd\queue-xa-tx-log\tx2.log
2018-01-05 09:59:06,213 [main] INFO  org.mule.lifecycle.AbstractLifecycleManager - Initialising model: _muleSystemModel
2018-01-05 09:59:06,229 [main] INFO  org.mule.construct.FlowConstructLifecycleManager - Initialising flow: consumeaddFlow
2018-01-05 09:59:06,229 [main] INFO  org.mule.exception.DefaultMessagingExceptionStrategy - Initialising exception listener: org.mule.exception.DefaultMessagingExceptionStrategy@2b916808
2018-01-05 09:59:06,269 [main] INFO  org.mule.processor.SedaStageLifecycleManager - Initialising service: consumeaddFlow.stage1
2018-01-05 09:59:06,399 [main] WARN  org.mule.util.xmlsecurity.DefaultXMLSecureFactories - Can't configure XML entity expansion for TransformerFactory (org.apache.xalan.processor.TransformerFactoryImpl), this could introduce XXE and BL vulnerabilities
2018-01-05 09:59:08,065 [main] INFO  org.mule.config.spring.SpringXmlConfigurationBuilder - Configured Mule using "org.mule.config.spring.SpringXmlConfigurationBuilder" with configuration resource(s): "[ConfigResource{resourceName='C:\Users\M1043231\AnypointStudio\workspace\.mule\apps\consumeadd\consumeadd.xml'}]"
2018-01-05 09:59:08,066 [main] INFO  org.mule.config.builders.AutoConfigurationBuilder - Configured Mule using "org.mule.config.builders.AutoConfigurationBuilder" with configuration resource(s): "[ConfigResource{resourceName='C:\Users\M1043231\AnypointStudio\workspace\.mule\apps\consumeadd\consumeadd.xml'}]"
2018-01-05 09:59:11,103 [main] INFO  org.mule.module.launcher.application.DefaultMuleApplication - 
++++++++++++++++++++++++++++++++++++++++++++++++++++++++++++
+ Starting app 'consumeadd'                                +
++++++++++++++++++++++++++++++++++++++++++++++++++++++++++++
2018-01-05 09:59:11,109 [main] INFO  org.mule.util.queue.QueueXaResourceManager - Starting ResourceManager
2018-01-05 09:59:11,109 [main] INFO  org.mule.util.queue.QueueXaResourceManager - Started ResourceManager
2018-01-05 09:59:11,218 [main] INFO  org.mule.module.http.internal.listener.DefaultHttpListenerConfig - Listening for requests on http://localhost:8081
2018-01-05 09:59:11,218 [main] INFO  org.mule.modules.oauth2.provider.agents.DefaultSplashScreenAgent - 
++++++++++++++++++++++++++++++++++++++++++++++++++++++++++++++++++++++++++++++++
+ DevKit Extensions (0) used in this application 
                             +
++++++++++++++++++++++++++++++++++++++++++++++++++++++++++++++++++++++++++++++++
2018-01-05 09:59:11,218 [main] INFO  org.mule.lifecycle.AbstractLifecycleManager - Starting model: _muleSystemModel
2018-01-05 09:59:11,218 [main] INFO  org.mule.construct.FlowConstructLifecycleManager - Starting flow: consumeaddFlow
2018-01-05 09:59:11,218 [main] INFO  org.mule.processor.SedaStageLifecycleManager - Starting service: consumeaddFlow.stage1
2018-01-05 09:59:11,308 [main] INFO  org.mule.module.management.agent.WrapperManagerAgent - This JVM hasn't been launched by the wrapper, the agent will not run.
2018-01-05 09:59:11,336 [main] INFO  org.mule.DefaultMuleContext - 
**********************************************************************
* Application: consumeadd                                            *
* OS encoding: \, Mule encoding: UTF-8                               *
*                                                                    *
* Agents Running:                                                    *
*   DevKit Extension Information                                     *
*   JMX Agent                                                        *
*   Batch module default engine                                      *
*   Wrapper Manager                                                  *
**********************************************************************
2018-01-05 13:44:43,362 [main] INFO  org.mule.module.launcher.application.DefaultMuleApplication - 
++++++++++++++++++++++++++++++++++++++++++++++++++++++++++++
+ Initializing app 'consumeadd'                            +
++++++++++++++++++++++++++++++++++++++++++++++++++++++++++++
2018-01-05 13:44:43,646 [main] INFO  org.mule.lifecycle.AbstractLifecycleManager - Initialising RegistryBroker
2018-01-05 13:44:43,837 [main] INFO  org.mule.module.extension.internal.manager.DefaultExtensionManager - Starting discovery of extensions
2018-01-05 13:44:44,056 [main] INFO  org.mule.module.extension.internal.manager.DefaultExtensionManager - Discovered 1 extensions
2018-01-05 13:44:44,056 [main] INFO  org.mule.module.extension.internal.manager.DefaultExtensionManager - Registering extension validation (version 3.8)
2018-01-05 13:44:44,172 [main] INFO  org.mule.config.spring.MuleArtifactContext - Refreshing org.mule.config.spring.MuleArtifactContext@3d6300e8: startup date [Fri Jan 05 13:44:44 IST 2018]; root of context hierarchy
2018-01-05 13:44:46,247 [main] INFO  org.mule.config.spring.processors.NoDevkitInjectorProcessor - JSR-330 'javax.inject.Inject' annotation found and supported for autowiring
2018-01-05 13:44:47,443 [main] WARN  org.mule.module.ognl.expression.OgnlExpressionEvaluator - OGNL module is deprecated and will be removed in Mule 4.0. Use MEL expressions instead.
2018-01-05 13:44:48,368 [main] INFO  org.mule.util.journal.TransactionJournal - Using files for tx logs C:\Users\M1043231\AnypointStudio\workspace\.mule\.\.mule\consumeadd\queue-tx-log\tx1.log and C:\Users\M1043231\AnypointStudio\workspace\.mule\.\.mule\consumeadd\queue-tx-log\tx2.log
2018-01-05 13:44:48,399 [main] INFO  org.mule.util.journal.TransactionJournal - Using files for tx logs C:\Users\M1043231\AnypointStudio\workspace\.mule\.\.mule\consumeadd\queue-xa-tx-log\tx1.log and C:\Users\M1043231\AnypointStudio\workspace\.mule\.\.mule\consumeadd\queue-xa-tx-log\tx2.log
2018-01-05 13:44:48,552 [main] INFO  org.mule.lifecycle.AbstractLifecycleManager - Initialising model: _muleSystemModel
2018-01-05 13:44:48,557 [main] INFO  org.mule.construct.FlowConstructLifecycleManager - Initialising flow: consumeaddFlow
2018-01-05 13:44:48,557 [main] INFO  org.mule.exception.DefaultMessagingExceptionStrategy - Initialising exception listener: org.mule.exception.DefaultMessagingExceptionStrategy@55fdf7f9
2018-01-05 13:44:48,604 [main] INFO  org.mule.processor.SedaStageLifecycleManager - Initialising service: consumeaddFlow.stage1
2018-01-05 13:44:48,772 [main] WARN  org.mule.util.xmlsecurity.DefaultXMLSecureFactories - Can't configure XML entity expansion for TransformerFactory (org.apache.xalan.processor.TransformerFactoryImpl), this could introduce XXE and BL vulnerabilities
2018-01-05 13:44:50,886 [main] INFO  org.mule.config.spring.SpringXmlConfigurationBuilder - Configured Mule using "org.mule.config.spring.SpringXmlConfigurationBuilder" with configuration resource(s): "[ConfigResource{resourceName='C:\Users\M1043231\AnypointStudio\workspace\.mule\apps\consumeadd\consumeadd.xml'}]"
2018-01-05 13:44:50,886 [main] INFO  org.mule.config.builders.AutoConfigurationBuilder - Configured Mule using "org.mule.config.builders.AutoConfigurationBuilder" with configuration resource(s): "[ConfigResource{resourceName='C:\Users\M1043231\AnypointStudio\workspace\.mule\apps\consumeadd\consumeadd.xml'}]"
2018-01-05 13:44:53,899 [main] INFO  org.mule.module.launcher.application.DefaultMuleApplication - 
++++++++++++++++++++++++++++++++++++++++++++++++++++++++++++
+ Starting app 'consumeadd'                                +
++++++++++++++++++++++++++++++++++++++++++++++++++++++++++++
2018-01-05 13:44:53,912 [main] INFO  org.mule.util.queue.QueueXaResourceManager - Starting ResourceManager
2018-01-05 13:44:53,913 [main] INFO  org.mule.util.queue.QueueXaResourceManager - Started ResourceManager
2018-01-05 13:44:54,021 [main] INFO  org.mule.module.http.internal.listener.DefaultHttpListenerConfig - Listening for requests on http://localhost:8081
2018-01-05 13:44:54,037 [main] INFO  org.mule.modules.oauth2.provider.agents.DefaultSplashScreenAgent - 
++++++++++++++++++++++++++++++++++++++++++++++++++++++++++++++++++++++++++++++++
+ DevKit Extensions (0) used in this application 
                             +
++++++++++++++++++++++++++++++++++++++++++++++++++++++++++++++++++++++++++++++++
2018-01-05 13:44:54,037 [main] INFO  org.mule.lifecycle.AbstractLifecycleManager - Starting model: _muleSystemModel
2018-01-05 13:44:54,037 [main] INFO  org.mule.construct.FlowConstructLifecycleManager - Starting flow: consumeaddFlow
2018-01-05 13:44:54,037 [main] INFO  org.mule.processor.SedaStageLifecycleManager - Starting service: consumeaddFlow.stage1
2018-01-05 13:44:54,115 [main] INFO  org.mule.module.management.agent.WrapperManagerAgent - This JVM hasn't been launched by the wrapper, the agent will not run.
2018-01-05 13:44:54,131 [main] INFO  org.mule.DefaultMuleContext - 
**********************************************************************
* Application: consumeadd                                            *
* OS encoding: \, Mule encoding: UTF-8                               *
*                                                                    *
* Agents Running:                                                    *
*   DevKit Extension Information                                     *
*   JMX Agent                                                        *
*   Batch module default engine                                      *
*   Wrapper Manager                                                  *
**********************************************************************
2018-01-05 13:45:12,218 [main] INFO  org.mule.module.launcher.application.DefaultMuleApplication - 
++++++++++++++++++++++++++++++++++++++++++++++++++++++++++++
+ Initializing app 'consumeadd'                            +
++++++++++++++++++++++++++++++++++++++++++++++++++++++++++++
2018-01-05 13:45:12,491 [main] INFO  org.mule.lifecycle.AbstractLifecycleManager - Initialising RegistryBroker
2018-01-05 13:45:12,668 [main] INFO  org.mule.module.extension.internal.manager.DefaultExtensionManager - Starting discovery of extensions
2018-01-05 13:45:12,837 [main] INFO  org.mule.module.extension.internal.manager.DefaultExtensionManager - Discovered 1 extensions
2018-01-05 13:45:12,840 [main] INFO  org.mule.module.extension.internal.manager.DefaultExtensionManager - Registering extension validation (version 3.8)
2018-01-05 13:45:12,975 [main] INFO  org.mule.config.spring.MuleArtifactContext - Refreshing org.mule.config.spring.MuleArtifactContext@3d6300e8: startup date [Fri Jan 05 13:45:12 IST 2018]; root of context hierarchy
2018-01-05 13:45:14,943 [main] INFO  org.mule.config.spring.processors.NoDevkitInjectorProcessor - JSR-330 'javax.inject.Inject' annotation found and supported for autowiring
2018-01-05 13:45:16,005 [main] WARN  org.mule.module.ognl.expression.OgnlExpressionEvaluator - OGNL module is deprecated and will be removed in Mule 4.0. Use MEL expressions instead.
2018-01-05 13:45:17,030 [main] INFO  org.mule.util.journal.TransactionJournal - Using files for tx logs C:\Users\M1043231\AnypointStudio\workspace\.mule\.\.mule\consumeadd\queue-tx-log\tx1.log and C:\Users\M1043231\AnypointStudio\workspace\.mule\.\.mule\consumeadd\queue-tx-log\tx2.log
2018-01-05 13:45:17,061 [main] INFO  org.mule.util.journal.TransactionJournal - Using files for tx logs C:\Users\M1043231\AnypointStudio\workspace\.mule\.\.mule\consumeadd\queue-xa-tx-log\tx1.log and C:\Users\M1043231\AnypointStudio\workspace\.mule\.\.mule\consumeadd\queue-xa-tx-log\tx2.log
2018-01-05 13:45:17,201 [main] INFO  org.mule.lifecycle.AbstractLifecycleManager - Initialising model: _muleSystemModel
2018-01-05 13:45:17,217 [main] INFO  org.mule.construct.FlowConstructLifecycleManager - Initialising flow: consumeaddFlow
2018-01-05 13:45:17,217 [main] INFO  org.mule.exception.DefaultMessagingExceptionStrategy - Initialising exception listener: org.mule.exception.DefaultMessagingExceptionStrategy@7a3269f5
2018-01-05 13:45:17,273 [main] INFO  org.mule.processor.SedaStageLifecycleManager - Initialising service: consumeaddFlow.stage1
2018-01-05 13:45:17,474 [main] WARN  org.mule.util.xmlsecurity.DefaultXMLSecureFactories - Can't configure XML entity expansion for TransformerFactory (org.apache.xalan.processor.TransformerFactoryImpl), this could introduce XXE and BL vulnerabilities
2018-01-05 13:45:19,670 [main] INFO  org.mule.config.spring.SpringXmlConfigurationBuilder - Configured Mule using "org.mule.config.spring.SpringXmlConfigurationBuilder" with configuration resource(s): "[ConfigResource{resourceName='C:\Users\M1043231\AnypointStudio\workspace\.mule\apps\consumeadd\consumeadd.xml'}]"
2018-01-05 13:45:19,670 [main] INFO  org.mule.config.builders.AutoConfigurationBuilder - Configured Mule using "org.mule.config.builders.AutoConfigurationBuilder" with configuration resource(s): "[ConfigResource{resourceName='C:\Users\M1043231\AnypointStudio\workspace\.mule\apps\consumeadd\consumeadd.xml'}]"
2018-01-05 13:45:22,716 [main] INFO  org.mule.module.launcher.application.DefaultMuleApplication - 
++++++++++++++++++++++++++++++++++++++++++++++++++++++++++++
+ Starting app 'consumeadd'                                +
++++++++++++++++++++++++++++++++++++++++++++++++++++++++++++
2018-01-05 13:45:22,724 [main] INFO  org.mule.util.queue.QueueXaResourceManager - Starting ResourceManager
2018-01-05 13:45:22,724 [main] INFO  org.mule.util.queue.QueueXaResourceManager - Started ResourceManager
2018-01-05 13:45:22,789 [main] INFO  org.mule.module.http.internal.listener.DefaultHttpListenerConfig - Listening for requests on http://localhost:8081
2018-01-05 13:45:22,789 [main] INFO  org.mule.modules.oauth2.provider.agents.DefaultSplashScreenAgent - 
++++++++++++++++++++++++++++++++++++++++++++++++++++++++++++++++++++++++++++++++
+ DevKit Extensions (0) used in this application 
                             +
++++++++++++++++++++++++++++++++++++++++++++++++++++++++++++++++++++++++++++++++
2018-01-05 13:45:22,789 [main] INFO  org.mule.lifecycle.AbstractLifecycleManager - Starting model: _muleSystemModel
2018-01-05 13:45:22,789 [main] INFO  org.mule.construct.FlowConstructLifecycleManager - Starting flow: consumeaddFlow
2018-01-05 13:45:22,789 [main] INFO  org.mule.processor.SedaStageLifecycleManager - Starting service: consumeaddFlow.stage1
2018-01-05 13:45:22,867 [main] INFO  org.mule.module.management.agent.WrapperManagerAgent - This JVM hasn't been launched by the wrapper, the agent will not run.
2018-01-05 13:45:22,883 [main] INFO  org.mule.DefaultMuleContext - 
**********************************************************************
* Application: consumeadd                                            *
* OS encoding: \, Mule encoding: UTF-8                               *
*                                                                    *
* Agents Running:                                                    *
*   DevKit Extension Information                                     *
*   JMX Agent                                                        *
*   Batch module default engine                                      *
*   Wrapper Manager                                                  *
**********************************************************************
