2018-01-01 09:49:31,069 [main] INFO  org.mule.module.launcher.application.DefaultMuleApplication - 
++++++++++++++++++++++++++++++++++++++++++++++++++++++++++++
+ Initializing app 'sample'                                +
++++++++++++++++++++++++++++++++++++++++++++++++++++++++++++
2018-01-01 09:49:31,366 [main] INFO  org.mule.lifecycle.AbstractLifecycleManager - Initialising RegistryBroker
2018-01-01 09:49:31,547 [main] INFO  org.mule.module.extension.internal.manager.DefaultExtensionManager - Starting discovery of extensions
2018-01-01 09:49:31,757 [main] INFO  org.mule.module.extension.internal.manager.DefaultExtensionManager - Discovered 1 extensions
2018-01-01 09:49:31,757 [main] INFO  org.mule.module.extension.internal.manager.DefaultExtensionManager - Registering extension validation (version 3.8)
2018-01-01 09:49:31,895 [main] INFO  org.mule.config.spring.MuleArtifactContext - Refreshing org.mule.config.spring.MuleArtifactContext@7fb9f71f: startup date [Mon Jan 01 09:49:31 IST 2018]; root of context hierarchy
2018-01-01 09:49:33,514 [main] INFO  org.mule.lifecycle.AbstractLifecycleManager - Disposing RegistryBroker
2018-01-01 09:49:33,687 [main] ERROR org.mule.module.launcher.application.DefaultMuleApplication - null
org.xml.sax.SAXParseException: cvc-complex-type.2.4.b: The content of element 'flow' is not complete. One of '{"http://www.mulesoft.org/schema/mule/core":annotations, "http://www.mulesoft.org/schema/mule/core":description, "http://www.mulesoft.org/schema/mule/core":abstract-message-source, "http://www.mulesoft.org/schema/mule/core":abstract-inbound-endpoint, "http://www.mulesoft.org/schema/mule/core":abstract-message-processor, "http://www.mulesoft.org/schema/mule/core":abstract-outbound-endpoint, "http://www.mulesoft.org/schema/mule/core":abstract-mixed-content-message-processor, "http://www.mulesoft.org/schema/mule/core":response}' is expected.
	at org.apache.xerces.util.ErrorHandlerWrapper.createSAXParseException(Unknown Source) ~[?:?]
	at org.apache.xerces.util.ErrorHandlerWrapper.error(Unknown Source) ~[?:?]
	at org.apache.xerces.impl.XMLErrorReporter.reportError(Unknown Source) ~[?:?]
	at org.apache.xerces.impl.XMLErrorReporter.reportError(Unknown Source) ~[?:?]
	at org.apache.xerces.impl.XMLErrorReporter.reportError(Unknown Source) ~[?:?]
	at org.apache.xerces.impl.xs.XMLSchemaValidator$XSIErrorReporter.reportError(Unknown Source) ~[?:?]
	at org.apache.xerces.impl.xs.XMLSchemaValidator.reportSchemaError(Unknown Source) ~[?:?]
	at org.apache.xerces.impl.xs.XMLSchemaValidator.elementLocallyValidComplexType(Unknown Source) ~[?:?]
	at org.apache.xerces.impl.xs.XMLSchemaValidator.elementLocallyValidType(Unknown Source) ~[?:?]
	at org.apache.xerces.impl.xs.XMLSchemaValidator.processElementContent(Unknown Source) ~[?:?]
	at org.apache.xerces.impl.xs.XMLSchemaValidator.handleEndElement(Unknown Source) ~[?:?]
	at org.apache.xerces.impl.xs.XMLSchemaValidator.endElement(Unknown Source) ~[?:?]
	at org.apache.xerces.impl.XMLNSDocumentScannerImpl.scanEndElement(Unknown Source) ~[?:?]
	at org.apache.xerces.impl.XMLDocumentFragmentScannerImpl$FragmentContentDispatcher.dispatch(Unknown Source) ~[?:?]
	at org.apache.xerces.impl.XMLDocumentFragmentScannerImpl.scanDocument(Unknown Source) ~[?:?]
	at org.apache.xerces.parsers.XML11Configuration.parse(Unknown Source) ~[?:?]
	at org.apache.xerces.parsers.XML11Configuration.parse(Unknown Source) ~[?:?]
	at org.apache.xerces.parsers.XMLParser.parse(Unknown Source) ~[?:?]
	at org.apache.xerces.parsers.DOMParser.parse(Unknown Source) ~[?:?]
	at org.apache.xerces.jaxp.DocumentBuilderImpl.parse(Unknown Source) ~[?:?]
	at org.springframework.beans.factory.xml.DefaultDocumentLoader.loadDocument(DefaultDocumentLoader.java:76) ~[spring-beans-4.1.9.RELEASE.jar:4.1.9.RELEASE]
	at org.mule.config.spring.MuleDocumentLoader.loadDocument(MuleDocumentLoader.java:91) ~[mule-module-spring-config-3.8.5.jar:3.8.5]
	at org.springframework.beans.factory.xml.XmlBeanDefinitionReader.doLoadDocument(XmlBeanDefinitionReader.java:429) ~[spring-beans-4.1.9.RELEASE.jar:4.1.9.RELEASE]
	at org.springframework.beans.factory.xml.XmlBeanDefinitionReader.doLoadBeanDefinitions(XmlBeanDefinitionReader.java:391) ~[spring-beans-4.1.9.RELEASE.jar:4.1.9.RELEASE]
	at org.springframework.beans.factory.xml.XmlBeanDefinitionReader.loadBeanDefinitions(XmlBeanDefinitionReader.java:336) ~[spring-beans-4.1.9.RELEASE.jar:4.1.9.RELEASE]
	at org.springframework.beans.factory.xml.XmlBeanDefinitionReader.loadBeanDefinitions(XmlBeanDefinitionReader.java:304) ~[spring-beans-4.1.9.RELEASE.jar:4.1.9.RELEASE]
	at org.springframework.beans.factory.support.AbstractBeanDefinitionReader.loadBeanDefinitions(AbstractBeanDefinitionReader.java:181) ~[spring-beans-4.1.9.RELEASE.jar:4.1.9.RELEASE]
	at org.mule.config.spring.MuleArtifactContext.loadBeanDefinitions(MuleArtifactContext.java:192) ~[mule-module-spring-config-3.8.5.jar:3.8.5]
	at org.springframework.context.support.AbstractRefreshableApplicationContext.refreshBeanFactory(AbstractRefreshableApplicationContext.java:129) ~[spring-context-4.1.9.RELEASE.jar:4.1.9.RELEASE]
	at org.springframework.context.support.AbstractApplicationContext.obtainFreshBeanFactory(AbstractApplicationContext.java:541) ~[spring-context-4.1.9.RELEASE.jar:4.1.9.RELEASE]
	at org.springframework.context.support.AbstractApplicationContext.refresh(AbstractApplicationContext.java:452) ~[spring-context-4.1.9.RELEASE.jar:4.1.9.RELEASE]
	at org.mule.config.spring.SpringRegistry.doInitialise(SpringRegistry.java:108) ~[mule-module-spring-config-3.8.5.jar:3.8.5]
	at org.mule.registry.AbstractRegistry.initialise(AbstractRegistry.java:104) ~[mule-core-3.8.5.jar:3.8.5]
	at org.mule.config.spring.SpringXmlConfigurationBuilder.createSpringRegistry(SpringXmlConfigurationBuilder.java:177) ~[mule-module-spring-config-3.8.5.jar:3.8.5]
	at org.mule.config.spring.SpringXmlConfigurationBuilder.doConfigure(SpringXmlConfigurationBuilder.java:100) ~[mule-module-spring-config-3.8.5.jar:3.8.5]
	at org.mule.config.builders.AbstractConfigurationBuilder.configure(AbstractConfigurationBuilder.java:43) ~[mule-core-3.8.5.jar:3.8.5]
	at org.mule.config.builders.AbstractResourceConfigurationBuilder.configure(AbstractResourceConfigurationBuilder.java:69) ~[mule-core-3.8.5.jar:3.8.5]
	at org.mule.config.builders.AutoConfigurationBuilder.autoConfigure(AutoConfigurationBuilder.java:102) ~[mule-core-3.8.5.jar:3.8.5]
	at org.mule.config.builders.AutoConfigurationBuilder.doConfigure(AutoConfigurationBuilder.java:54) ~[mule-core-3.8.5.jar:3.8.5]
	at org.mule.config.builders.AbstractConfigurationBuilder.configure(AbstractConfigurationBuilder.java:43) ~[mule-core-3.8.5.jar:3.8.5]
	at org.mule.config.builders.AbstractResourceConfigurationBuilder.configure(AbstractResourceConfigurationBuilder.java:69) ~[mule-core-3.8.5.jar:3.8.5]
	at org.mule.context.DefaultMuleContextFactory$1.configure(DefaultMuleContextFactory.java:89) ~[mule-core-3.8.5.jar:3.8.5]
	at org.mule.context.DefaultMuleContextFactory.doCreateMuleContext(DefaultMuleContextFactory.java:222) ~[mule-core-3.8.5.jar:3.8.5]
	at org.mule.context.DefaultMuleContextFactory.createMuleContext(DefaultMuleContextFactory.java:81) ~[mule-core-3.8.5.jar:3.8.5]
	at org.mule.module.launcher.application.DefaultMuleApplication.init(DefaultMuleApplication.java:203) ~[mule-module-launcher-3.8.5.jar:3.8.5]
	at org.mule.module.launcher.artifact.ArtifactWrapper$2.execute(ArtifactWrapper.java:63) ~[mule-module-launcher-3.8.5.jar:3.8.5]
	at org.mule.module.launcher.artifact.ArtifactWrapper.executeWithinArtifactClassLoader(ArtifactWrapper.java:136) ~[mule-module-launcher-3.8.5.jar:3.8.5]
	at org.mule.module.launcher.artifact.ArtifactWrapper.init(ArtifactWrapper.java:58) ~[mule-module-launcher-3.8.5.jar:3.8.5]
	at org.mule.module.launcher.DefaultArtifactDeployer.deploy(DefaultArtifactDeployer.java:25) ~[mule-module-launcher-3.8.5.jar:3.8.5]
	at org.mule.module.launcher.DefaultArchiveDeployer.deployArtifact(DefaultArchiveDeployer.java:317) ~[mule-module-launcher-3.8.5.jar:3.8.5]
	at org.mule.module.launcher.DefaultArchiveDeployer.deployPackagedArtifact(DefaultArchiveDeployer.java:172) ~[mule-module-launcher-3.8.5.jar:3.8.5]
	at org.mule.module.launcher.DefaultArchiveDeployer.deployPackagedArtifact(DefaultArchiveDeployer.java:261) ~[mule-module-launcher-3.8.5.jar:3.8.5]
	at org.mule.module.launcher.DefaultArchiveDeployer.deployPackagedArtifact(DefaultArchiveDeployer.java:76) ~[mule-module-launcher-3.8.5.jar:3.8.5]
	at org.mule.module.launcher.DeploymentDirectoryWatcher.deployPackedApps(DeploymentDirectoryWatcher.java:279) ~[mule-module-launcher-3.8.5.jar:3.8.5]
	at org.mule.module.launcher.DeploymentDirectoryWatcher.start(DeploymentDirectoryWatcher.java:151) ~[mule-module-launcher-3.8.5.jar:3.8.5]
	at org.mule.module.launcher.MuleDeploymentService.start(MuleDeploymentService.java:134) ~[mule-module-launcher-3.8.5.jar:3.8.5]
	at org.mule.module.launcher.MuleContainer.start(MuleContainer.java:172) ~[mule-module-launcher-3.8.5.jar:3.8.5]
	at sun.reflect.NativeMethodAccessorImpl.invoke0(Native Method) ~[?:1.8.0_102]
	at sun.reflect.NativeMethodAccessorImpl.invoke(Unknown Source) ~[?:1.8.0_102]
	at sun.reflect.DelegatingMethodAccessorImpl.invoke(Unknown Source) ~[?:1.8.0_102]
	at java.lang.reflect.Method.invoke(Unknown Source) ~[?:1.8.0_102]
	at org.mule.tooling.server.application.ApplicationDeployer.main(ApplicationDeployer.java:33) ~[tooling-support-3.8.5.jar:?]
2018-01-01 09:49:33,687 [main] INFO  org.mule.module.launcher.application.DefaultMuleApplication - App 'sample' never started, nothing to dispose of
2018-01-01 09:51:11,099 [main] INFO  org.mule.module.launcher.application.DefaultMuleApplication - 
++++++++++++++++++++++++++++++++++++++++++++++++++++++++++++
+ Initializing app 'sample'                                +
++++++++++++++++++++++++++++++++++++++++++++++++++++++++++++
2018-01-01 09:51:11,426 [main] INFO  org.mule.lifecycle.AbstractLifecycleManager - Initialising RegistryBroker
2018-01-01 09:51:11,597 [main] INFO  org.mule.module.extension.internal.manager.DefaultExtensionManager - Starting discovery of extensions
2018-01-01 09:51:11,801 [main] INFO  org.mule.module.extension.internal.manager.DefaultExtensionManager - Discovered 1 extensions
2018-01-01 09:51:11,801 [main] INFO  org.mule.module.extension.internal.manager.DefaultExtensionManager - Registering extension validation (version 3.8)
2018-01-01 09:51:11,882 [main] INFO  org.mule.config.spring.MuleArtifactContext - Refreshing org.mule.config.spring.MuleArtifactContext@7fb9f71f: startup date [Mon Jan 01 09:51:11 IST 2018]; root of context hierarchy
2018-01-01 09:51:13,259 [main] INFO  org.mule.lifecycle.AbstractLifecycleManager - Disposing RegistryBroker
2018-01-01 09:51:13,339 [main] ERROR org.mule.module.launcher.application.DefaultMuleApplication - null
org.xml.sax.SAXParseException: cvc-complex-type.2.4.b: The content of element 'flow' is not complete. One of '{"http://www.mulesoft.org/schema/mule/core":annotations, "http://www.mulesoft.org/schema/mule/core":description, "http://www.mulesoft.org/schema/mule/core":abstract-message-source, "http://www.mulesoft.org/schema/mule/core":abstract-inbound-endpoint, "http://www.mulesoft.org/schema/mule/core":abstract-message-processor, "http://www.mulesoft.org/schema/mule/core":abstract-outbound-endpoint, "http://www.mulesoft.org/schema/mule/core":abstract-mixed-content-message-processor, "http://www.mulesoft.org/schema/mule/core":response}' is expected.
	at org.apache.xerces.util.ErrorHandlerWrapper.createSAXParseException(Unknown Source) ~[?:?]
	at org.apache.xerces.util.ErrorHandlerWrapper.error(Unknown Source) ~[?:?]
	at org.apache.xerces.impl.XMLErrorReporter.reportError(Unknown Source) ~[?:?]
	at org.apache.xerces.impl.XMLErrorReporter.reportError(Unknown Source) ~[?:?]
	at org.apache.xerces.impl.XMLErrorReporter.reportError(Unknown Source) ~[?:?]
	at org.apache.xerces.impl.xs.XMLSchemaValidator$XSIErrorReporter.reportError(Unknown Source) ~[?:?]
	at org.apache.xerces.impl.xs.XMLSchemaValidator.reportSchemaError(Unknown Source) ~[?:?]
	at org.apache.xerces.impl.xs.XMLSchemaValidator.elementLocallyValidComplexType(Unknown Source) ~[?:?]
	at org.apache.xerces.impl.xs.XMLSchemaValidator.elementLocallyValidType(Unknown Source) ~[?:?]
	at org.apache.xerces.impl.xs.XMLSchemaValidator.processElementContent(Unknown Source) ~[?:?]
	at org.apache.xerces.impl.xs.XMLSchemaValidator.handleEndElement(Unknown Source) ~[?:?]
	at org.apache.xerces.impl.xs.XMLSchemaValidator.endElement(Unknown Source) ~[?:?]
	at org.apache.xerces.impl.XMLNSDocumentScannerImpl.scanEndElement(Unknown Source) ~[?:?]
	at org.apache.xerces.impl.XMLDocumentFragmentScannerImpl$FragmentContentDispatcher.dispatch(Unknown Source) ~[?:?]
	at org.apache.xerces.impl.XMLDocumentFragmentScannerImpl.scanDocument(Unknown Source) ~[?:?]
	at org.apache.xerces.parsers.XML11Configuration.parse(Unknown Source) ~[?:?]
	at org.apache.xerces.parsers.XML11Configuration.parse(Unknown Source) ~[?:?]
	at org.apache.xerces.parsers.XMLParser.parse(Unknown Source) ~[?:?]
	at org.apache.xerces.parsers.DOMParser.parse(Unknown Source) ~[?:?]
	at org.apache.xerces.jaxp.DocumentBuilderImpl.parse(Unknown Source) ~[?:?]
	at org.springframework.beans.factory.xml.DefaultDocumentLoader.loadDocument(DefaultDocumentLoader.java:76) ~[spring-beans-4.1.9.RELEASE.jar:4.1.9.RELEASE]
	at org.mule.config.spring.MuleDocumentLoader.loadDocument(MuleDocumentLoader.java:91) ~[mule-module-spring-config-3.8.5.jar:3.8.5]
	at org.springframework.beans.factory.xml.XmlBeanDefinitionReader.doLoadDocument(XmlBeanDefinitionReader.java:429) ~[spring-beans-4.1.9.RELEASE.jar:4.1.9.RELEASE]
	at org.springframework.beans.factory.xml.XmlBeanDefinitionReader.doLoadBeanDefinitions(XmlBeanDefinitionReader.java:391) ~[spring-beans-4.1.9.RELEASE.jar:4.1.9.RELEASE]
	at org.springframework.beans.factory.xml.XmlBeanDefinitionReader.loadBeanDefinitions(XmlBeanDefinitionReader.java:336) ~[spring-beans-4.1.9.RELEASE.jar:4.1.9.RELEASE]
	at org.springframework.beans.factory.xml.XmlBeanDefinitionReader.loadBeanDefinitions(XmlBeanDefinitionReader.java:304) ~[spring-beans-4.1.9.RELEASE.jar:4.1.9.RELEASE]
	at org.springframework.beans.factory.support.AbstractBeanDefinitionReader.loadBeanDefinitions(AbstractBeanDefinitionReader.java:181) ~[spring-beans-4.1.9.RELEASE.jar:4.1.9.RELEASE]
	at org.mule.config.spring.MuleArtifactContext.loadBeanDefinitions(MuleArtifactContext.java:192) ~[mule-module-spring-config-3.8.5.jar:3.8.5]
	at org.springframework.context.support.AbstractRefreshableApplicationContext.refreshBeanFactory(AbstractRefreshableApplicationContext.java:129) ~[spring-context-4.1.9.RELEASE.jar:4.1.9.RELEASE]
	at org.springframework.context.support.AbstractApplicationContext.obtainFreshBeanFactory(AbstractApplicationContext.java:541) ~[spring-context-4.1.9.RELEASE.jar:4.1.9.RELEASE]
	at org.springframework.context.support.AbstractApplicationContext.refresh(AbstractApplicationContext.java:452) ~[spring-context-4.1.9.RELEASE.jar:4.1.9.RELEASE]
	at org.mule.config.spring.SpringRegistry.doInitialise(SpringRegistry.java:108) ~[mule-module-spring-config-3.8.5.jar:3.8.5]
	at org.mule.registry.AbstractRegistry.initialise(AbstractRegistry.java:104) ~[mule-core-3.8.5.jar:3.8.5]
	at org.mule.config.spring.SpringXmlConfigurationBuilder.createSpringRegistry(SpringXmlConfigurationBuilder.java:177) ~[mule-module-spring-config-3.8.5.jar:3.8.5]
	at org.mule.config.spring.SpringXmlConfigurationBuilder.doConfigure(SpringXmlConfigurationBuilder.java:100) ~[mule-module-spring-config-3.8.5.jar:3.8.5]
	at org.mule.config.builders.AbstractConfigurationBuilder.configure(AbstractConfigurationBuilder.java:43) ~[mule-core-3.8.5.jar:3.8.5]
	at org.mule.config.builders.AbstractResourceConfigurationBuilder.configure(AbstractResourceConfigurationBuilder.java:69) ~[mule-core-3.8.5.jar:3.8.5]
	at org.mule.config.builders.AutoConfigurationBuilder.autoConfigure(AutoConfigurationBuilder.java:102) ~[mule-core-3.8.5.jar:3.8.5]
	at org.mule.config.builders.AutoConfigurationBuilder.doConfigure(AutoConfigurationBuilder.java:54) ~[mule-core-3.8.5.jar:3.8.5]
	at org.mule.config.builders.AbstractConfigurationBuilder.configure(AbstractConfigurationBuilder.java:43) ~[mule-core-3.8.5.jar:3.8.5]
	at org.mule.config.builders.AbstractResourceConfigurationBuilder.configure(AbstractResourceConfigurationBuilder.java:69) ~[mule-core-3.8.5.jar:3.8.5]
	at org.mule.context.DefaultMuleContextFactory$1.configure(DefaultMuleContextFactory.java:89) ~[mule-core-3.8.5.jar:3.8.5]
	at org.mule.context.DefaultMuleContextFactory.doCreateMuleContext(DefaultMuleContextFactory.java:222) ~[mule-core-3.8.5.jar:3.8.5]
	at org.mule.context.DefaultMuleContextFactory.createMuleContext(DefaultMuleContextFactory.java:81) ~[mule-core-3.8.5.jar:3.8.5]
	at org.mule.module.launcher.application.DefaultMuleApplication.init(DefaultMuleApplication.java:203) ~[mule-module-launcher-3.8.5.jar:3.8.5]
	at org.mule.module.launcher.artifact.ArtifactWrapper$2.execute(ArtifactWrapper.java:63) ~[mule-module-launcher-3.8.5.jar:3.8.5]
	at org.mule.module.launcher.artifact.ArtifactWrapper.executeWithinArtifactClassLoader(ArtifactWrapper.java:136) ~[mule-module-launcher-3.8.5.jar:3.8.5]
	at org.mule.module.launcher.artifact.ArtifactWrapper.init(ArtifactWrapper.java:58) ~[mule-module-launcher-3.8.5.jar:3.8.5]
	at org.mule.module.launcher.DefaultArtifactDeployer.deploy(DefaultArtifactDeployer.java:25) ~[mule-module-launcher-3.8.5.jar:3.8.5]
	at org.mule.module.launcher.DefaultArchiveDeployer.deployArtifact(DefaultArchiveDeployer.java:317) ~[mule-module-launcher-3.8.5.jar:3.8.5]
	at org.mule.module.launcher.DefaultArchiveDeployer.deployPackagedArtifact(DefaultArchiveDeployer.java:172) ~[mule-module-launcher-3.8.5.jar:3.8.5]
	at org.mule.module.launcher.DefaultArchiveDeployer.deployPackagedArtifact(DefaultArchiveDeployer.java:261) ~[mule-module-launcher-3.8.5.jar:3.8.5]
	at org.mule.module.launcher.DefaultArchiveDeployer.deployPackagedArtifact(DefaultArchiveDeployer.java:76) ~[mule-module-launcher-3.8.5.jar:3.8.5]
	at org.mule.module.launcher.DeploymentDirectoryWatcher.deployPackedApps(DeploymentDirectoryWatcher.java:279) ~[mule-module-launcher-3.8.5.jar:3.8.5]
	at org.mule.module.launcher.DeploymentDirectoryWatcher.start(DeploymentDirectoryWatcher.java:151) ~[mule-module-launcher-3.8.5.jar:3.8.5]
	at org.mule.module.launcher.MuleDeploymentService.start(MuleDeploymentService.java:134) ~[mule-module-launcher-3.8.5.jar:3.8.5]
	at org.mule.module.launcher.MuleContainer.start(MuleContainer.java:172) ~[mule-module-launcher-3.8.5.jar:3.8.5]
	at sun.reflect.NativeMethodAccessorImpl.invoke0(Native Method) ~[?:1.8.0_102]
	at sun.reflect.NativeMethodAccessorImpl.invoke(Unknown Source) ~[?:1.8.0_102]
	at sun.reflect.DelegatingMethodAccessorImpl.invoke(Unknown Source) ~[?:1.8.0_102]
	at java.lang.reflect.Method.invoke(Unknown Source) ~[?:1.8.0_102]
	at org.mule.tooling.server.application.ApplicationDeployer.main(ApplicationDeployer.java:33) ~[tooling-support-3.8.5.jar:?]
2018-01-01 09:51:13,343 [main] INFO  org.mule.module.launcher.application.DefaultMuleApplication - App 'sample' never started, nothing to dispose of
2018-01-01 09:53:14,364 [Mule.app.deployer.monitor.1.thread.1] INFO  org.mule.module.launcher.application.DefaultMuleApplication - 
++++++++++++++++++++++++++++++++++++++++++++++++++++++++++++
+ Initializing app 'sample'                                +
++++++++++++++++++++++++++++++++++++++++++++++++++++++++++++
2018-01-01 09:53:14,384 [Mule.app.deployer.monitor.1.thread.1] WARN  com.mulesoft.module.client.APIPlatformClientCoreExtension - Client ID or Client Secret were not provided. API Manager client is DISABLED for app sample
2018-01-01 09:53:14,388 [Mule.app.deployer.monitor.1.thread.1] INFO  org.mule.lifecycle.AbstractLifecycleManager - Initialising RegistryBroker
2018-01-01 09:53:14,396 [Mule.app.deployer.monitor.1.thread.1] INFO  org.mule.module.extension.internal.manager.DefaultExtensionManager - Starting discovery of extensions
2018-01-01 09:53:14,412 [Mule.app.deployer.monitor.1.thread.1] INFO  org.mule.module.extension.internal.manager.DefaultExtensionManager - Discovered 1 extensions
2018-01-01 09:53:14,412 [Mule.app.deployer.monitor.1.thread.1] INFO  org.mule.module.extension.internal.manager.DefaultExtensionManager - Registering extension validation (version 3.8)
2018-01-01 09:53:14,412 [Mule.app.deployer.monitor.1.thread.1] INFO  org.mule.config.spring.MuleArtifactContext - Refreshing org.mule.config.spring.MuleArtifactContext@64c526ec: startup date [Mon Jan 01 09:53:14 IST 2018]; root of context hierarchy
2018-01-01 09:53:15,020 [Mule.app.deployer.monitor.1.thread.1] INFO  org.mule.lifecycle.AbstractLifecycleManager - Disposing RegistryBroker
2018-01-01 09:53:15,239 [Mule.app.deployer.monitor.1.thread.1] ERROR org.mule.module.launcher.application.DefaultMuleApplication - null
org.xml.sax.SAXParseException: cvc-complex-type.2.4.b: The content of element 'flow' is not complete. One of '{"http://www.mulesoft.org/schema/mule/core":annotations, "http://www.mulesoft.org/schema/mule/core":description, "http://www.mulesoft.org/schema/mule/core":abstract-message-source, "http://www.mulesoft.org/schema/mule/core":abstract-inbound-endpoint, "http://www.mulesoft.org/schema/mule/core":abstract-message-processor, "http://www.mulesoft.org/schema/mule/core":abstract-outbound-endpoint, "http://www.mulesoft.org/schema/mule/core":abstract-mixed-content-message-processor, "http://www.mulesoft.org/schema/mule/core":response}' is expected.
	at org.apache.xerces.util.ErrorHandlerWrapper.createSAXParseException(Unknown Source) ~[?:?]
	at org.apache.xerces.util.ErrorHandlerWrapper.error(Unknown Source) ~[?:?]
	at org.apache.xerces.impl.XMLErrorReporter.reportError(Unknown Source) ~[?:?]
	at org.apache.xerces.impl.XMLErrorReporter.reportError(Unknown Source) ~[?:?]
	at org.apache.xerces.impl.XMLErrorReporter.reportError(Unknown Source) ~[?:?]
	at org.apache.xerces.impl.xs.XMLSchemaValidator$XSIErrorReporter.reportError(Unknown Source) ~[?:?]
	at org.apache.xerces.impl.xs.XMLSchemaValidator.reportSchemaError(Unknown Source) ~[?:?]
	at org.apache.xerces.impl.xs.XMLSchemaValidator.elementLocallyValidComplexType(Unknown Source) ~[?:?]
	at org.apache.xerces.impl.xs.XMLSchemaValidator.elementLocallyValidType(Unknown Source) ~[?:?]
	at org.apache.xerces.impl.xs.XMLSchemaValidator.processElementContent(Unknown Source) ~[?:?]
	at org.apache.xerces.impl.xs.XMLSchemaValidator.handleEndElement(Unknown Source) ~[?:?]
	at org.apache.xerces.impl.xs.XMLSchemaValidator.endElement(Unknown Source) ~[?:?]
	at org.apache.xerces.impl.XMLNSDocumentScannerImpl.scanEndElement(Unknown Source) ~[?:?]
	at org.apache.xerces.impl.XMLDocumentFragmentScannerImpl$FragmentContentDispatcher.dispatch(Unknown Source) ~[?:?]
	at org.apache.xerces.impl.XMLDocumentFragmentScannerImpl.scanDocument(Unknown Source) ~[?:?]
	at org.apache.xerces.parsers.XML11Configuration.parse(Unknown Source) ~[?:?]
	at org.apache.xerces.parsers.XML11Configuration.parse(Unknown Source) ~[?:?]
	at org.apache.xerces.parsers.XMLParser.parse(Unknown Source) ~[?:?]
	at org.apache.xerces.parsers.DOMParser.parse(Unknown Source) ~[?:?]
	at org.apache.xerces.jaxp.DocumentBuilderImpl.parse(Unknown Source) ~[?:?]
	at org.springframework.beans.factory.xml.DefaultDocumentLoader.loadDocument(DefaultDocumentLoader.java:76) ~[spring-beans-4.1.9.RELEASE.jar:4.1.9.RELEASE]
	at org.mule.config.spring.MuleDocumentLoader.loadDocument(MuleDocumentLoader.java:91) ~[mule-module-spring-config-3.8.5.jar:3.8.5]
	at org.springframework.beans.factory.xml.XmlBeanDefinitionReader.doLoadDocument(XmlBeanDefinitionReader.java:429) ~[spring-beans-4.1.9.RELEASE.jar:4.1.9.RELEASE]
	at org.springframework.beans.factory.xml.XmlBeanDefinitionReader.doLoadBeanDefinitions(XmlBeanDefinitionReader.java:391) ~[spring-beans-4.1.9.RELEASE.jar:4.1.9.RELEASE]
	at org.springframework.beans.factory.xml.XmlBeanDefinitionReader.loadBeanDefinitions(XmlBeanDefinitionReader.java:336) ~[spring-beans-4.1.9.RELEASE.jar:4.1.9.RELEASE]
	at org.springframework.beans.factory.xml.XmlBeanDefinitionReader.loadBeanDefinitions(XmlBeanDefinitionReader.java:304) ~[spring-beans-4.1.9.RELEASE.jar:4.1.9.RELEASE]
	at org.springframework.beans.factory.support.AbstractBeanDefinitionReader.loadBeanDefinitions(AbstractBeanDefinitionReader.java:181) ~[spring-beans-4.1.9.RELEASE.jar:4.1.9.RELEASE]
	at org.mule.config.spring.MuleArtifactContext.loadBeanDefinitions(MuleArtifactContext.java:192) ~[mule-module-spring-config-3.8.5.jar:3.8.5]
	at org.springframework.context.support.AbstractRefreshableApplicationContext.refreshBeanFactory(AbstractRefreshableApplicationContext.java:129) ~[spring-context-4.1.9.RELEASE.jar:4.1.9.RELEASE]
	at org.springframework.context.support.AbstractApplicationContext.obtainFreshBeanFactory(AbstractApplicationContext.java:541) ~[spring-context-4.1.9.RELEASE.jar:4.1.9.RELEASE]
	at org.springframework.context.support.AbstractApplicationContext.refresh(AbstractApplicationContext.java:452) ~[spring-context-4.1.9.RELEASE.jar:4.1.9.RELEASE]
	at org.mule.config.spring.SpringRegistry.doInitialise(SpringRegistry.java:108) ~[mule-module-spring-config-3.8.5.jar:3.8.5]
	at org.mule.registry.AbstractRegistry.initialise(AbstractRegistry.java:104) ~[mule-core-3.8.5.jar:3.8.5]
	at org.mule.config.spring.SpringXmlConfigurationBuilder.createSpringRegistry(SpringXmlConfigurationBuilder.java:177) ~[mule-module-spring-config-3.8.5.jar:3.8.5]
	at org.mule.config.spring.SpringXmlConfigurationBuilder.doConfigure(SpringXmlConfigurationBuilder.java:100) ~[mule-module-spring-config-3.8.5.jar:3.8.5]
	at org.mule.config.builders.AbstractConfigurationBuilder.configure(AbstractConfigurationBuilder.java:43) ~[mule-core-3.8.5.jar:3.8.5]
	at org.mule.config.builders.AbstractResourceConfigurationBuilder.configure(AbstractResourceConfigurationBuilder.java:69) ~[mule-core-3.8.5.jar:3.8.5]
	at org.mule.config.builders.AutoConfigurationBuilder.autoConfigure(AutoConfigurationBuilder.java:102) ~[mule-core-3.8.5.jar:3.8.5]
	at org.mule.config.builders.AutoConfigurationBuilder.doConfigure(AutoConfigurationBuilder.java:54) ~[mule-core-3.8.5.jar:3.8.5]
	at org.mule.config.builders.AbstractConfigurationBuilder.configure(AbstractConfigurationBuilder.java:43) ~[mule-core-3.8.5.jar:3.8.5]
	at org.mule.config.builders.AbstractResourceConfigurationBuilder.configure(AbstractResourceConfigurationBuilder.java:69) ~[mule-core-3.8.5.jar:3.8.5]
	at org.mule.context.DefaultMuleContextFactory$1.configure(DefaultMuleContextFactory.java:89) ~[mule-core-3.8.5.jar:3.8.5]
	at org.mule.context.DefaultMuleContextFactory.doCreateMuleContext(DefaultMuleContextFactory.java:222) ~[mule-core-3.8.5.jar:3.8.5]
	at org.mule.context.DefaultMuleContextFactory.createMuleContext(DefaultMuleContextFactory.java:81) ~[mule-core-3.8.5.jar:3.8.5]
	at org.mule.module.launcher.application.DefaultMuleApplication.init(DefaultMuleApplication.java:203) ~[mule-module-launcher-3.8.5.jar:3.8.5]
	at org.mule.module.launcher.artifact.ArtifactWrapper$2.execute(ArtifactWrapper.java:63) ~[mule-module-launcher-3.8.5.jar:3.8.5]
	at org.mule.module.launcher.artifact.ArtifactWrapper.executeWithinArtifactClassLoader(ArtifactWrapper.java:136) ~[mule-module-launcher-3.8.5.jar:3.8.5]
	at org.mule.module.launcher.artifact.ArtifactWrapper.init(ArtifactWrapper.java:58) ~[mule-module-launcher-3.8.5.jar:3.8.5]
	at org.mule.module.launcher.DefaultArtifactDeployer.deploy(DefaultArtifactDeployer.java:25) ~[mule-module-launcher-3.8.5.jar:3.8.5]
	at org.mule.module.launcher.DefaultArchiveDeployer.redeploy(DefaultArchiveDeployer.java:470) ~[mule-module-launcher-3.8.5.jar:3.8.5]
	at org.mule.module.launcher.DeploymentDirectoryWatcher.redeployModifiedArtifacts(DeploymentDirectoryWatcher.java:562) ~[mule-module-launcher-3.8.5.jar:3.8.5]
	at org.mule.module.launcher.DeploymentDirectoryWatcher.redeployModifiedApplications(DeploymentDirectoryWatcher.java:539) ~[mule-module-launcher-3.8.5.jar:3.8.5]
	at org.mule.module.launcher.DeploymentDirectoryWatcher.run(DeploymentDirectoryWatcher.java:352) ~[mule-module-launcher-3.8.5.jar:3.8.5]
	at java.util.concurrent.Executors$RunnableAdapter.call(Unknown Source) ~[?:1.8.0_102]
	at java.util.concurrent.FutureTask.runAndReset(Unknown Source) ~[?:1.8.0_102]
	at java.util.concurrent.ScheduledThreadPoolExecutor$ScheduledFutureTask.access$301(Unknown Source) ~[?:1.8.0_102]
	at java.util.concurrent.ScheduledThreadPoolExecutor$ScheduledFutureTask.run(Unknown Source) ~[?:1.8.0_102]
	at java.util.concurrent.ThreadPoolExecutor.runWorker(Unknown Source) [?:1.8.0_102]
	at java.util.concurrent.ThreadPoolExecutor$Worker.run(Unknown Source) [?:1.8.0_102]
	at java.lang.Thread.run(Unknown Source) [?:1.8.0_102]
2018-01-01 09:53:15,239 [Mule.app.deployer.monitor.1.thread.1] INFO  org.mule.module.launcher.application.DefaultMuleApplication - App 'sample' never started, nothing to dispose of
2018-01-01 09:53:30,552 [Mule.app.deployer.monitor.1.thread.1] INFO  org.mule.module.launcher.application.DefaultMuleApplication - 
++++++++++++++++++++++++++++++++++++++++++++++++++++++++++++
+ Initializing app 'sample'                                +
++++++++++++++++++++++++++++++++++++++++++++++++++++++++++++
2018-01-01 09:53:30,552 [Mule.app.deployer.monitor.1.thread.1] WARN  com.mulesoft.module.client.APIPlatformClientCoreExtension - Client ID or Client Secret were not provided. API Manager client is DISABLED for app sample
2018-01-01 09:53:30,552 [Mule.app.deployer.monitor.1.thread.1] WARN  com.mulesoft.module.client.APIPlatformClientCoreExtension - Client ID or Client Secret were not provided. API Manager client is DISABLED for app sample
2018-01-01 09:53:30,567 [Mule.app.deployer.monitor.1.thread.1] INFO  org.mule.lifecycle.AbstractLifecycleManager - Initialising RegistryBroker
2018-01-01 09:53:30,645 [Mule.app.deployer.monitor.1.thread.1] INFO  org.mule.module.extension.internal.manager.DefaultExtensionManager - Starting discovery of extensions
2018-01-01 09:53:30,724 [Mule.app.deployer.monitor.1.thread.1] INFO  org.mule.module.extension.internal.manager.DefaultExtensionManager - Discovered 1 extensions
2018-01-01 09:53:30,724 [Mule.app.deployer.monitor.1.thread.1] INFO  org.mule.module.extension.internal.manager.DefaultExtensionManager - Registering extension validation (version 3.8)
2018-01-01 09:53:30,739 [Mule.app.deployer.monitor.1.thread.1] INFO  org.mule.config.spring.MuleArtifactContext - Refreshing org.mule.config.spring.MuleArtifactContext@e4215eb: startup date [Mon Jan 01 09:53:30 IST 2018]; root of context hierarchy
2018-01-01 09:53:31,690 [Mule.app.deployer.monitor.1.thread.1] INFO  org.mule.config.spring.processors.NoDevkitInjectorProcessor - JSR-330 'javax.inject.Inject' annotation found and supported for autowiring
2018-01-01 09:53:32,206 [Mule.app.deployer.monitor.1.thread.1] WARN  org.mule.expression.DefaultExpressionManager - Expression string is not an expression.  Use isExpression(String) to validate first
2018-01-01 09:53:32,206 [Mule.app.deployer.monitor.1.thread.1] WARN  org.mule.expression.DefaultExpressionManager - Expression string is not an expression.  Use isExpression(String) to validate first
2018-01-01 09:53:32,222 [Mule.app.deployer.monitor.1.thread.1] WARN  org.mule.expression.DefaultExpressionManager - Expression string is not an expression.  Use isExpression(String) to validate first
2018-01-01 09:53:32,222 [Mule.app.deployer.monitor.1.thread.1] WARN  org.mule.expression.DefaultExpressionManager - Expression string is not an expression.  Use isExpression(String) to validate first
2018-01-01 09:53:32,956 [Mule.app.deployer.monitor.1.thread.1] WARN  org.mule.module.ognl.expression.OgnlExpressionEvaluator - OGNL module is deprecated and will be removed in Mule 4.0. Use MEL expressions instead.
2018-01-01 09:53:34,098 [Mule.app.deployer.monitor.1.thread.1] INFO  org.mule.util.journal.TransactionJournal - Using files for tx logs C:\Users\M1043231\AnypointStudio\workspace\.mule\.\.mule\sample\queue-tx-log\tx1.log and C:\Users\M1043231\AnypointStudio\workspace\.mule\.\.mule\sample\queue-tx-log\tx2.log
2018-01-01 09:53:34,129 [Mule.app.deployer.monitor.1.thread.1] INFO  org.mule.util.journal.TransactionJournal - Using files for tx logs C:\Users\M1043231\AnypointStudio\workspace\.mule\.\.mule\sample\queue-xa-tx-log\tx1.log and C:\Users\M1043231\AnypointStudio\workspace\.mule\.\.mule\sample\queue-xa-tx-log\tx2.log
2018-01-01 09:53:34,269 [Mule.app.deployer.monitor.1.thread.1] INFO  org.mule.lifecycle.AbstractLifecycleManager - Initialising model: _muleSystemModel
2018-01-01 09:53:34,285 [Mule.app.deployer.monitor.1.thread.1] INFO  org.mule.construct.FlowConstructLifecycleManager - Initialising flow: apdev-americanFlow
2018-01-01 09:53:34,285 [Mule.app.deployer.monitor.1.thread.1] INFO  org.mule.exception.DefaultMessagingExceptionStrategy - Initialising exception listener: org.mule.exception.DefaultMessagingExceptionStrategy@74d7667e
2018-01-01 09:53:34,325 [Mule.app.deployer.monitor.1.thread.1] INFO  org.mule.processor.SedaStageLifecycleManager - Initialising service: apdev-americanFlow.stage1
2018-01-01 09:53:34,608 [Mule.app.deployer.monitor.1.thread.1] INFO  org.mule.construct.FlowConstructLifecycleManager - Initialising flow: american-flights-api-main
2018-01-01 09:53:34,608 [Mule.app.deployer.monitor.1.thread.1] INFO  org.mule.module.apikit.MappingExceptionListener - Initialising exception listener: MappingExceptionListener{statusCode=404, exceptions=[org.mule.module.apikit.exception.NotFoundException]}
2018-01-01 09:53:34,608 [Mule.app.deployer.monitor.1.thread.1] INFO  org.mule.module.apikit.MappingExceptionListener - Initialising exception listener: MappingExceptionListener{statusCode=405, exceptions=[org.mule.module.apikit.exception.MethodNotAllowedException]}
2018-01-01 09:53:34,608 [Mule.app.deployer.monitor.1.thread.1] INFO  org.mule.module.apikit.MappingExceptionListener - Initialising exception listener: MappingExceptionListener{statusCode=415, exceptions=[org.mule.module.apikit.exception.UnsupportedMediaTypeException]}
2018-01-01 09:53:34,608 [Mule.app.deployer.monitor.1.thread.1] INFO  org.mule.module.apikit.MappingExceptionListener - Initialising exception listener: MappingExceptionListener{statusCode=406, exceptions=[org.mule.module.apikit.exception.NotAcceptableException]}
2018-01-01 09:53:34,608 [Mule.app.deployer.monitor.1.thread.1] INFO  org.mule.module.apikit.MappingExceptionListener - Initialising exception listener: MappingExceptionListener{statusCode=400, exceptions=[org.mule.module.apikit.exception.BadRequestException]}
2018-01-01 09:53:34,624 [Mule.app.deployer.monitor.1.thread.1] INFO  org.mule.processor.SedaStageLifecycleManager - Initialising service: american-flights-api-main.stage1
2018-01-01 09:53:34,624 [Mule.app.deployer.monitor.1.thread.1] INFO  org.mule.construct.FlowConstructLifecycleManager - Initialising flow: american-flights-api-console
2018-01-01 09:53:34,624 [Mule.app.deployer.monitor.1.thread.1] INFO  org.mule.exception.DefaultMessagingExceptionStrategy - Initialising exception listener: org.mule.exception.DefaultMessagingExceptionStrategy@fd54935
2018-01-01 09:53:34,639 [Mule.app.deployer.monitor.1.thread.1] INFO  org.mule.processor.SedaStageLifecycleManager - Initialising service: american-flights-api-console.stage1
2018-01-01 09:53:34,655 [Mule.app.deployer.monitor.1.thread.1] INFO  org.mule.construct.FlowConstructLifecycleManager - Initialising flow: get:/flights:american-flights-api-config
2018-01-01 09:53:34,655 [Mule.app.deployer.monitor.1.thread.1] INFO  org.mule.exception.DefaultMessagingExceptionStrategy - Initialising exception listener: org.mule.exception.DefaultMessagingExceptionStrategy@77857190
2018-01-01 09:53:34,655 [Mule.app.deployer.monitor.1.thread.1] INFO  org.mule.processor.SedaStageLifecycleManager - Initialising service: get:/flights:american-flights-api-config.stage1
2018-01-01 09:53:35,521 [Mule.app.deployer.monitor.1.thread.1] WARN  org.mule.module.apikit.Configuration - Action-Resource pair has no implementation -> get:/flights/{ID} 
2018-01-01 09:53:35,551 [Mule.app.deployer.monitor.1.thread.1] WARN  org.mule.module.apikit.Configuration - Action-Resource-ContentType triplet has no implementation -> post:/flights:application/json 
2018-01-01 09:53:35,582 [Mule.app.deployer.monitor.1.thread.1] INFO  org.mule.module.apikit.Configuration - Building resource URI cache...
2018-01-01 09:53:35,692 [Mule.app.deployer.monitor.1.thread.1] INFO  org.mule.config.spring.SpringXmlConfigurationBuilder - Configured Mule using "org.mule.config.spring.SpringXmlConfigurationBuilder" with configuration resource(s): "[ConfigResource{resourceName='C:\Users\M1043231\AnypointStudio\workspace\.mule\apps\sample\apdev-american.xml'}, ConfigResource{resourceName='C:\Users\M1043231\AnypointStudio\workspace\.mule\apps\sample\interface.xml'}]"
2018-01-01 09:53:35,692 [Mule.app.deployer.monitor.1.thread.1] INFO  org.mule.config.builders.AutoConfigurationBuilder - Configured Mule using "org.mule.config.builders.AutoConfigurationBuilder" with configuration resource(s): "[ConfigResource{resourceName='C:\Users\M1043231\AnypointStudio\workspace\.mule\apps\sample\apdev-american.xml'}, ConfigResource{resourceName='C:\Users\M1043231\AnypointStudio\workspace\.mule\apps\sample\interface.xml'}]"
2018-01-01 09:53:42,049 [main] INFO  org.mule.module.launcher.application.DefaultMuleApplication - 
++++++++++++++++++++++++++++++++++++++++++++++++++++++++++++
+ Initializing app 'sample'                                +
++++++++++++++++++++++++++++++++++++++++++++++++++++++++++++
2018-01-01 09:53:42,348 [main] INFO  org.mule.lifecycle.AbstractLifecycleManager - Initialising RegistryBroker
2018-01-01 09:53:42,549 [main] INFO  org.mule.module.extension.internal.manager.DefaultExtensionManager - Starting discovery of extensions
2018-01-01 09:53:42,740 [main] INFO  org.mule.module.extension.internal.manager.DefaultExtensionManager - Discovered 1 extensions
2018-01-01 09:53:42,740 [main] INFO  org.mule.module.extension.internal.manager.DefaultExtensionManager - Registering extension validation (version 3.8)
2018-01-01 09:53:42,863 [main] INFO  org.mule.config.spring.MuleArtifactContext - Refreshing org.mule.config.spring.MuleArtifactContext@7fb9f71f: startup date [Mon Jan 01 09:53:42 IST 2018]; root of context hierarchy
2018-01-01 09:53:45,143 [main] INFO  org.mule.config.spring.processors.NoDevkitInjectorProcessor - JSR-330 'javax.inject.Inject' annotation found and supported for autowiring
2018-01-01 09:53:45,674 [main] WARN  org.mule.expression.DefaultExpressionManager - Expression string is not an expression.  Use isExpression(String) to validate first
2018-01-01 09:53:45,674 [main] WARN  org.mule.expression.DefaultExpressionManager - Expression string is not an expression.  Use isExpression(String) to validate first
2018-01-01 09:53:45,674 [main] WARN  org.mule.expression.DefaultExpressionManager - Expression string is not an expression.  Use isExpression(String) to validate first
2018-01-01 09:53:45,674 [main] WARN  org.mule.expression.DefaultExpressionManager - Expression string is not an expression.  Use isExpression(String) to validate first
2018-01-01 09:53:46,437 [main] WARN  org.mule.module.ognl.expression.OgnlExpressionEvaluator - OGNL module is deprecated and will be removed in Mule 4.0. Use MEL expressions instead.
2018-01-01 09:53:47,426 [main] INFO  org.mule.util.journal.TransactionJournal - Using files for tx logs C:\Users\M1043231\AnypointStudio\workspace\.mule\.\.mule\sample\queue-tx-log\tx1.log and C:\Users\M1043231\AnypointStudio\workspace\.mule\.\.mule\sample\queue-tx-log\tx2.log
2018-01-01 09:53:47,441 [main] INFO  org.mule.util.journal.TransactionJournal - Using files for tx logs C:\Users\M1043231\AnypointStudio\workspace\.mule\.\.mule\sample\queue-xa-tx-log\tx1.log and C:\Users\M1043231\AnypointStudio\workspace\.mule\.\.mule\sample\queue-xa-tx-log\tx2.log
2018-01-01 09:53:47,574 [main] INFO  org.mule.lifecycle.AbstractLifecycleManager - Initialising model: _muleSystemModel
2018-01-01 09:53:47,574 [main] INFO  org.mule.construct.FlowConstructLifecycleManager - Initialising flow: apdev-americanFlow
2018-01-01 09:53:47,574 [main] INFO  org.mule.exception.DefaultMessagingExceptionStrategy - Initialising exception listener: org.mule.exception.DefaultMessagingExceptionStrategy@9dada78
2018-01-01 09:53:47,605 [main] INFO  org.mule.processor.SedaStageLifecycleManager - Initialising service: apdev-americanFlow.stage1
2018-01-01 09:53:48,127 [main] INFO  org.mule.construct.FlowConstructLifecycleManager - Initialising flow: american-flights-api-main
2018-01-01 09:53:48,127 [main] INFO  org.mule.module.apikit.MappingExceptionListener - Initialising exception listener: MappingExceptionListener{statusCode=404, exceptions=[org.mule.module.apikit.exception.NotFoundException]}
2018-01-01 09:53:48,127 [main] INFO  org.mule.module.apikit.MappingExceptionListener - Initialising exception listener: MappingExceptionListener{statusCode=405, exceptions=[org.mule.module.apikit.exception.MethodNotAllowedException]}
2018-01-01 09:53:48,127 [main] INFO  org.mule.module.apikit.MappingExceptionListener - Initialising exception listener: MappingExceptionListener{statusCode=415, exceptions=[org.mule.module.apikit.exception.UnsupportedMediaTypeException]}
2018-01-01 09:53:48,127 [main] INFO  org.mule.module.apikit.MappingExceptionListener - Initialising exception listener: MappingExceptionListener{statusCode=406, exceptions=[org.mule.module.apikit.exception.NotAcceptableException]}
2018-01-01 09:53:48,142 [main] INFO  org.mule.module.apikit.MappingExceptionListener - Initialising exception listener: MappingExceptionListener{statusCode=400, exceptions=[org.mule.module.apikit.exception.BadRequestException]}
2018-01-01 09:53:48,158 [main] INFO  org.mule.processor.SedaStageLifecycleManager - Initialising service: american-flights-api-main.stage1
2018-01-01 09:53:48,158 [main] INFO  org.mule.construct.FlowConstructLifecycleManager - Initialising flow: american-flights-api-console
2018-01-01 09:53:48,158 [main] INFO  org.mule.exception.DefaultMessagingExceptionStrategy - Initialising exception listener: org.mule.exception.DefaultMessagingExceptionStrategy@47b33e07
2018-01-01 09:53:48,158 [main] INFO  org.mule.processor.SedaStageLifecycleManager - Initialising service: american-flights-api-console.stage1
2018-01-01 09:53:48,174 [main] INFO  org.mule.construct.FlowConstructLifecycleManager - Initialising flow: get:/flights:american-flights-api-config
2018-01-01 09:53:48,174 [main] INFO  org.mule.exception.DefaultMessagingExceptionStrategy - Initialising exception listener: org.mule.exception.DefaultMessagingExceptionStrategy@3e546734
2018-01-01 09:53:48,174 [main] INFO  org.mule.processor.SedaStageLifecycleManager - Initialising service: get:/flights:american-flights-api-config.stage1
2018-01-01 09:53:48,727 [main] WARN  org.mule.module.apikit.Configuration - Action-Resource pair has no implementation -> get:/flights/{ID} 
2018-01-01 09:53:48,749 [main] WARN  org.mule.module.apikit.Configuration - Action-Resource-ContentType triplet has no implementation -> post:/flights:application/json 
2018-01-01 09:53:48,765 [main] INFO  org.mule.module.apikit.Configuration - Building resource URI cache...
2018-01-01 09:53:48,864 [main] INFO  org.mule.config.spring.SpringXmlConfigurationBuilder - Configured Mule using "org.mule.config.spring.SpringXmlConfigurationBuilder" with configuration resource(s): "[ConfigResource{resourceName='C:\Users\M1043231\AnypointStudio\workspace\.mule\apps\sample\apdev-american.xml'}, ConfigResource{resourceName='C:\Users\M1043231\AnypointStudio\workspace\.mule\apps\sample\interface.xml'}]"
2018-01-01 09:53:48,864 [main] INFO  org.mule.config.builders.AutoConfigurationBuilder - Configured Mule using "org.mule.config.builders.AutoConfigurationBuilder" with configuration resource(s): "[ConfigResource{resourceName='C:\Users\M1043231\AnypointStudio\workspace\.mule\apps\sample\apdev-american.xml'}, ConfigResource{resourceName='C:\Users\M1043231\AnypointStudio\workspace\.mule\apps\sample\interface.xml'}]"
2018-01-01 09:53:51,926 [main] INFO  org.mule.module.launcher.application.DefaultMuleApplication - 
++++++++++++++++++++++++++++++++++++++++++++++++++++++++++++
+ Starting app 'sample'                                    +
++++++++++++++++++++++++++++++++++++++++++++++++++++++++++++
2018-01-01 09:53:51,937 [main] INFO  org.mule.util.queue.QueueXaResourceManager - Starting ResourceManager
2018-01-01 09:53:51,937 [main] INFO  org.mule.util.queue.QueueXaResourceManager - Started ResourceManager
2018-01-01 09:53:52,124 [main] INFO  org.mule.module.http.internal.listener.DefaultHttpListenerConfig - Listening for requests on http://0.0.0.0:8081
2018-01-01 09:53:52,140 [main] INFO  org.mule.modules.oauth2.provider.agents.DefaultSplashScreenAgent - 
++++++++++++++++++++++++++++++++++++++++++++++++++++++++++++++++++++++++++++++++
+ DevKit Extensions (0) used in this application 
                             +
++++++++++++++++++++++++++++++++++++++++++++++++++++++++++++++++++++++++++++++++
2018-01-01 09:53:52,140 [main] INFO  org.mule.lifecycle.AbstractLifecycleManager - Starting model: _muleSystemModel
2018-01-01 09:53:52,140 [main] INFO  org.mule.construct.FlowConstructLifecycleManager - Starting flow: apdev-americanFlow
2018-01-01 09:53:52,140 [main] INFO  org.mule.processor.SedaStageLifecycleManager - Starting service: apdev-americanFlow.stage1
2018-01-01 09:53:52,155 [main] INFO  org.mule.construct.FlowConstructLifecycleManager - Starting flow: american-flights-api-main
2018-01-01 09:53:52,155 [main] INFO  org.mule.processor.SedaStageLifecycleManager - Starting service: american-flights-api-main.stage1
2018-01-01 09:53:52,171 [main] INFO  org.mule.module.apikit.Configuration - 
********************************************************************************
* APIKit Console URL: http://127.0.0.1:8081/console                            *
********************************************************************************
2018-01-01 09:53:52,171 [main] INFO  org.mule.construct.FlowConstructLifecycleManager - Starting flow: american-flights-api-console
2018-01-01 09:53:52,171 [main] INFO  org.mule.processor.SedaStageLifecycleManager - Starting service: american-flights-api-console.stage1
2018-01-01 09:53:52,171 [main] INFO  org.mule.construct.FlowConstructLifecycleManager - Starting flow: get:/flights:american-flights-api-config
2018-01-01 09:53:52,171 [main] INFO  org.mule.processor.SedaStageLifecycleManager - Starting service: get:/flights:american-flights-api-config.stage1
2018-01-01 09:53:52,293 [main] INFO  org.mule.module.management.agent.WrapperManagerAgent - This JVM hasn't been launched by the wrapper, the agent will not run.
2018-01-01 09:53:52,334 [main] INFO  org.mule.DefaultMuleContext - 
**********************************************************************
* Application: sample                                                *
* OS encoding: \, Mule encoding: UTF-8                               *
*                                                                    *
* Agents Running:                                                    *
*   DevKit Extension Information                                     *
*   JMX Agent                                                        *
*   Batch module default engine                                      *
*   Wrapper Manager                                                  *
**********************************************************************
2018-01-01 09:54:11,773 [[sample].american-flights-api-httpListenerConfig.worker.02] ERROR org.mule.exception.DefaultMessagingExceptionStrategy - 
********************************************************************************
Message               : Failed to transform from "json" to "java.lang.String"
Payload               : [{"planetype":"boeing 777","code":"S3dt","totalseats":400,"emptySeats":0,"destination":"SER","price":400,"origin":"MUA","ID":1},{"planetype":"boeing 666","code":"ghjt","totalseats":400,"emptySeats":10,"destination":"SER","price":400,"origin":"MUA","ID":2},{"planetype":"boeing 675","code":"hhthg","totalseats":400,"emptySeats":0,"destination":"SER","price":700,"origin":"MUA","ID":7},{"planetype":"Boeing 737","code":"ER38sd","totalseats":150,"emptySeats":0,"destination":"SFO","price":400,"origin":"MUA","ID":8},{"planetype":"Boeing 737","code":"ER38sd","totalseats":150,"emptySeats":0,"destination":"SFO","price":400,"origin":"MUA","ID":14},{"planetype":"Boeing 737","code":"ER38sd","totalseats":150,"emptySeats":0,"destination":"SFO","price":400,"origin":"MUA","ID":15}]
Transformer           : JsonToObject{this=57d69104, name='JsonToString', ignoreBadInput=false, returnClass=SimpleDataType{type=java.lang.String, mimeType='appication/json', encoding='null'}, sourceTypes=[SimpleDataType{type=java.io.Reader, mimeType='*/*', encoding='null'}, SimpleDataType{type=java.net.URL, mimeType='*/*', encoding='null'}, SimpleDataType{type=java.io.File, mimeType='*/*', encoding='null'}, SimpleDataType{type=java.lang.String, mimeType='*/*', encoding='null'}, SimpleDataType{type=java.io.InputStream, mimeType='*/*', encoding='null'}, SimpleDataType{type=[B, mimeType='*/*', encoding='null'}]}
Payload Type          : java.lang.String
Element               : null @ sample:null:null
--------------------------------------------------------------------------------
Root Exception stack trace:
org.codehaus.jackson.map.JsonMappingException: Can not deserialize instance of java.lang.String out of START_ARRAY token
 at [Source: java.io.StringReader@42e19a36; line: 1, column: 1]
	at org.codehaus.jackson.map.JsonMappingException.from(JsonMappingException.java:163)
	at org.codehaus.jackson.map.deser.StdDeserializationContext.mappingException(StdDeserializationContext.java:219)
	at org.codehaus.jackson.map.deser.std.StringDeserializer.deserialize(StringDeserializer.java:44)
	at org.codehaus.jackson.map.deser.std.StringDeserializer.deserialize(StringDeserializer.java:13)
	at org.codehaus.jackson.map.ObjectMapper._readMapAndClose(ObjectMapper.java:2732)
	at org.codehaus.jackson.map.ObjectMapper.readValue(ObjectMapper.java:1863)
	at org.mule.module.json.transformers.JsonToObject.transformMessage(JsonToObject.java:114)
	at org.mule.transformer.AbstractMessageTransformer.transform(AbstractMessageTransformer.java:141)
	at org.mule.transformer.AbstractMessageTransformer.transform(AbstractMessageTransformer.java:69)
	at org.mule.transformer.AbstractTransformer.transform(AbstractTransformer.java:366)
	at org.mule.module.apikit.transform.ApikitResponseTransformer.transformToExpectedContentType(ApikitResponseTransformer.java:117)
	at org.mule.module.apikit.transform.ApikitResponseTransformer.transformMessage(ApikitResponseTransformer.java:56)
	at org.mule.transformer.AbstractMessageTransformer.transform(AbstractMessageTransformer.java:141)
	at org.mule.transformer.AbstractMessageTransformer.transform(AbstractMessageTransformer.java:89)
	at org.mule.DefaultMuleMessage.transformMessage(DefaultMuleMessage.java:1641)
	at org.mule.DefaultMuleMessage.applyAllTransformers(DefaultMuleMessage.java:1544)
	at org.mule.DefaultMuleMessage.applyTransformers(DefaultMuleMessage.java:1518)
	at org.mule.DefaultMuleMessage.applyTransformers(DefaultMuleMessage.java:1510)
	at org.mule.transformer.AbstractTransformer.process(AbstractTransformer.java:114)
	at org.mule.execution.ExceptionToMessagingExceptionExecutionInterceptor.execute(ExceptionToMessagingExceptionExecutionInterceptor.java:27)
	at org.mule.execution.MessageProcessorNotificationExecutionInterceptor.execute(MessageProcessorNotificationExecutionInterceptor.java:108)
	at org.mule.execution.MessageProcessorExecutionTemplate.execute(MessageProcessorExecutionTemplate.java:44)
	at org.mule.processor.BlockingProcessorExecutor.executeNext(BlockingProcessorExecutor.java:98)
	at org.mule.processor.BlockingProcessorExecutor.execute(BlockingProcessorExecutor.java:59)
	at org.mule.execution.ExceptionToMessagingExceptionExecutionInterceptor.execute(ExceptionToMessagingExceptionExecutionInterceptor.java:27)
	at org.mule.execution.MessageProcessorNotificationExecutionInterceptor.execute(MessageProcessorNotificationExecutionInterceptor.java:108)
	at org.mule.execution.MessageProcessorExecutionTemplate.execute(MessageProcessorExecutionTemplate.java:44)
	at org.mule.execution.ExceptionToMessagingExceptionExecutionInterceptor.execute(ExceptionToMessagingExceptionExecutionInterceptor.java:27)
	at org.mule.execution.MessageProcessorExecutionTemplate.execute(MessageProcessorExecutionTemplate.java:44)
	at org.mule.processor.BlockingProcessorExecutor.executeNext(BlockingProcessorExecutor.java:98)
	at org.mule.processor.BlockingProcessorExecutor.execute(BlockingProcessorExecutor.java:59)
	at org.mule.construct.DynamicPipelineMessageProcessor.process(DynamicPipelineMessageProcessor.java:55)
	at org.mule.execution.ExceptionToMessagingExceptionExecutionInterceptor.execute(ExceptionToMessagingExceptionExecutionInterceptor.java:27)
	at org.mule.execution.MessageProcessorNotificationExecutionInterceptor.execute(MessageProcessorNotificationExecutionInterceptor.java:108)
	at org.mule.execution.MessageProcessorExecutionTemplate.execute(MessageProcessorExecutionTemplate.java:44)
	at org.mule.processor.BlockingProcessorExecutor.executeNext(BlockingProcessorExecutor.java:88)
	at org.mule.processor.BlockingProcessorExecutor.execute(BlockingProcessorExecutor.java:59)
	at org.mule.execution.ExceptionToMessagingExceptionExecutionInterceptor.execute(ExceptionToMessagingExceptionExecutionInterceptor.java:27)
	at org.mule.execution.MessageProcessorExecutionTemplate.execute(MessageProcessorExecutionTemplate.java:44)
	at org.mule.processor.BlockingProcessorExecutor.executeNext(BlockingProcessorExecutor.java:98)
	at org.mule.processor.BlockingProcessorExecutor.execute(BlockingProcessorExecutor.java:59)
	at org.mule.interceptor.AbstractEnvelopeInterceptor.processBlocking(AbstractEnvelopeInterceptor.java:58)
	at org.mule.processor.AbstractRequestResponseMessageProcessor.process(AbstractRequestResponseMessageProcessor.java:47)
	at org.mule.execution.ExceptionToMessagingExceptionExecutionInterceptor.execute(ExceptionToMessagingExceptionExecutionInterceptor.java:27)
	at org.mule.execution.MessageProcessorNotificationExecutionInterceptor.execute(MessageProcessorNotificationExecutionInterceptor.java:108)
	at org.mule.execution.MessageProcessorExecutionTemplate.execute(MessageProcessorExecutionTemplate.java:44)
	at org.mule.processor.BlockingProcessorExecutor.executeNext(BlockingProcessorExecutor.java:98)
	at org.mule.processor.BlockingProcessorExecutor.execute(BlockingProcessorExecutor.java:59)
	at org.mule.processor.AbstractFilteringMessageProcessor.process(AbstractFilteringMessageProcessor.java:52)
	at org.mule.execution.ExceptionToMessagingExceptionExecutionInterceptor.execute(ExceptionToMessagingExceptionExecutionInterceptor.java:27)
	at org.mule.execution.MessageProcessorNotificationExecutionInterceptor.execute(MessageProcessorNotificationExecutionInterceptor.java:108)
	at org.mule.execution.MessageProcessorExecutionTemplate.execute(MessageProcessorExecutionTemplate.java:44)
	at org.mule.processor.BlockingProcessorExecutor.executeNext(BlockingProcessorExecutor.java:98)
	at org.mule.processor.BlockingProcessorExecutor.execute(BlockingProcessorExecutor.java:59)
	at org.mule.processor.AbstractRequestResponseMessageProcessor.processBlocking(AbstractRequestResponseMessageProcessor.java:56)
	at org.mule.processor.AbstractRequestResponseMessageProcessor.process(AbstractRequestResponseMessageProcessor.java:47)
	at org.mule.execution.ExceptionToMessagingExceptionExecutionInterceptor.execute(ExceptionToMessagingExceptionExecutionInterceptor.java:27)
	at org.mule.execution.MessageProcessorNotificationExecutionInterceptor.execute(MessageProcessorNotificationExecutionInterceptor.java:108)
	at org.mule.execution.MessageProcessorExecutionTemplate.execute(MessageProcessorExecutionTemplate.java:44)
	at org.mule.processor.BlockingProcessorExecutor.executeNext(BlockingProcessorExecutor.java:88)
	at org.mule.processor.BlockingProcessorExecutor.execute(BlockingProcessorExecutor.java:59)
	at org.mule.execution.ExceptionToMessagingExceptionExecutionInterceptor.execute(ExceptionToMessagingExceptionExecutionInterceptor.java:27)
	at org.mule.execution.MessageProcessorNotificationExecutionInterceptor.execute(MessageProcessorNotificationExecutionInterceptor.java:108)
	at org.mule.execution.MessageProcessorExecutionTemplate.execute(MessageProcessorExecutionTemplate.java:44)
	at org.mule.construct.Flow$2.process(Flow.java:138)
	at org.mule.construct.Flow$2.process(Flow.java:133)
	at org.mule.execution.ExecuteCallbackInterceptor.execute(ExecuteCallbackInterceptor.java:16)
	at org.mule.execution.CommitTransactionInterceptor.execute(CommitTransactionInterceptor.java:35)
	at org.mule.execution.CommitTransactionInterceptor.execute(CommitTransactionInterceptor.java:22)
	at org.mule.execution.HandleExceptionInterceptor.execute(HandleExceptionInterceptor.java:30)
	at org.mule.execution.HandleExceptionInterceptor.execute(HandleExceptionInterceptor.java:14)
	at org.mule.execution.BeginAndResolveTransactionInterceptor.execute(BeginAndResolveTransactionInterceptor.java:67)
	at org.mule.execution.SuspendXaTransactionInterceptor.execute(SuspendXaTransactionInterceptor.java:50)
	at org.mule.execution.RethrowExceptionInterceptor.execute(RethrowExceptionInterceptor.java:28)
	at org.mule.execution.RethrowExceptionInterceptor.execute(RethrowExceptionInterceptor.java:13)
	at org.mule.execution.ErrorHandlingExecutionTemplate.execute(ErrorHandlingExecutionTemplate.java:60)
	at org.mule.execution.ErrorHandlingExecutionTemplate.execute(ErrorHandlingExecutionTemplate.java:30)
	at org.mule.construct.Flow.process(Flow.java:132)
	at org.mule.module.apikit.AbstractRouter.processBlockingRequest(AbstractRouter.java:108)
	at org.mule.module.apikit.AbstractRouter.processBlocking(AbstractRouter.java:98)
	at org.mule.module.apikit.AbstractRouter.process(AbstractRouter.java:80)
	at org.mule.execution.ExceptionToMessagingExceptionExecutionInterceptor.execute(ExceptionToMessagingExceptionExecutionInterceptor.java:27)
	at org.mule.execution.MessageProcessorNotificationExecutionInterceptor.execute(MessageProcessorNotificationExecutionInterceptor.java:108)
	at org.mule.execution.MessageProcessorExecutionTemplate.execute(MessageProcessorExecutionTemplate.java:44)
	at org.mule.processor.BlockingProcessorExecutor.executeNext(BlockingProcessorExecutor.java:98)
	at org.mule.processor.BlockingProcessorExecutor.execute(BlockingProcessorExecutor.java:59)
	at org.mule.processor.AsyncInterceptingMessageProcessor.process(AsyncInterceptingMessageProcessor.java:108)
	at org.mule.execution.ExceptionToMessagingExceptionExecutionInterceptor.execute(ExceptionToMessagingExceptionExecutionInterceptor.java:27)
	at org.mule.execution.MessageProcessorNotificationExecutionInterceptor.execute(MessageProcessorNotificationExecutionInterceptor.java:108)
	at org.mule.execution.MessageProcessorExecutionTemplate.execute(MessageProcessorExecutionTemplate.java:44)
	at org.mule.processor.BlockingProcessorExecutor.executeNext(BlockingProcessorExecutor.java:98)
	at org.mule.processor.BlockingProcessorExecutor.execute(BlockingProcessorExecutor.java:59)
	at org.mule.construct.DynamicPipelineMessageProcessor.process(DynamicPipelineMessageProcessor.java:55)
	at org.mule.execution.ExceptionToMessagingExceptionExecutionInterceptor.execute(ExceptionToMessagingExceptionExecutionInterceptor.java:27)
	at org.mule.execution.MessageProcessorNotificationExecutionInterceptor.execute(MessageProcessorNotificationExecutionInterceptor.java:108)
	at org.mule.execution.MessageProcessorExecutionTemplate.execute(MessageProcessorExecutionTemplate.java:44)
	at org.mule.processor.BlockingProcessorExecutor.executeNext(BlockingProcessorExecutor.java:88)
	at org.mule.processor.BlockingProcessorExecutor.execute(BlockingProcessorExecutor.java:59)
	at org.mule.execution.ExceptionToMessagingExceptionExecutionInterceptor.execute(ExceptionToMessagingExceptionExecutionInterceptor.java:27)
	at org.mule.execution.MessageProcessorExecutionTemplate.execute(MessageProcessorExecutionTemplate.java:44)
	at org.mule.processor.BlockingProcessorExecutor.executeNext(BlockingProcessorExecutor.java:98)
	at org.mule.processor.BlockingProcessorExecutor.execute(BlockingProcessorExecutor.java:59)
	at org.mule.interceptor.AbstractEnvelopeInterceptor.processBlocking(AbstractEnvelopeInterceptor.java:58)
	at org.mule.processor.AbstractRequestResponseMessageProcessor.process(AbstractRequestResponseMessageProcessor.java:47)
	at org.mule.execution.ExceptionToMessagingExceptionExecutionInterceptor.execute(ExceptionToMessagingExceptionExecutionInterceptor.java:27)
	at org.mule.execution.MessageProcessorNotificationExecutionInterceptor.execute(MessageProcessorNotificationExecutionInterceptor.java:108)
	at org.mule.execution.MessageProcessorExecutionTemplate.execute(MessageProcessorExecutionTemplate.java:44)
	at org.mule.processor.BlockingProcessorExecutor.executeNext(BlockingProcessorExecutor.java:98)
	at org.mule.processor.BlockingProcessorExecutor.execute(BlockingProcessorExecutor.java:59)
	at org.mule.processor.AbstractFilteringMessageProcessor.process(AbstractFilteringMessageProcessor.java:52)
	at org.mule.execution.ExceptionToMessagingExceptionExecutionInterceptor.execute(ExceptionToMessagingExceptionExecutionInterceptor.java:27)
	at org.mule.execution.MessageProcessorNotificationExecutionInterceptor.execute(MessageProcessorNotificationExecutionInterceptor.java:108)
	at org.mule.execution.MessageProcessorExecutionTemplate.execute(MessageProcessorExecutionTemplate.java:44)
	at org.mule.processor.BlockingProcessorExecutor.executeNext(BlockingProcessorExecutor.java:98)
	at org.mule.processor.BlockingProcessorExecutor.execute(BlockingProcessorExecutor.java:59)
	at org.mule.processor.AbstractRequestResponseMessageProcessor.processBlocking(AbstractRequestResponseMessageProcessor.java:56)
	at org.mule.processor.AbstractRequestResponseMessageProcessor.process(AbstractRequestResponseMessageProcessor.java:47)
	at org.mule.execution.ExceptionToMessagingExceptionExecutionInterceptor.execute(ExceptionToMessagingExceptionExecutionInterceptor.java:27)
	at org.mule.execution.MessageProcessorNotificationExecutionInterceptor.execute(MessageProcessorNotificationExecutionInterceptor.java:108)
	at org.mule.execution.MessageProcessorExecutionTemplate.execute(MessageProcessorExecutionTemplate.java:44)
	at org.mule.processor.BlockingProcessorExecutor.executeNext(BlockingProcessorExecutor.java:88)
	at org.mule.processor.BlockingProcessorExecutor.execute(BlockingProcessorExecutor.java:59)
	at org.mule.execution.ExceptionToMessagingExceptionExecutionInterceptor.execute(ExceptionToMessagingExceptionExecutionInterceptor.java:27)
	at org.mule.execution.MessageProcessorNotificationExecutionInterceptor.execute(MessageProcessorNotificationExecutionInterceptor.java:108)
	at org.mule.execution.MessageProcessorExecutionTemplate.execute(MessageProcessorExecutionTemplate.java:44)
	at org.mule.construct.AbstractPipeline$3.process(AbstractPipeline.java:232)
	at org.mule.module.http.internal.listener.HttpMessageProcessorTemplate.routeEvent(HttpMessageProcessorTemplate.java:73)
	at org.mule.execution.AsyncResponseFlowProcessingPhase$1.process(AsyncResponseFlowProcessingPhase.java:72)
	at org.mule.execution.AsyncResponseFlowProcessingPhase$1.process(AsyncResponseFlowProcessingPhase.java:59)
	at org.mule.execution.ExecuteCallbackInterceptor.execute(ExecuteCallbackInterceptor.java:16)
	at org.mule.execution.CommitTransactionInterceptor.execute(CommitTransactionInterceptor.java:35)
	at org.mule.execution.CommitTransactionInterceptor.execute(CommitTransactionInterceptor.java:22)
	at org.mule.execution.HandleExceptionInterceptor.execute(HandleExceptionInterceptor.java:30)
	at org.mule.execution.HandleExceptionInterceptor.execute(HandleExceptionInterceptor.java:14)
	at org.mule.execution.BeginAndResolveTransactionInterceptor.execute(BeginAndResolveTransactionInterceptor.java:67)
	at org.mule.execution.ResolvePreviousTransactionInterceptor.execute(ResolvePreviousTransactionInterceptor.java:44)
	at org.mule.execution.SuspendXaTransactionInterceptor.execute(SuspendXaTransactionInterceptor.java:50)
	at org.mule.execution.ValidateTransactionalStateInterceptor.execute(ValidateTransactionalStateInterceptor.java:40)
	at org.mule.execution.IsolateCurrentTransactionInterceptor.execute(IsolateCurrentTransactionInterceptor.java:41)
	at org.mule.execution.ExternalTransactionInterceptor.execute(ExternalTransactionInterceptor.java:48)
	at org.mule.execution.RethrowExceptionInterceptor.execute(RethrowExceptionInterceptor.java:28)
	at org.mule.execution.RethrowExceptionInterceptor.execute(RethrowExceptionInterceptor.java:13)
	at org.mule.execution.TransactionalErrorHandlingExecutionTemplate.execute(TransactionalErrorHandlingExecutionTemplate.java:110)
	at org.mule.execution.AsyncResponseFlowProcessingPhase.runPhase(AsyncResponseFlowProcessingPhase.java:58)
	at org.mule.execution.AsyncResponseFlowProcessingPhase.runPhase(AsyncResponseFlowProcessingPhase.java:35)
	at org.mule.execution.PhaseExecutionEngine$InternalPhaseExecutionEngine.phaseSuccessfully(PhaseExecutionEngine.java:65)
	at org.mule.execution.PhaseExecutionEngine$InternalPhaseExecutionEngine.phaseSuccessfully(PhaseExecutionEngine.java:69)
	at com.mulesoft.mule.throttling.ThrottlingPhase.runPhase(ThrottlingPhase.java:187)
	at com.mulesoft.mule.throttling.ThrottlingPhase.runPhase(ThrottlingPhase.java:58)
	at org.mule.execution.PhaseExecutionEngine$InternalPhaseExecutionEngine.phaseSuccessfully(PhaseExecutionEngine.java:65)
	at com.mulesoft.gateway.http.phases.GatewayValidationPhase.runPhase(GatewayValidationPhase.java:93)
	at com.mulesoft.gateway.http.phases.GatewayValidationPhase.runPhase(GatewayValidationPhase.java:49)
	at org.mule.execution.PhaseExecutionEngine$InternalPhaseExecutionEngine.phaseSuccessfully(PhaseExecutionEngine.java:65)
	at org.mule.modules.cors.CorsPhase.runPhase(CorsPhase.java:112)
	at org.mule.modules.cors.CorsPhase.runPhase(CorsPhase.java:39)
	at org.mule.execution.PhaseExecutionEngine$InternalPhaseExecutionEngine.process(PhaseExecutionEngine.java:114)
	at org.mule.execution.PhaseExecutionEngine.process(PhaseExecutionEngine.java:41)
	at org.mule.execution.MuleMessageProcessingManager.processMessage(MuleMessageProcessingManager.java:32)
	at org.mule.module.http.internal.listener.DefaultHttpListener$1.handleRequest(DefaultHttpListener.java:135)
	at org.mule.module.http.internal.listener.grizzly.GrizzlyRequestDispatcherFilter.handleRead(GrizzlyRequestDispatcherFilter.java:100)
	at org.glassfish.grizzly.filterchain.ExecutorResolver$9.execute(ExecutorResolver.java:119)
	at org.glassfish.grizzly.filterchain.DefaultFilterChain.executeFilter(DefaultFilterChain.java:284)
	at org.glassfish.grizzly.filterchain.DefaultFilterChain.executeChainPart(DefaultFilterChain.java:201)
	at org.glassfish.grizzly.filterchain.DefaultFilterChain.execute(DefaultFilterChain.java:133)
	at org.glassfish.grizzly.filterchain.DefaultFilterChain.process(DefaultFilterChain.java:112)
	at org.glassfish.grizzly.ProcessorExecutor.execute(ProcessorExecutor.java:77)
	at org.glassfish.grizzly.nio.transport.TCPNIOTransport.fireIOEvent(TCPNIOTransport.java:539)
	at org.glassfish.grizzly.strategies.AbstractIOStrategy.fireIOEvent(AbstractIOStrategy.java:112)
	at org.mule.module.http.internal.listener.grizzly.ExecutorPerServerAddressIOStrategy.run0(ExecutorPerServerAddressIOStrategy.java:119)
	at org.mule.module.http.internal.listener.grizzly.ExecutorPerServerAddressIOStrategy.access$100(ExecutorPerServerAddressIOStrategy.java:31)
	at org.mule.module.http.internal.listener.grizzly.ExecutorPerServerAddressIOStrategy$WorkerThreadRunnable.run(ExecutorPerServerAddressIOStrategy.java:142)
	at java.util.concurrent.ThreadPoolExecutor.runWorker(Unknown Source)
	at java.util.concurrent.ThreadPoolExecutor$Worker.run(Unknown Source)
	at java.lang.Thread.run(Unknown Source)

********************************************************************************

