2018-01-05 11:54:59,039 [main] INFO  org.mule.module.launcher.application.DefaultMuleApplication - 
++++++++++++++++++++++++++++++++++++++++++++++++++++++++++++
+ Initializing app 'soap1'                                 +
++++++++++++++++++++++++++++++++++++++++++++++++++++++++++++
2018-01-05 11:54:59,290 [main] INFO  org.mule.lifecycle.AbstractLifecycleManager - Initialising RegistryBroker
2018-01-05 11:54:59,469 [main] INFO  org.mule.module.extension.internal.manager.DefaultExtensionManager - Starting discovery of extensions
2018-01-05 11:54:59,691 [main] INFO  org.mule.module.extension.internal.manager.DefaultExtensionManager - Discovered 1 extensions
2018-01-05 11:54:59,692 [main] INFO  org.mule.module.extension.internal.manager.DefaultExtensionManager - Registering extension validation (version 3.8)
2018-01-05 11:54:59,821 [main] INFO  org.mule.config.spring.MuleArtifactContext - Refreshing org.mule.config.spring.MuleArtifactContext@3d6300e8: startup date [Fri Jan 05 11:54:59 IST 2018]; root of context hierarchy
2018-01-05 11:55:02,183 [main] INFO  org.mule.config.spring.processors.NoDevkitInjectorProcessor - JSR-330 'javax.inject.Inject' annotation found and supported for autowiring
2018-01-05 11:55:03,491 [main] WARN  org.mule.module.ognl.expression.OgnlExpressionEvaluator - OGNL module is deprecated and will be removed in Mule 4.0. Use MEL expressions instead.
2018-01-05 11:55:04,616 [main] INFO  org.mule.util.journal.TransactionJournal - Using files for tx logs C:\Users\M1043231\AnypointStudio\workspace\.mule\.\.mule\soap1\queue-tx-log\tx1.log and C:\Users\M1043231\AnypointStudio\workspace\.mule\.\.mule\soap1\queue-tx-log\tx2.log
2018-01-05 11:55:04,651 [main] INFO  org.mule.util.journal.TransactionJournal - Using files for tx logs C:\Users\M1043231\AnypointStudio\workspace\.mule\.\.mule\soap1\queue-xa-tx-log\tx1.log and C:\Users\M1043231\AnypointStudio\workspace\.mule\.\.mule\soap1\queue-xa-tx-log\tx2.log
2018-01-05 11:55:04,824 [main] INFO  org.mule.lifecycle.AbstractLifecycleManager - Initialising model: _muleSystemModel
2018-01-05 11:55:04,824 [main] INFO  org.mule.construct.FlowConstructLifecycleManager - Initialising flow: soap1Flow
2018-01-05 11:55:04,824 [main] INFO  org.mule.exception.DefaultMessagingExceptionStrategy - Initialising exception listener: org.mule.exception.DefaultMessagingExceptionStrategy@1039bfc4
2018-01-05 11:55:04,886 [main] INFO  org.mule.processor.SedaStageLifecycleManager - Initialising service: soap1Flow.stage1
2018-01-05 11:55:04,967 [main] INFO  org.mule.module.cxf.config.WebServiceFactoryBean - Built CXF Inbound MessageProcessor for service class com.main1.SoapInter
2018-01-05 11:55:06,007 [main] INFO  org.mule.component.ComponentLifecycleManager - Initialising component: component.1859142611
2018-01-05 11:55:06,368 [main] INFO  org.mule.config.spring.SpringXmlConfigurationBuilder - Configured Mule using "org.mule.config.spring.SpringXmlConfigurationBuilder" with configuration resource(s): "[ConfigResource{resourceName='C:\Users\M1043231\AnypointStudio\workspace\.mule\apps\soap1\soap1.xml'}]"
2018-01-05 11:55:06,368 [main] INFO  org.mule.config.builders.AutoConfigurationBuilder - Configured Mule using "org.mule.config.builders.AutoConfigurationBuilder" with configuration resource(s): "[ConfigResource{resourceName='C:\Users\M1043231\AnypointStudio\workspace\.mule\apps\soap1\soap1.xml'}]"
2018-01-05 11:55:09,435 [main] INFO  org.mule.module.launcher.application.DefaultMuleApplication - 
++++++++++++++++++++++++++++++++++++++++++++++++++++++++++++
+ Starting app 'soap1'                                     +
++++++++++++++++++++++++++++++++++++++++++++++++++++++++++++
2018-01-05 11:55:09,445 [main] INFO  org.mule.util.queue.QueueXaResourceManager - Starting ResourceManager
2018-01-05 11:55:09,445 [main] INFO  org.mule.util.queue.QueueXaResourceManager - Started ResourceManager
2018-01-05 11:55:09,507 [main] INFO  org.mule.module.http.internal.listener.DefaultHttpListenerConfig - Listening for requests on http://0.0.0.0:8081
2018-01-05 11:55:09,522 [main] INFO  org.mule.modules.oauth2.provider.agents.DefaultSplashScreenAgent - 
++++++++++++++++++++++++++++++++++++++++++++++++++++++++++++++++++++++++++++++++
+ DevKit Extensions (0) used in this application 
                             +
++++++++++++++++++++++++++++++++++++++++++++++++++++++++++++++++++++++++++++++++
2018-01-05 11:55:09,522 [main] INFO  org.mule.lifecycle.AbstractLifecycleManager - Starting model: _muleSystemModel
2018-01-05 11:55:09,522 [main] INFO  org.mule.construct.FlowConstructLifecycleManager - Starting flow: soap1Flow
2018-01-05 11:55:09,522 [main] INFO  org.mule.processor.SedaStageLifecycleManager - Starting service: soap1Flow.stage1
2018-01-05 11:55:09,538 [main] INFO  org.mule.component.ComponentLifecycleManager - Starting component: component.1859142611
2018-01-05 11:55:09,632 [main] INFO  org.mule.module.management.agent.WrapperManagerAgent - This JVM hasn't been launched by the wrapper, the agent will not run.
2018-01-05 11:55:09,663 [main] INFO  org.mule.DefaultMuleContext - 
**********************************************************************
* Application: soap1                                                 *
* OS encoding: \, Mule encoding: UTF-8                               *
*                                                                    *
* Agents Running:                                                    *
*   DevKit Extension Information                                     *
*   JMX Agent                                                        *
*   Batch module default engine                                      *
*   Wrapper Manager                                                  *
**********************************************************************
2018-01-05 11:55:19,179 [[soap1].HTTP_Listener_Configuration.worker.01] INFO  org.mule.module.http.internal.listener.HttpListenerRegistry - No listener found for request: (GET)/hello
2018-01-05 11:55:19,179 [[soap1].HTTP_Listener_Configuration.worker.01] INFO  org.mule.module.http.internal.listener.HttpListenerRegistry - Available listeners are: [(*)/hello2/]
2018-01-05 11:55:24,235 [[soap1].HTTP_Listener_Configuration.worker.01] INFO  org.mule.module.http.internal.listener.HttpListenerRegistry - No listener found for request: (GET)/hello
2018-01-05 11:55:24,235 [[soap1].HTTP_Listener_Configuration.worker.01] INFO  org.mule.module.http.internal.listener.HttpListenerRegistry - Available listeners are: [(*)/hello2/]
2018-01-05 12:02:07,789 [main] INFO  org.mule.module.launcher.application.DefaultMuleApplication - 
++++++++++++++++++++++++++++++++++++++++++++++++++++++++++++
+ Initializing app 'soap1'                                 +
++++++++++++++++++++++++++++++++++++++++++++++++++++++++++++
2018-01-05 12:02:08,068 [main] INFO  org.mule.lifecycle.AbstractLifecycleManager - Initialising RegistryBroker
2018-01-05 12:02:08,273 [main] INFO  org.mule.module.extension.internal.manager.DefaultExtensionManager - Starting discovery of extensions
2018-01-05 12:02:08,492 [main] INFO  org.mule.module.extension.internal.manager.DefaultExtensionManager - Discovered 1 extensions
2018-01-05 12:02:08,499 [main] INFO  org.mule.module.extension.internal.manager.DefaultExtensionManager - Registering extension validation (version 3.8)
2018-01-05 12:02:08,630 [main] INFO  org.mule.config.spring.MuleArtifactContext - Refreshing org.mule.config.spring.MuleArtifactContext@3d6300e8: startup date [Fri Jan 05 12:02:08 IST 2018]; root of context hierarchy
2018-01-05 12:02:10,821 [main] INFO  org.mule.config.spring.processors.NoDevkitInjectorProcessor - JSR-330 'javax.inject.Inject' annotation found and supported for autowiring
2018-01-05 12:02:12,115 [main] WARN  org.mule.module.ognl.expression.OgnlExpressionEvaluator - OGNL module is deprecated and will be removed in Mule 4.0. Use MEL expressions instead.
2018-01-05 12:02:13,245 [main] INFO  org.mule.util.journal.TransactionJournal - Using files for tx logs C:\Users\M1043231\AnypointStudio\workspace\.mule\.\.mule\soap1\queue-tx-log\tx1.log and C:\Users\M1043231\AnypointStudio\workspace\.mule\.\.mule\soap1\queue-tx-log\tx2.log
2018-01-05 12:02:13,289 [main] INFO  org.mule.util.journal.TransactionJournal - Using files for tx logs C:\Users\M1043231\AnypointStudio\workspace\.mule\.\.mule\soap1\queue-xa-tx-log\tx1.log and C:\Users\M1043231\AnypointStudio\workspace\.mule\.\.mule\soap1\queue-xa-tx-log\tx2.log
2018-01-05 12:02:13,521 [main] INFO  org.mule.lifecycle.AbstractLifecycleManager - Initialising model: _muleSystemModel
2018-01-05 12:02:13,521 [main] INFO  org.mule.construct.FlowConstructLifecycleManager - Initialising flow: soap1Flow
2018-01-05 12:02:13,521 [main] INFO  org.mule.exception.DefaultMessagingExceptionStrategy - Initialising exception listener: org.mule.exception.DefaultMessagingExceptionStrategy@6436e181
2018-01-05 12:02:13,600 [main] INFO  org.mule.processor.SedaStageLifecycleManager - Initialising service: soap1Flow.stage1
2018-01-05 12:02:13,735 [main] INFO  org.mule.module.cxf.config.WebServiceFactoryBean - Built CXF Inbound MessageProcessor for service class com.main1.SoapInter
2018-01-05 12:02:14,599 [main] INFO  org.mule.component.ComponentLifecycleManager - Initialising component: component.1859142611
2018-01-05 12:02:15,101 [main] INFO  org.mule.config.spring.SpringXmlConfigurationBuilder - Configured Mule using "org.mule.config.spring.SpringXmlConfigurationBuilder" with configuration resource(s): "[ConfigResource{resourceName='C:\Users\M1043231\AnypointStudio\workspace\.mule\apps\soap1\soap1.xml'}]"
2018-01-05 12:02:15,101 [main] INFO  org.mule.config.builders.AutoConfigurationBuilder - Configured Mule using "org.mule.config.builders.AutoConfigurationBuilder" with configuration resource(s): "[ConfigResource{resourceName='C:\Users\M1043231\AnypointStudio\workspace\.mule\apps\soap1\soap1.xml'}]"
2018-01-05 12:02:18,147 [main] INFO  org.mule.module.launcher.application.DefaultMuleApplication - 
++++++++++++++++++++++++++++++++++++++++++++++++++++++++++++
+ Starting app 'soap1'                                     +
++++++++++++++++++++++++++++++++++++++++++++++++++++++++++++
2018-01-05 12:02:18,156 [main] INFO  org.mule.util.queue.QueueXaResourceManager - Starting ResourceManager
2018-01-05 12:02:18,156 [main] INFO  org.mule.util.queue.QueueXaResourceManager - Started ResourceManager
2018-01-05 12:02:18,242 [main] INFO  org.mule.module.http.internal.listener.DefaultHttpListenerConfig - Listening for requests on http://0.0.0.0:8081
2018-01-05 12:02:18,242 [main] INFO  org.mule.modules.oauth2.provider.agents.DefaultSplashScreenAgent - 
++++++++++++++++++++++++++++++++++++++++++++++++++++++++++++++++++++++++++++++++
+ DevKit Extensions (0) used in this application 
                             +
++++++++++++++++++++++++++++++++++++++++++++++++++++++++++++++++++++++++++++++++
2018-01-05 12:02:18,242 [main] INFO  org.mule.lifecycle.AbstractLifecycleManager - Starting model: _muleSystemModel
2018-01-05 12:02:18,242 [main] INFO  org.mule.construct.FlowConstructLifecycleManager - Starting flow: soap1Flow
2018-01-05 12:02:18,242 [main] INFO  org.mule.processor.SedaStageLifecycleManager - Starting service: soap1Flow.stage1
2018-01-05 12:02:18,257 [main] INFO  org.mule.component.ComponentLifecycleManager - Starting component: component.1859142611
2018-01-05 12:02:18,304 [main] INFO  org.mule.module.management.agent.WrapperManagerAgent - This JVM hasn't been launched by the wrapper, the agent will not run.
2018-01-05 12:02:18,335 [main] INFO  org.mule.DefaultMuleContext - 
**********************************************************************
* Application: soap1                                                 *
* OS encoding: \, Mule encoding: UTF-8                               *
*                                                                    *
* Agents Running:                                                    *
*   DevKit Extension Information                                     *
*   JMX Agent                                                        *
*   Batch module default engine                                      *
*   Wrapper Manager                                                  *
**********************************************************************
2018-01-05 13:29:19,277 [main] INFO  org.mule.module.launcher.application.DefaultMuleApplication - 
++++++++++++++++++++++++++++++++++++++++++++++++++++++++++++
+ Initializing app 'soap1'                                 +
++++++++++++++++++++++++++++++++++++++++++++++++++++++++++++
2018-01-05 13:29:19,680 [main] INFO  org.mule.lifecycle.AbstractLifecycleManager - Initialising RegistryBroker
2018-01-05 13:29:19,930 [main] INFO  org.mule.module.extension.internal.manager.DefaultExtensionManager - Starting discovery of extensions
2018-01-05 13:29:20,232 [main] INFO  org.mule.module.extension.internal.manager.DefaultExtensionManager - Discovered 1 extensions
2018-01-05 13:29:20,244 [main] INFO  org.mule.module.extension.internal.manager.DefaultExtensionManager - Registering extension validation (version 3.8)
2018-01-05 13:29:20,432 [main] INFO  org.mule.config.spring.MuleArtifactContext - Refreshing org.mule.config.spring.MuleArtifactContext@3d6300e8: startup date [Fri Jan 05 13:29:20 IST 2018]; root of context hierarchy
2018-01-05 13:29:23,181 [main] INFO  org.mule.config.spring.processors.NoDevkitInjectorProcessor - JSR-330 'javax.inject.Inject' annotation found and supported for autowiring
2018-01-05 13:29:24,930 [main] WARN  org.mule.module.ognl.expression.OgnlExpressionEvaluator - OGNL module is deprecated and will be removed in Mule 4.0. Use MEL expressions instead.
2018-01-05 13:29:26,379 [main] INFO  org.mule.util.journal.TransactionJournal - Using files for tx logs C:\Users\M1043231\AnypointStudio\workspace\.mule\.\.mule\soap1\queue-tx-log\tx1.log and C:\Users\M1043231\AnypointStudio\workspace\.mule\.\.mule\soap1\queue-tx-log\tx2.log
2018-01-05 13:29:26,415 [main] INFO  org.mule.util.journal.TransactionJournal - Using files for tx logs C:\Users\M1043231\AnypointStudio\workspace\.mule\.\.mule\soap1\queue-xa-tx-log\tx1.log and C:\Users\M1043231\AnypointStudio\workspace\.mule\.\.mule\soap1\queue-xa-tx-log\tx2.log
2018-01-05 13:29:26,606 [main] INFO  org.mule.lifecycle.AbstractLifecycleManager - Initialising model: _muleSystemModel
2018-01-05 13:29:26,622 [main] INFO  org.mule.construct.FlowConstructLifecycleManager - Initialising flow: soap1Flow
2018-01-05 13:29:26,622 [main] INFO  org.mule.exception.DefaultMessagingExceptionStrategy - Initialising exception listener: org.mule.exception.DefaultMessagingExceptionStrategy@6b649efa
2018-01-05 13:29:26,731 [main] INFO  org.mule.processor.SedaStageLifecycleManager - Initialising service: soap1Flow.stage1
2018-01-05 13:29:26,825 [main] INFO  org.mule.module.cxf.config.WebServiceFactoryBean - Built CXF Inbound MessageProcessor for service class com.main1.SoapInter
2018-01-05 13:29:27,836 [main] INFO  org.mule.component.ComponentLifecycleManager - Initialising component: component.1859142611
2018-01-05 13:29:28,400 [main] INFO  org.mule.config.spring.SpringXmlConfigurationBuilder - Configured Mule using "org.mule.config.spring.SpringXmlConfigurationBuilder" with configuration resource(s): "[ConfigResource{resourceName='C:\Users\M1043231\AnypointStudio\workspace\.mule\apps\soap1\soap1.xml'}]"
2018-01-05 13:29:28,400 [main] INFO  org.mule.config.builders.AutoConfigurationBuilder - Configured Mule using "org.mule.config.builders.AutoConfigurationBuilder" with configuration resource(s): "[ConfigResource{resourceName='C:\Users\M1043231\AnypointStudio\workspace\.mule\apps\soap1\soap1.xml'}]"
2018-01-05 13:29:31,423 [main] INFO  org.mule.module.launcher.application.DefaultMuleApplication - 
++++++++++++++++++++++++++++++++++++++++++++++++++++++++++++
+ Starting app 'soap1'                                     +
++++++++++++++++++++++++++++++++++++++++++++++++++++++++++++
2018-01-05 13:29:31,436 [main] INFO  org.mule.util.queue.QueueXaResourceManager - Starting ResourceManager
2018-01-05 13:29:31,436 [main] INFO  org.mule.util.queue.QueueXaResourceManager - Started ResourceManager
2018-01-05 13:29:31,514 [main] INFO  org.mule.module.http.internal.listener.DefaultHttpListenerConfig - Listening for requests on http://0.0.0.0:8081
2018-01-05 13:29:31,514 [main] INFO  org.mule.modules.oauth2.provider.agents.DefaultSplashScreenAgent - 
++++++++++++++++++++++++++++++++++++++++++++++++++++++++++++++++++++++++++++++++
+ DevKit Extensions (0) used in this application 
                             +
++++++++++++++++++++++++++++++++++++++++++++++++++++++++++++++++++++++++++++++++
2018-01-05 13:29:31,514 [main] INFO  org.mule.lifecycle.AbstractLifecycleManager - Starting model: _muleSystemModel
2018-01-05 13:29:31,530 [main] INFO  org.mule.construct.FlowConstructLifecycleManager - Starting flow: soap1Flow
2018-01-05 13:29:31,530 [main] INFO  org.mule.processor.SedaStageLifecycleManager - Starting service: soap1Flow.stage1
2018-01-05 13:29:31,530 [main] INFO  org.mule.component.ComponentLifecycleManager - Starting component: component.1859142611
2018-01-05 13:29:31,624 [main] INFO  org.mule.module.management.agent.WrapperManagerAgent - This JVM hasn't been launched by the wrapper, the agent will not run.
2018-01-05 13:29:36,198 [main] INFO  org.mule.DefaultMuleContext - 
**********************************************************************
* Application: soap1                                                 *
* OS encoding: \, Mule encoding: UTF-8                               *
*                                                                    *
* Agents Running:                                                    *
*   DevKit Extension Information                                     *
*   JMX Agent                                                        *
*   Batch module default engine                                      *
*   Wrapper Manager                                                  *
**********************************************************************
2018-01-05 13:33:25,453 [main] INFO  org.mule.module.launcher.application.DefaultMuleApplication - 
++++++++++++++++++++++++++++++++++++++++++++++++++++++++++++
+ Initializing app 'soap1'                                 +
++++++++++++++++++++++++++++++++++++++++++++++++++++++++++++
2018-01-05 13:33:25,784 [main] INFO  org.mule.lifecycle.AbstractLifecycleManager - Initialising RegistryBroker
2018-01-05 13:33:25,953 [main] INFO  org.mule.module.extension.internal.manager.DefaultExtensionManager - Starting discovery of extensions
2018-01-05 13:33:26,140 [main] INFO  org.mule.module.extension.internal.manager.DefaultExtensionManager - Discovered 1 extensions
2018-01-05 13:33:26,145 [main] INFO  org.mule.module.extension.internal.manager.DefaultExtensionManager - Registering extension validation (version 3.8)
2018-01-05 13:33:26,283 [main] INFO  org.mule.config.spring.MuleArtifactContext - Refreshing org.mule.config.spring.MuleArtifactContext@3d6300e8: startup date [Fri Jan 05 13:33:26 IST 2018]; root of context hierarchy
2018-01-05 13:33:28,515 [main] INFO  org.mule.config.spring.processors.NoDevkitInjectorProcessor - JSR-330 'javax.inject.Inject' annotation found and supported for autowiring
2018-01-05 13:33:29,773 [main] WARN  org.mule.module.ognl.expression.OgnlExpressionEvaluator - OGNL module is deprecated and will be removed in Mule 4.0. Use MEL expressions instead.
2018-01-05 13:33:30,814 [main] INFO  org.mule.util.journal.TransactionJournal - Using files for tx logs C:\Users\M1043231\AnypointStudio\workspace\.mule\.\.mule\soap1\queue-tx-log\tx1.log and C:\Users\M1043231\AnypointStudio\workspace\.mule\.\.mule\soap1\queue-tx-log\tx2.log
2018-01-05 13:33:30,843 [main] INFO  org.mule.util.journal.TransactionJournal - Using files for tx logs C:\Users\M1043231\AnypointStudio\workspace\.mule\.\.mule\soap1\queue-xa-tx-log\tx1.log and C:\Users\M1043231\AnypointStudio\workspace\.mule\.\.mule\soap1\queue-xa-tx-log\tx2.log
2018-01-05 13:33:31,029 [main] INFO  org.mule.lifecycle.AbstractLifecycleManager - Initialising model: _muleSystemModel
2018-01-05 13:33:31,029 [main] INFO  org.mule.construct.FlowConstructLifecycleManager - Initialising flow: soap1Flow
2018-01-05 13:33:31,029 [main] INFO  org.mule.exception.DefaultMessagingExceptionStrategy - Initialising exception listener: org.mule.exception.DefaultMessagingExceptionStrategy@6436e181
2018-01-05 13:33:31,107 [main] INFO  org.mule.processor.SedaStageLifecycleManager - Initialising service: soap1Flow.stage1
2018-01-05 13:33:31,186 [main] INFO  org.mule.module.cxf.config.WebServiceFactoryBean - Built CXF Inbound MessageProcessor for service class com.main1.SoapInter
2018-01-05 13:33:32,299 [main] INFO  org.mule.component.ComponentLifecycleManager - Initialising component: component.1859142611
2018-01-05 13:33:32,801 [main] INFO  org.mule.config.spring.SpringXmlConfigurationBuilder - Configured Mule using "org.mule.config.spring.SpringXmlConfigurationBuilder" with configuration resource(s): "[ConfigResource{resourceName='C:\Users\M1043231\AnypointStudio\workspace\.mule\apps\soap1\soap1.xml'}]"
2018-01-05 13:33:32,801 [main] INFO  org.mule.config.builders.AutoConfigurationBuilder - Configured Mule using "org.mule.config.builders.AutoConfigurationBuilder" with configuration resource(s): "[ConfigResource{resourceName='C:\Users\M1043231\AnypointStudio\workspace\.mule\apps\soap1\soap1.xml'}]"
2018-01-05 13:33:35,877 [main] INFO  org.mule.module.launcher.application.DefaultMuleApplication - 
++++++++++++++++++++++++++++++++++++++++++++++++++++++++++++
+ Starting app 'soap1'                                     +
++++++++++++++++++++++++++++++++++++++++++++++++++++++++++++
2018-01-05 13:33:35,882 [main] INFO  org.mule.util.queue.QueueXaResourceManager - Starting ResourceManager
2018-01-05 13:33:35,882 [main] INFO  org.mule.util.queue.QueueXaResourceManager - Started ResourceManager
2018-01-05 13:33:35,937 [main] INFO  org.mule.module.http.internal.listener.DefaultHttpListenerConfig - Listening for requests on http://0.0.0.0:8081
2018-01-05 13:33:35,937 [main] INFO  org.mule.modules.oauth2.provider.agents.DefaultSplashScreenAgent - 
++++++++++++++++++++++++++++++++++++++++++++++++++++++++++++++++++++++++++++++++
+ DevKit Extensions (0) used in this application 
                             +
++++++++++++++++++++++++++++++++++++++++++++++++++++++++++++++++++++++++++++++++
2018-01-05 13:33:35,953 [main] INFO  org.mule.lifecycle.AbstractLifecycleManager - Starting model: _muleSystemModel
2018-01-05 13:33:35,953 [main] INFO  org.mule.construct.FlowConstructLifecycleManager - Starting flow: soap1Flow
2018-01-05 13:33:35,953 [main] INFO  org.mule.processor.SedaStageLifecycleManager - Starting service: soap1Flow.stage1
2018-01-05 13:33:35,953 [main] INFO  org.mule.component.ComponentLifecycleManager - Starting component: component.1859142611
2018-01-05 13:33:36,031 [main] INFO  org.mule.module.management.agent.WrapperManagerAgent - This JVM hasn't been launched by the wrapper, the agent will not run.
2018-01-05 13:33:40,609 [main] INFO  org.mule.DefaultMuleContext - 
**********************************************************************
* Application: soap1                                                 *
* OS encoding: \, Mule encoding: UTF-8                               *
*                                                                    *
* Agents Running:                                                    *
*   DevKit Extension Information                                     *
*   JMX Agent                                                        *
*   Batch module default engine                                      *
*   Wrapper Manager                                                  *
**********************************************************************
2018-01-05 14:14:22,789 [main] INFO  org.mule.module.launcher.application.DefaultMuleApplication - 
++++++++++++++++++++++++++++++++++++++++++++++++++++++++++++
+ Initializing app 'soap1'                                 +
++++++++++++++++++++++++++++++++++++++++++++++++++++++++++++
2018-01-05 14:14:23,099 [main] INFO  org.mule.lifecycle.AbstractLifecycleManager - Initialising RegistryBroker
2018-01-05 14:14:23,289 [main] INFO  org.mule.module.extension.internal.manager.DefaultExtensionManager - Starting discovery of extensions
2018-01-05 14:14:23,474 [main] INFO  org.mule.module.extension.internal.manager.DefaultExtensionManager - Discovered 1 extensions
2018-01-05 14:14:23,489 [main] INFO  org.mule.module.extension.internal.manager.DefaultExtensionManager - Registering extension validation (version 3.8)
2018-01-05 14:14:23,614 [main] INFO  org.mule.config.spring.MuleArtifactContext - Refreshing org.mule.config.spring.MuleArtifactContext@3d6300e8: startup date [Fri Jan 05 14:14:23 IST 2018]; root of context hierarchy
2018-01-05 14:14:25,869 [main] INFO  org.mule.config.spring.processors.NoDevkitInjectorProcessor - JSR-330 'javax.inject.Inject' annotation found and supported for autowiring
2018-01-05 14:14:27,443 [main] WARN  org.mule.module.ognl.expression.OgnlExpressionEvaluator - OGNL module is deprecated and will be removed in Mule 4.0. Use MEL expressions instead.
2018-01-05 14:14:28,442 [main] INFO  org.mule.util.journal.TransactionJournal - Using files for tx logs C:\Users\M1043231\AnypointStudio\workspace\.mule\.\.mule\soap1\queue-tx-log\tx1.log and C:\Users\M1043231\AnypointStudio\workspace\.mule\.\.mule\soap1\queue-tx-log\tx2.log
2018-01-05 14:14:28,458 [main] INFO  org.mule.util.journal.TransactionJournal - Using files for tx logs C:\Users\M1043231\AnypointStudio\workspace\.mule\.\.mule\soap1\queue-xa-tx-log\tx1.log and C:\Users\M1043231\AnypointStudio\workspace\.mule\.\.mule\soap1\queue-xa-tx-log\tx2.log
2018-01-05 14:14:28,599 [main] INFO  org.mule.lifecycle.AbstractLifecycleManager - Initialising model: _muleSystemModel
2018-01-05 14:14:28,615 [main] INFO  org.mule.construct.FlowConstructLifecycleManager - Initialising flow: soap1Flow
2018-01-05 14:14:28,615 [main] INFO  org.mule.exception.DefaultMessagingExceptionStrategy - Initialising exception listener: org.mule.exception.DefaultMessagingExceptionStrategy@6436e181
2018-01-05 14:14:28,670 [main] INFO  org.mule.processor.SedaStageLifecycleManager - Initialising service: soap1Flow.stage1
2018-01-05 14:14:28,758 [main] INFO  org.mule.module.cxf.config.WebServiceFactoryBean - Built CXF Inbound MessageProcessor for service class com.main1.SoapInter
2018-01-05 14:14:29,990 [main] INFO  org.mule.component.ComponentLifecycleManager - Initialising component: component.1859142611
2018-01-05 14:14:30,411 [main] INFO  org.mule.config.spring.SpringXmlConfigurationBuilder - Configured Mule using "org.mule.config.spring.SpringXmlConfigurationBuilder" with configuration resource(s): "[ConfigResource{resourceName='C:\Users\M1043231\AnypointStudio\workspace\.mule\apps\soap1\soap1.xml'}]"
2018-01-05 14:14:30,411 [main] INFO  org.mule.config.builders.AutoConfigurationBuilder - Configured Mule using "org.mule.config.builders.AutoConfigurationBuilder" with configuration resource(s): "[ConfigResource{resourceName='C:\Users\M1043231\AnypointStudio\workspace\.mule\apps\soap1\soap1.xml'}]"
2018-01-05 14:14:33,444 [main] INFO  org.mule.module.launcher.application.DefaultMuleApplication - 
++++++++++++++++++++++++++++++++++++++++++++++++++++++++++++
+ Starting app 'soap1'                                     +
++++++++++++++++++++++++++++++++++++++++++++++++++++++++++++
2018-01-05 14:14:33,452 [main] INFO  org.mule.util.queue.QueueXaResourceManager - Starting ResourceManager
2018-01-05 14:14:33,452 [main] INFO  org.mule.util.queue.QueueXaResourceManager - Started ResourceManager
2018-01-05 14:14:33,546 [main] INFO  org.mule.module.http.internal.listener.DefaultHttpListenerConfig - Listening for requests on http://0.0.0.0:8081
2018-01-05 14:14:33,562 [main] INFO  org.mule.modules.oauth2.provider.agents.DefaultSplashScreenAgent - 
++++++++++++++++++++++++++++++++++++++++++++++++++++++++++++++++++++++++++++++++
+ DevKit Extensions (0) used in this application 
                             +
++++++++++++++++++++++++++++++++++++++++++++++++++++++++++++++++++++++++++++++++
2018-01-05 14:14:33,562 [main] INFO  org.mule.lifecycle.AbstractLifecycleManager - Starting model: _muleSystemModel
2018-01-05 14:14:33,562 [main] INFO  org.mule.construct.FlowConstructLifecycleManager - Starting flow: soap1Flow
2018-01-05 14:14:33,562 [main] INFO  org.mule.processor.SedaStageLifecycleManager - Starting service: soap1Flow.stage1
2018-01-05 14:14:33,577 [main] INFO  org.mule.component.ComponentLifecycleManager - Starting component: component.1859142611
2018-01-05 14:14:33,701 [main] INFO  org.mule.module.management.agent.WrapperManagerAgent - This JVM hasn't been launched by the wrapper, the agent will not run.
2018-01-05 14:14:33,735 [main] INFO  org.mule.DefaultMuleContext - 
**********************************************************************
* Application: soap1                                                 *
* OS encoding: \, Mule encoding: UTF-8                               *
*                                                                    *
* Agents Running:                                                    *
*   DevKit Extension Information                                     *
*   JMX Agent                                                        *
*   Batch module default engine                                      *
*   Wrapper Manager                                                  *
**********************************************************************
