2018-01-02 10:59:37,472 [main] INFO  org.mule.module.launcher.application.DefaultMuleApplication - 
++++++++++++++++++++++++++++++++++++++++++++++++++++++++++++
+ Initializing app 'transform'                             +
++++++++++++++++++++++++++++++++++++++++++++++++++++++++++++
2018-01-02 10:59:37,755 [main] INFO  org.mule.lifecycle.AbstractLifecycleManager - Initialising RegistryBroker
2018-01-02 10:59:38,001 [main] INFO  org.mule.module.extension.internal.manager.DefaultExtensionManager - Starting discovery of extensions
2018-01-02 10:59:38,228 [main] INFO  org.mule.module.extension.internal.manager.DefaultExtensionManager - Discovered 1 extensions
2018-01-02 10:59:38,228 [main] INFO  org.mule.module.extension.internal.manager.DefaultExtensionManager - Registering extension validation (version 3.8)
2018-01-02 10:59:38,387 [main] INFO  org.mule.config.spring.MuleArtifactContext - Refreshing org.mule.config.spring.MuleArtifactContext@24a1c17f: startup date [Tue Jan 02 10:59:38 IST 2018]; root of context hierarchy
2018-01-02 10:59:40,462 [main] INFO  org.mule.config.spring.processors.NoDevkitInjectorProcessor - JSR-330 'javax.inject.Inject' annotation found and supported for autowiring
2018-01-02 10:59:40,934 [main] WARN  org.mule.expression.DefaultExpressionManager - Expression string is not an expression.  Use isExpression(String) to validate first
2018-01-02 10:59:40,934 [main] WARN  org.mule.expression.DefaultExpressionManager - Expression string is not an expression.  Use isExpression(String) to validate first
2018-01-02 10:59:40,934 [main] WARN  org.mule.expression.DefaultExpressionManager - Expression string is not an expression.  Use isExpression(String) to validate first
2018-01-02 10:59:40,934 [main] WARN  org.mule.expression.DefaultExpressionManager - Expression string is not an expression.  Use isExpression(String) to validate first
2018-01-02 10:59:41,498 [main] WARN  org.mule.module.ognl.expression.OgnlExpressionEvaluator - OGNL module is deprecated and will be removed in Mule 4.0. Use MEL expressions instead.
2018-01-02 10:59:42,483 [main] INFO  org.mule.util.journal.TransactionJournal - Using files for tx logs C:\Users\M1043231\AnypointStudio\workspace\.mule\.\.mule\transform\queue-tx-log\tx1.log and C:\Users\M1043231\AnypointStudio\workspace\.mule\.\.mule\transform\queue-tx-log\tx2.log
2018-01-02 10:59:42,498 [main] INFO  org.mule.util.journal.TransactionJournal - Using files for tx logs C:\Users\M1043231\AnypointStudio\workspace\.mule\.\.mule\transform\queue-xa-tx-log\tx1.log and C:\Users\M1043231\AnypointStudio\workspace\.mule\.\.mule\transform\queue-xa-tx-log\tx2.log
2018-01-02 10:59:42,639 [main] INFO  org.mule.lifecycle.AbstractLifecycleManager - Initialising model: _muleSystemModel
2018-01-02 10:59:42,647 [main] INFO  org.mule.construct.FlowConstructLifecycleManager - Initialising flow: transformFlow
2018-01-02 10:59:42,647 [main] INFO  org.mule.exception.DefaultMessagingExceptionStrategy - Initialising exception listener: org.mule.exception.DefaultMessagingExceptionStrategy@20580d4e
2018-01-02 10:59:42,678 [main] INFO  org.mule.processor.SedaStageLifecycleManager - Initialising service: transformFlow.stage1
2018-01-02 10:59:43,108 [main] INFO  org.mule.config.spring.SpringXmlConfigurationBuilder - Configured Mule using "org.mule.config.spring.SpringXmlConfigurationBuilder" with configuration resource(s): "[ConfigResource{resourceName='C:\Users\M1043231\AnypointStudio\workspace\.mule\apps\transform\transform.xml'}]"
2018-01-02 10:59:43,108 [main] INFO  org.mule.config.builders.AutoConfigurationBuilder - Configured Mule using "org.mule.config.builders.AutoConfigurationBuilder" with configuration resource(s): "[ConfigResource{resourceName='C:\Users\M1043231\AnypointStudio\workspace\.mule\apps\transform\transform.xml'}]"
2018-01-02 10:59:46,138 [main] INFO  org.mule.module.launcher.application.DefaultMuleApplication - 
++++++++++++++++++++++++++++++++++++++++++++++++++++++++++++
+ Starting app 'transform'                                 +
++++++++++++++++++++++++++++++++++++++++++++++++++++++++++++
2018-01-02 10:59:46,149 [main] INFO  org.mule.util.queue.QueueXaResourceManager - Starting ResourceManager
2018-01-02 10:59:46,149 [main] INFO  org.mule.util.queue.QueueXaResourceManager - Started ResourceManager
2018-01-02 10:59:46,237 [main] INFO  org.mule.module.http.internal.listener.DefaultHttpListenerConfig - Listening for requests on http://0.0.0.0:8081
2018-01-02 10:59:46,240 [main] INFO  org.mule.modules.oauth2.provider.agents.DefaultSplashScreenAgent - 
++++++++++++++++++++++++++++++++++++++++++++++++++++++++++++++++++++++++++++++++
+ DevKit Extensions (0) used in this application 
                             +
++++++++++++++++++++++++++++++++++++++++++++++++++++++++++++++++++++++++++++++++
2018-01-02 10:59:46,243 [main] INFO  org.mule.lifecycle.AbstractLifecycleManager - Starting model: _muleSystemModel
2018-01-02 10:59:46,243 [main] INFO  org.mule.construct.FlowConstructLifecycleManager - Starting flow: transformFlow
2018-01-02 10:59:46,243 [main] INFO  org.mule.processor.SedaStageLifecycleManager - Starting service: transformFlow.stage1
2018-01-02 10:59:46,302 [main] INFO  org.mule.module.management.agent.WrapperManagerAgent - This JVM hasn't been launched by the wrapper, the agent will not run.
2018-01-02 10:59:46,311 [main] INFO  org.mule.DefaultMuleContext - 
**********************************************************************
* Application: transform                                             *
* OS encoding: \, Mule encoding: UTF-8                               *
*                                                                    *
* Agents Running:                                                    *
*   DevKit Extension Information                                     *
*   JMX Agent                                                        *
*   Batch module default engine                                      *
*   Wrapper Manager                                                  *
**********************************************************************
2018-01-02 11:01:31,551 [Mule.app.deployer.monitor.1.thread.1] INFO  org.mule.module.launcher.application.DefaultMuleApplication - 
++++++++++++++++++++++++++++++++++++++++++++++++++++++++++++
+ Stopping app 'transform'                                 +
++++++++++++++++++++++++++++++++++++++++++++++++++++++++++++
2018-01-02 11:01:31,551 [Mule.app.deployer.monitor.1.thread.1] INFO  org.mule.construct.FlowConstructLifecycleManager - Stopping flow: transformFlow
2018-01-02 11:01:31,551 [Mule.app.deployer.monitor.1.thread.1] INFO  org.mule.processor.SedaStageLifecycleManager - Stopping service: transformFlow.stage1
2018-01-02 11:01:31,598 [Mule.app.deployer.monitor.1.thread.1] INFO  org.mule.lifecycle.AbstractLifecycleManager - Stopping model: _muleSystemModel
2018-01-02 11:01:31,598 [Mule.app.deployer.monitor.1.thread.1] INFO  org.mule.module.http.internal.listener.DefaultHttpListenerConfig - Stopped listener on http://0.0.0.0:8081
2018-01-02 11:01:31,598 [Mule.app.deployer.monitor.1.thread.1] INFO  org.mule.util.queue.QueueXaResourceManager - Stopping ResourceManager
2018-01-02 11:01:31,598 [Mule.app.deployer.monitor.1.thread.1] INFO  org.mule.util.queue.QueueXaResourceManager - Stopped ResourceManager
2018-01-02 11:01:31,598 [Mule.app.deployer.monitor.1.thread.1] INFO  org.mule.module.launcher.application.DefaultMuleApplication - 
++++++++++++++++++++++++++++++++++++++++++++++++++++++++++++
+ Disposing app 'transform'                                +
++++++++++++++++++++++++++++++++++++++++++++++++++++++++++++
2018-01-02 11:01:31,614 [Mule.app.deployer.monitor.1.thread.1] INFO  org.mule.lifecycle.AbstractLifecycleManager - Disposing RegistryBroker
2018-01-02 11:01:31,614 [Mule.app.deployer.monitor.1.thread.1] INFO  org.mule.construct.FlowConstructLifecycleManager - Disposing flow: transformFlow
2018-01-02 11:01:31,614 [Mule.app.deployer.monitor.1.thread.1] INFO  org.mule.processor.SedaStageLifecycleManager - Disposing service: transformFlow.stage1
2018-01-02 11:01:31,614 [Mule.app.deployer.monitor.1.thread.1] INFO  org.mule.lifecycle.AbstractLifecycleManager - Disposing model: _muleSystemModel
2018-01-02 11:01:31,784 [Mule.app.deployer.monitor.1.thread.1] INFO  org.mule.config.spring.MuleArtifactContext - Closing org.mule.config.spring.MuleArtifactContext@24a1c17f: startup date [Tue Jan 02 10:59:38 IST 2018]; root of context hierarchy
2018-01-02 11:01:31,803 [Mule.app.deployer.monitor.1.thread.1] INFO  org.mule.DefaultMuleContext - 
**********************************************************************
* Application "transform" shut down normally on: 1/2/18 11:01 AM     *
* Up for: 0 days, 0 hours, 1 mins, 45.662 sec                        *
**********************************************************************
2018-01-02 11:01:36,919 [main] INFO  org.mule.module.launcher.application.DefaultMuleApplication - 
++++++++++++++++++++++++++++++++++++++++++++++++++++++++++++
+ Initializing app 'transform'                             +
++++++++++++++++++++++++++++++++++++++++++++++++++++++++++++
2018-01-02 11:01:37,169 [main] INFO  org.mule.lifecycle.AbstractLifecycleManager - Initialising RegistryBroker
2018-01-02 11:01:37,339 [main] INFO  org.mule.module.extension.internal.manager.DefaultExtensionManager - Starting discovery of extensions
2018-01-02 11:01:37,562 [main] INFO  org.mule.module.extension.internal.manager.DefaultExtensionManager - Discovered 1 extensions
2018-01-02 11:01:37,562 [main] INFO  org.mule.module.extension.internal.manager.DefaultExtensionManager - Registering extension validation (version 3.8)
2018-01-02 11:01:37,743 [main] INFO  org.mule.config.spring.MuleArtifactContext - Refreshing org.mule.config.spring.MuleArtifactContext@24a1c17f: startup date [Tue Jan 02 11:01:37 IST 2018]; root of context hierarchy
2018-01-02 11:01:39,857 [main] INFO  org.mule.config.spring.processors.NoDevkitInjectorProcessor - JSR-330 'javax.inject.Inject' annotation found and supported for autowiring
2018-01-02 11:01:40,327 [main] WARN  org.mule.expression.DefaultExpressionManager - Expression string is not an expression.  Use isExpression(String) to validate first
2018-01-02 11:01:40,327 [main] WARN  org.mule.expression.DefaultExpressionManager - Expression string is not an expression.  Use isExpression(String) to validate first
2018-01-02 11:01:40,327 [main] WARN  org.mule.expression.DefaultExpressionManager - Expression string is not an expression.  Use isExpression(String) to validate first
2018-01-02 11:01:40,327 [main] WARN  org.mule.expression.DefaultExpressionManager - Expression string is not an expression.  Use isExpression(String) to validate first
2018-01-02 11:01:40,908 [main] WARN  org.mule.module.ognl.expression.OgnlExpressionEvaluator - OGNL module is deprecated and will be removed in Mule 4.0. Use MEL expressions instead.
2018-01-02 11:01:41,903 [main] INFO  org.mule.util.journal.TransactionJournal - Using files for tx logs C:\Users\M1043231\AnypointStudio\workspace\.mule\.\.mule\transform\queue-tx-log\tx1.log and C:\Users\M1043231\AnypointStudio\workspace\.mule\.\.mule\transform\queue-tx-log\tx2.log
2018-01-02 11:01:41,918 [main] INFO  org.mule.util.journal.TransactionJournal - Using files for tx logs C:\Users\M1043231\AnypointStudio\workspace\.mule\.\.mule\transform\queue-xa-tx-log\tx1.log and C:\Users\M1043231\AnypointStudio\workspace\.mule\.\.mule\transform\queue-xa-tx-log\tx2.log
2018-01-02 11:01:42,059 [main] INFO  org.mule.lifecycle.AbstractLifecycleManager - Initialising model: _muleSystemModel
2018-01-02 11:01:42,070 [main] INFO  org.mule.construct.FlowConstructLifecycleManager - Initialising flow: transformFlow
2018-01-02 11:01:42,070 [main] INFO  org.mule.exception.DefaultMessagingExceptionStrategy - Initialising exception listener: org.mule.exception.DefaultMessagingExceptionStrategy@38d08cb5
2018-01-02 11:01:42,101 [main] INFO  org.mule.processor.SedaStageLifecycleManager - Initialising service: transformFlow.stage1
2018-01-02 11:01:42,739 [main] INFO  org.mule.config.spring.SpringXmlConfigurationBuilder - Configured Mule using "org.mule.config.spring.SpringXmlConfigurationBuilder" with configuration resource(s): "[ConfigResource{resourceName='C:\Users\M1043231\AnypointStudio\workspace\.mule\apps\transform\transform.xml'}]"
2018-01-02 11:01:42,739 [main] INFO  org.mule.config.builders.AutoConfigurationBuilder - Configured Mule using "org.mule.config.builders.AutoConfigurationBuilder" with configuration resource(s): "[ConfigResource{resourceName='C:\Users\M1043231\AnypointStudio\workspace\.mule\apps\transform\transform.xml'}]"
2018-01-02 11:01:45,770 [main] INFO  org.mule.module.launcher.application.DefaultMuleApplication - 
++++++++++++++++++++++++++++++++++++++++++++++++++++++++++++
+ Starting app 'transform'                                 +
++++++++++++++++++++++++++++++++++++++++++++++++++++++++++++
2018-01-02 11:01:45,777 [main] INFO  org.mule.util.queue.QueueXaResourceManager - Starting ResourceManager
2018-01-02 11:01:45,777 [main] INFO  org.mule.util.queue.QueueXaResourceManager - Started ResourceManager
2018-01-02 11:01:45,855 [main] INFO  org.mule.module.http.internal.listener.DefaultHttpListenerConfig - Listening for requests on http://0.0.0.0:8081
2018-01-02 11:01:45,855 [main] INFO  org.mule.modules.oauth2.provider.agents.DefaultSplashScreenAgent - 
++++++++++++++++++++++++++++++++++++++++++++++++++++++++++++++++++++++++++++++++
+ DevKit Extensions (0) used in this application 
                             +
++++++++++++++++++++++++++++++++++++++++++++++++++++++++++++++++++++++++++++++++
2018-01-02 11:01:45,855 [main] INFO  org.mule.lifecycle.AbstractLifecycleManager - Starting model: _muleSystemModel
2018-01-02 11:01:45,855 [main] INFO  org.mule.construct.FlowConstructLifecycleManager - Starting flow: transformFlow
2018-01-02 11:01:45,855 [main] INFO  org.mule.processor.SedaStageLifecycleManager - Starting service: transformFlow.stage1
2018-01-02 11:01:45,918 [main] INFO  org.mule.module.management.agent.WrapperManagerAgent - This JVM hasn't been launched by the wrapper, the agent will not run.
2018-01-02 11:01:45,949 [main] INFO  org.mule.DefaultMuleContext - 
**********************************************************************
* Application: transform                                             *
* OS encoding: \, Mule encoding: UTF-8                               *
*                                                                    *
* Agents Running:                                                    *
*   DevKit Extension Information                                     *
*   JMX Agent                                                        *
*   Batch module default engine                                      *
*   Wrapper Manager                                                  *
**********************************************************************
2018-01-02 11:04:40,260 [main] INFO  org.mule.module.launcher.application.DefaultMuleApplication - 
++++++++++++++++++++++++++++++++++++++++++++++++++++++++++++
+ Initializing app 'transform'                             +
++++++++++++++++++++++++++++++++++++++++++++++++++++++++++++
2018-01-02 11:04:40,555 [main] INFO  org.mule.lifecycle.AbstractLifecycleManager - Initialising RegistryBroker
2018-01-02 11:04:40,743 [main] INFO  org.mule.module.extension.internal.manager.DefaultExtensionManager - Starting discovery of extensions
2018-01-02 11:04:40,946 [main] INFO  org.mule.module.extension.internal.manager.DefaultExtensionManager - Discovered 1 extensions
2018-01-02 11:04:40,946 [main] INFO  org.mule.module.extension.internal.manager.DefaultExtensionManager - Registering extension validation (version 3.8)
2018-01-02 11:04:41,102 [main] INFO  org.mule.config.spring.MuleArtifactContext - Refreshing org.mule.config.spring.MuleArtifactContext@24a1c17f: startup date [Tue Jan 02 11:04:41 IST 2018]; root of context hierarchy
2018-01-02 11:04:43,430 [main] INFO  org.mule.config.spring.processors.NoDevkitInjectorProcessor - JSR-330 'javax.inject.Inject' annotation found and supported for autowiring
2018-01-02 11:04:44,044 [main] WARN  org.mule.expression.DefaultExpressionManager - Expression string is not an expression.  Use isExpression(String) to validate first
2018-01-02 11:04:44,044 [main] WARN  org.mule.expression.DefaultExpressionManager - Expression string is not an expression.  Use isExpression(String) to validate first
2018-01-02 11:04:44,044 [main] WARN  org.mule.expression.DefaultExpressionManager - Expression string is not an expression.  Use isExpression(String) to validate first
2018-01-02 11:04:44,044 [main] WARN  org.mule.expression.DefaultExpressionManager - Expression string is not an expression.  Use isExpression(String) to validate first
2018-01-02 11:04:44,682 [main] WARN  org.mule.module.ognl.expression.OgnlExpressionEvaluator - OGNL module is deprecated and will be removed in Mule 4.0. Use MEL expressions instead.
2018-01-02 11:04:45,808 [main] INFO  org.mule.util.journal.TransactionJournal - Using files for tx logs C:\Users\M1043231\AnypointStudio\workspace\.mule\.\.mule\transform\queue-tx-log\tx1.log and C:\Users\M1043231\AnypointStudio\workspace\.mule\.\.mule\transform\queue-tx-log\tx2.log
2018-01-02 11:04:45,837 [main] INFO  org.mule.util.journal.TransactionJournal - Using files for tx logs C:\Users\M1043231\AnypointStudio\workspace\.mule\.\.mule\transform\queue-xa-tx-log\tx1.log and C:\Users\M1043231\AnypointStudio\workspace\.mule\.\.mule\transform\queue-xa-tx-log\tx2.log
2018-01-02 11:04:45,962 [main] INFO  org.mule.lifecycle.AbstractLifecycleManager - Initialising model: _muleSystemModel
2018-01-02 11:04:45,978 [main] INFO  org.mule.construct.FlowConstructLifecycleManager - Initialising flow: transformFlow
2018-01-02 11:04:45,978 [main] INFO  org.mule.exception.DefaultMessagingExceptionStrategy - Initialising exception listener: org.mule.exception.DefaultMessagingExceptionStrategy@2a235b8e
2018-01-02 11:04:46,009 [main] INFO  org.mule.processor.SedaStageLifecycleManager - Initialising service: transformFlow.stage1
2018-01-02 11:04:46,719 [main] INFO  org.mule.config.spring.SpringXmlConfigurationBuilder - Configured Mule using "org.mule.config.spring.SpringXmlConfigurationBuilder" with configuration resource(s): "[ConfigResource{resourceName='C:\Users\M1043231\AnypointStudio\workspace\.mule\apps\transform\transform.xml'}]"
2018-01-02 11:04:46,719 [main] INFO  org.mule.config.builders.AutoConfigurationBuilder - Configured Mule using "org.mule.config.builders.AutoConfigurationBuilder" with configuration resource(s): "[ConfigResource{resourceName='C:\Users\M1043231\AnypointStudio\workspace\.mule\apps\transform\transform.xml'}]"
2018-01-02 11:04:49,760 [main] INFO  org.mule.module.launcher.application.DefaultMuleApplication - 
++++++++++++++++++++++++++++++++++++++++++++++++++++++++++++
+ Starting app 'transform'                                 +
++++++++++++++++++++++++++++++++++++++++++++++++++++++++++++
2018-01-02 11:04:49,768 [main] INFO  org.mule.util.queue.QueueXaResourceManager - Starting ResourceManager
2018-01-02 11:04:49,768 [main] INFO  org.mule.util.queue.QueueXaResourceManager - Started ResourceManager
2018-01-02 11:04:49,886 [main] INFO  org.mule.module.http.internal.listener.DefaultHttpListenerConfig - Listening for requests on http://0.0.0.0:8081
2018-01-02 11:04:49,886 [main] INFO  org.mule.modules.oauth2.provider.agents.DefaultSplashScreenAgent - 
++++++++++++++++++++++++++++++++++++++++++++++++++++++++++++++++++++++++++++++++
+ DevKit Extensions (0) used in this application 
                             +
++++++++++++++++++++++++++++++++++++++++++++++++++++++++++++++++++++++++++++++++
2018-01-02 11:04:49,886 [main] INFO  org.mule.lifecycle.AbstractLifecycleManager - Starting model: _muleSystemModel
2018-01-02 11:04:49,902 [main] INFO  org.mule.construct.FlowConstructLifecycleManager - Starting flow: transformFlow
2018-01-02 11:04:49,902 [main] INFO  org.mule.processor.SedaStageLifecycleManager - Starting service: transformFlow.stage1
2018-01-02 11:04:49,949 [main] INFO  org.mule.module.management.agent.WrapperManagerAgent - This JVM hasn't been launched by the wrapper, the agent will not run.
2018-01-02 11:04:49,980 [main] INFO  org.mule.DefaultMuleContext - 
**********************************************************************
* Application: transform                                             *
* OS encoding: \, Mule encoding: UTF-8                               *
*                                                                    *
* Agents Running:                                                    *
*   DevKit Extension Information                                     *
*   JMX Agent                                                        *
*   Batch module default engine                                      *
*   Wrapper Manager                                                  *
**********************************************************************
2018-01-02 11:33:44,479 [main] INFO  org.mule.module.launcher.application.DefaultMuleApplication - 
++++++++++++++++++++++++++++++++++++++++++++++++++++++++++++
+ Initializing app 'transform'                             +
++++++++++++++++++++++++++++++++++++++++++++++++++++++++++++
2018-01-02 11:33:44,835 [main] INFO  org.mule.lifecycle.AbstractLifecycleManager - Initialising RegistryBroker
2018-01-02 11:33:45,082 [main] INFO  org.mule.module.extension.internal.manager.DefaultExtensionManager - Starting discovery of extensions
2018-01-02 11:33:45,290 [main] INFO  org.mule.module.extension.internal.manager.DefaultExtensionManager - Discovered 1 extensions
2018-01-02 11:33:45,290 [main] INFO  org.mule.module.extension.internal.manager.DefaultExtensionManager - Registering extension validation (version 3.8)
2018-01-02 11:33:45,440 [main] INFO  org.mule.config.spring.MuleArtifactContext - Refreshing org.mule.config.spring.MuleArtifactContext@24a1c17f: startup date [Tue Jan 02 11:33:45 IST 2018]; root of context hierarchy
2018-01-02 11:33:47,659 [main] INFO  org.mule.config.spring.processors.NoDevkitInjectorProcessor - JSR-330 'javax.inject.Inject' annotation found and supported for autowiring
2018-01-02 11:33:48,233 [main] WARN  org.mule.expression.DefaultExpressionManager - Expression string is not an expression.  Use isExpression(String) to validate first
2018-01-02 11:33:48,233 [main] WARN  org.mule.expression.DefaultExpressionManager - Expression string is not an expression.  Use isExpression(String) to validate first
2018-01-02 11:33:48,237 [main] WARN  org.mule.expression.DefaultExpressionManager - Expression string is not an expression.  Use isExpression(String) to validate first
2018-01-02 11:33:48,237 [main] WARN  org.mule.expression.DefaultExpressionManager - Expression string is not an expression.  Use isExpression(String) to validate first
2018-01-02 11:33:49,267 [main] WARN  org.mule.module.ognl.expression.OgnlExpressionEvaluator - OGNL module is deprecated and will be removed in Mule 4.0. Use MEL expressions instead.
2018-01-02 11:33:50,583 [main] INFO  org.mule.util.journal.TransactionJournal - Using files for tx logs C:\Users\M1043231\AnypointStudio\workspace\.mule\.\.mule\transform\queue-tx-log\tx1.log and C:\Users\M1043231\AnypointStudio\workspace\.mule\.\.mule\transform\queue-tx-log\tx2.log
2018-01-02 11:33:50,608 [main] INFO  org.mule.util.journal.TransactionJournal - Using files for tx logs C:\Users\M1043231\AnypointStudio\workspace\.mule\.\.mule\transform\queue-xa-tx-log\tx1.log and C:\Users\M1043231\AnypointStudio\workspace\.mule\.\.mule\transform\queue-xa-tx-log\tx2.log
2018-01-02 11:33:50,792 [main] INFO  org.mule.lifecycle.AbstractLifecycleManager - Initialising model: _muleSystemModel
2018-01-02 11:33:50,804 [main] INFO  org.mule.construct.FlowConstructLifecycleManager - Initialising flow: transformFlow
2018-01-02 11:33:50,804 [main] INFO  org.mule.exception.DefaultMessagingExceptionStrategy - Initialising exception listener: org.mule.exception.DefaultMessagingExceptionStrategy@3ab35b9c
2018-01-02 11:33:50,866 [main] INFO  org.mule.processor.SedaStageLifecycleManager - Initialising service: transformFlow.stage1
2018-01-02 11:33:51,490 [main] INFO  org.mule.config.spring.SpringXmlConfigurationBuilder - Configured Mule using "org.mule.config.spring.SpringXmlConfigurationBuilder" with configuration resource(s): "[ConfigResource{resourceName='C:\Users\M1043231\AnypointStudio\workspace\.mule\apps\transform\transform.xml'}]"
2018-01-02 11:33:51,490 [main] INFO  org.mule.config.builders.AutoConfigurationBuilder - Configured Mule using "org.mule.config.builders.AutoConfigurationBuilder" with configuration resource(s): "[ConfigResource{resourceName='C:\Users\M1043231\AnypointStudio\workspace\.mule\apps\transform\transform.xml'}]"
2018-01-02 11:33:54,550 [main] INFO  org.mule.module.launcher.application.DefaultMuleApplication - 
++++++++++++++++++++++++++++++++++++++++++++++++++++++++++++
+ Starting app 'transform'                                 +
++++++++++++++++++++++++++++++++++++++++++++++++++++++++++++
2018-01-02 11:33:54,562 [main] INFO  org.mule.util.queue.QueueXaResourceManager - Starting ResourceManager
2018-01-02 11:33:54,562 [main] INFO  org.mule.util.queue.QueueXaResourceManager - Started ResourceManager
2018-01-02 11:33:54,640 [main] INFO  org.mule.module.http.internal.listener.DefaultHttpListenerConfig - Listening for requests on http://0.0.0.0:8081
2018-01-02 11:33:54,656 [main] INFO  org.mule.modules.oauth2.provider.agents.DefaultSplashScreenAgent - 
++++++++++++++++++++++++++++++++++++++++++++++++++++++++++++++++++++++++++++++++
+ DevKit Extensions (0) used in this application 
                             +
++++++++++++++++++++++++++++++++++++++++++++++++++++++++++++++++++++++++++++++++
2018-01-02 11:33:54,656 [main] INFO  org.mule.lifecycle.AbstractLifecycleManager - Starting model: _muleSystemModel
2018-01-02 11:33:54,656 [main] INFO  org.mule.construct.FlowConstructLifecycleManager - Starting flow: transformFlow
2018-01-02 11:33:54,656 [main] INFO  org.mule.processor.SedaStageLifecycleManager - Starting service: transformFlow.stage1
2018-01-02 11:33:54,752 [main] INFO  org.mule.module.management.agent.WrapperManagerAgent - This JVM hasn't been launched by the wrapper, the agent will not run.
2018-01-02 11:33:54,788 [main] INFO  org.mule.DefaultMuleContext - 
**********************************************************************
* Application: transform                                             *
* OS encoding: \, Mule encoding: UTF-8                               *
*                                                                    *
* Agents Running:                                                    *
*   DevKit Extension Information                                     *
*   JMX Agent                                                        *
*   Batch module default engine                                      *
*   Wrapper Manager                                                  *
**********************************************************************
2018-01-02 11:34:03,957 [[transform].HTTP_Listener_Configuration.worker.01] INFO  com.mulesoft.weave.mule.utils.MuleWeaveFactory$ - MimeType was not resolved '*/*' delegating to Java.
2018-01-02 11:36:06,379 [main] INFO  org.mule.module.launcher.application.DefaultMuleApplication - 
++++++++++++++++++++++++++++++++++++++++++++++++++++++++++++
+ Initializing app 'transform'                             +
++++++++++++++++++++++++++++++++++++++++++++++++++++++++++++
2018-01-02 11:36:06,661 [main] INFO  org.mule.lifecycle.AbstractLifecycleManager - Initialising RegistryBroker
2018-01-02 11:36:06,846 [main] INFO  org.mule.module.extension.internal.manager.DefaultExtensionManager - Starting discovery of extensions
2018-01-02 11:36:07,080 [main] INFO  org.mule.module.extension.internal.manager.DefaultExtensionManager - Discovered 1 extensions
2018-01-02 11:36:07,080 [main] INFO  org.mule.module.extension.internal.manager.DefaultExtensionManager - Registering extension validation (version 3.8)
2018-01-02 11:36:07,217 [main] INFO  org.mule.config.spring.MuleArtifactContext - Refreshing org.mule.config.spring.MuleArtifactContext@24a1c17f: startup date [Tue Jan 02 11:36:07 IST 2018]; root of context hierarchy
2018-01-02 11:36:09,534 [main] INFO  org.mule.config.spring.processors.NoDevkitInjectorProcessor - JSR-330 'javax.inject.Inject' annotation found and supported for autowiring
2018-01-02 11:36:10,111 [main] WARN  org.mule.expression.DefaultExpressionManager - Expression string is not an expression.  Use isExpression(String) to validate first
2018-01-02 11:36:10,111 [main] WARN  org.mule.expression.DefaultExpressionManager - Expression string is not an expression.  Use isExpression(String) to validate first
2018-01-02 11:36:10,111 [main] WARN  org.mule.expression.DefaultExpressionManager - Expression string is not an expression.  Use isExpression(String) to validate first
2018-01-02 11:36:10,111 [main] WARN  org.mule.expression.DefaultExpressionManager - Expression string is not an expression.  Use isExpression(String) to validate first
2018-01-02 11:36:11,160 [main] WARN  org.mule.module.ognl.expression.OgnlExpressionEvaluator - OGNL module is deprecated and will be removed in Mule 4.0. Use MEL expressions instead.
2018-01-02 11:36:12,506 [main] INFO  org.mule.util.journal.TransactionJournal - Using files for tx logs C:\Users\M1043231\AnypointStudio\workspace\.mule\.\.mule\transform\queue-tx-log\tx1.log and C:\Users\M1043231\AnypointStudio\workspace\.mule\.\.mule\transform\queue-tx-log\tx2.log
2018-01-02 11:36:12,528 [main] INFO  org.mule.util.journal.TransactionJournal - Using files for tx logs C:\Users\M1043231\AnypointStudio\workspace\.mule\.\.mule\transform\queue-xa-tx-log\tx1.log and C:\Users\M1043231\AnypointStudio\workspace\.mule\.\.mule\transform\queue-xa-tx-log\tx2.log
2018-01-02 11:36:12,700 [main] INFO  org.mule.lifecycle.AbstractLifecycleManager - Initialising model: _muleSystemModel
2018-01-02 11:36:12,700 [main] INFO  org.mule.construct.FlowConstructLifecycleManager - Initialising flow: transformFlow
2018-01-02 11:36:12,700 [main] INFO  org.mule.exception.DefaultMessagingExceptionStrategy - Initialising exception listener: org.mule.exception.DefaultMessagingExceptionStrategy@3ab35b9c
2018-01-02 11:36:12,762 [main] INFO  org.mule.processor.SedaStageLifecycleManager - Initialising service: transformFlow.stage1
2018-01-02 11:36:13,268 [main] INFO  org.mule.config.spring.SpringXmlConfigurationBuilder - Configured Mule using "org.mule.config.spring.SpringXmlConfigurationBuilder" with configuration resource(s): "[ConfigResource{resourceName='C:\Users\M1043231\AnypointStudio\workspace\.mule\apps\transform\transform.xml'}]"
2018-01-02 11:36:13,268 [main] INFO  org.mule.config.builders.AutoConfigurationBuilder - Configured Mule using "org.mule.config.builders.AutoConfigurationBuilder" with configuration resource(s): "[ConfigResource{resourceName='C:\Users\M1043231\AnypointStudio\workspace\.mule\apps\transform\transform.xml'}]"
2018-01-02 11:36:16,330 [main] INFO  org.mule.module.launcher.application.DefaultMuleApplication - 
++++++++++++++++++++++++++++++++++++++++++++++++++++++++++++
+ Starting app 'transform'                                 +
++++++++++++++++++++++++++++++++++++++++++++++++++++++++++++
2018-01-02 11:36:16,339 [main] INFO  org.mule.util.queue.QueueXaResourceManager - Starting ResourceManager
2018-01-02 11:36:16,339 [main] INFO  org.mule.util.queue.QueueXaResourceManager - Started ResourceManager
2018-01-02 11:36:16,464 [main] INFO  org.mule.module.http.internal.listener.DefaultHttpListenerConfig - Listening for requests on http://0.0.0.0:8081
2018-01-02 11:36:16,480 [main] INFO  org.mule.modules.oauth2.provider.agents.DefaultSplashScreenAgent - 
++++++++++++++++++++++++++++++++++++++++++++++++++++++++++++++++++++++++++++++++
+ DevKit Extensions (0) used in this application 
                             +
++++++++++++++++++++++++++++++++++++++++++++++++++++++++++++++++++++++++++++++++
2018-01-02 11:36:16,480 [main] INFO  org.mule.lifecycle.AbstractLifecycleManager - Starting model: _muleSystemModel
2018-01-02 11:36:16,480 [main] INFO  org.mule.construct.FlowConstructLifecycleManager - Starting flow: transformFlow
2018-01-02 11:36:16,480 [main] INFO  org.mule.processor.SedaStageLifecycleManager - Starting service: transformFlow.stage1
2018-01-02 11:36:16,558 [main] INFO  org.mule.module.management.agent.WrapperManagerAgent - This JVM hasn't been launched by the wrapper, the agent will not run.
2018-01-02 11:36:16,605 [main] INFO  org.mule.DefaultMuleContext - 
**********************************************************************
* Application: transform                                             *
* OS encoding: \, Mule encoding: UTF-8                               *
*                                                                    *
* Agents Running:                                                    *
*   DevKit Extension Information                                     *
*   JMX Agent                                                        *
*   Batch module default engine                                      *
*   Wrapper Manager                                                  *
**********************************************************************
2018-01-02 11:36:23,974 [[transform].HTTP_Listener_Configuration.worker.01] INFO  com.mulesoft.weave.mule.utils.MuleWeaveFactory$ - MimeType was not resolved '*/*' delegating to Java.
